<?xml version="1.0" encoding="UTF-8"?>
<robot generator="Robot 4.0 (Python 3.8.3 on win32)" generated="20210331 23:57:29.526" rpa="false" schemaversion="2">
<suite id="s1" name="OrgPolicy CPM TC8 QuotaAssignment Dept" source="C:\Users\neogis\D Drive\FREEDOM\Python\CloudAutomation\OrgPolicy\OrgPolicy_CPM_TC8_QuotaAssignment_Dept.robot">
<kw name="Open Browser and Quota Page" library="CPM_OrgPolicy_Resources_Dept" type="SETUP">
<kw name="Open Browser" library="SeleniumLibrary">
<arg>${LOGIN URL}</arg>
<arg>${BROWSER}</arg>
<doc>Opens a new browser instance to the optional ``url``.</doc>
<msg timestamp="20210331 23:57:32.265" level="INFO">Opening browser 'Chrome' to base url 'https://dev.us.cloud.onelxk.co/'.</msg>
<status status="PASS" starttime="20210331 23:57:32.265" endtime="20210331 23:58:02.378"/>
</kw>
<kw name="Maximize Browser Window" library="SeleniumLibrary">
<doc>Maximizes current browser window.</doc>
<status status="PASS" starttime="20210331 23:58:02.379" endtime="20210331 23:58:02.513"/>
</kw>
<kw name="Input Text" library="SeleniumLibrary">
<arg>${txt_username}</arg>
<arg>${username}</arg>
<doc>Types the given ``text`` into the text field identified by ``locator``.</doc>
<msg timestamp="20210331 23:58:02.515" level="INFO">Typing text 'sravantesh.neogi@lexmark.com' into text field 'id:user_email'.</msg>
<status status="PASS" starttime="20210331 23:58:02.513" endtime="20210331 23:58:02.669"/>
</kw>
<kw name="Click Button" library="SeleniumLibrary">
<arg>${btn_next}</arg>
<doc>Clicks the button identified by ``locator``.</doc>
<msg timestamp="20210331 23:58:02.670" level="INFO">Clicking button 'id:btn-email-next'.</msg>
<status status="PASS" starttime="20210331 23:58:02.669" endtime="20210331 23:58:03.474"/>
</kw>
<kw name="Input Text" library="SeleniumLibrary">
<arg>${txt_password}</arg>
<arg>${password}</arg>
<doc>Types the given ``text`` into the text field identified by ``locator``.</doc>
<msg timestamp="20210331 23:58:03.475" level="INFO">Typing text 'Password@1234' into text field 'id:user_password'.</msg>
<status status="PASS" starttime="20210331 23:58:03.474" endtime="20210331 23:58:03.596"/>
</kw>
<kw name="Click Button" library="SeleniumLibrary">
<arg>${btn_login}</arg>
<doc>Clicks the button identified by ``locator``.</doc>
<msg timestamp="20210331 23:58:03.597" level="INFO">Clicking button 'id:btn-email-login'.</msg>
<status status="PASS" starttime="20210331 23:58:03.596" endtime="20210331 23:58:05.778"/>
</kw>
<kw name="Sleep Call" library="CloudLogin">
<status status="PASS" starttime="20210331 23:58:05.779" endtime="20210331 23:58:10.779"/>
</kw>
<kw name="Wait Until Element Is Visible" library="SeleniumLibrary">
<arg>${lnk_cpm}</arg>
<doc>Waits until the element ``locator`` is visible.</doc>
<status status="PASS" starttime="20210331 23:58:10.780" endtime="20210331 23:58:10.846"/>
</kw>
<kw name="Click Element" library="SeleniumLibrary">
<arg>${lnk_cpm}</arg>
<doc>Click the element identified by ``locator``.</doc>
<msg timestamp="20210331 23:58:10.846" level="INFO">Clicking element 'xpath://*[@id='card-10']/cui-card-body/cui-priv-block/div/div'.</msg>
<status status="PASS" starttime="20210331 23:58:10.846" endtime="20210331 23:58:11.061"/>
</kw>
<kw name="Sleep Call 2" library="CloudLogin">
<status status="PASS" starttime="20210331 23:58:11.062" endtime="20210331 23:58:15.065"/>
</kw>
<kw name="Switch Window" library="SeleniumLibrary">
<arg>Print Management | Lexmark Cloud Services</arg>
<doc>Switches to browser window matching ``locator``.</doc>
<status status="PASS" starttime="20210331 23:58:15.065" endtime="20210331 23:58:29.733"/>
</kw>
<kw name="Sleep Call" library="CloudLogin">
<status status="PASS" starttime="20210331 23:58:29.733" endtime="20210331 23:58:34.735"/>
</kw>
<kw name="Wait Until Element Is Visible" library="SeleniumLibrary">
<arg>${admin_dropdown}</arg>
<doc>Waits until the element ``locator`` is visible.</doc>
<status status="PASS" starttime="20210331 23:58:34.735" endtime="20210331 23:58:34.799"/>
</kw>
<kw name="Click Element" library="SeleniumLibrary">
<arg>${admin_dropdown}</arg>
<doc>Click the element identified by ``locator``.</doc>
<msg timestamp="20210331 23:58:34.799" level="INFO">Clicking element 'id:navAdminDropdown'.</msg>
<status status="PASS" starttime="20210331 23:58:34.799" endtime="20210331 23:58:34.875"/>
</kw>
<kw name="Wait Until Page Contains Element" library="SeleniumLibrary">
<arg>${lbl_quotadefinition}</arg>
<doc>Waits until the element ``locator`` appears on the current page.</doc>
<status status="PASS" starttime="20210331 23:58:34.876" endtime="20210331 23:58:34.895"/>
</kw>
<kw name="Sleep Call 2" library="CloudLogin">
<status status="PASS" starttime="20210331 23:58:34.895" endtime="20210331 23:58:38.906"/>
</kw>
<kw name="Click Element" library="SeleniumLibrary">
<arg>${lbl_quotadefinition}</arg>
<doc>Click the element identified by ``locator``.</doc>
<msg timestamp="20210331 23:58:38.906" level="INFO">Clicking element 'id:navAdminDropdownQuotaDefinition'.</msg>
<status status="PASS" starttime="20210331 23:58:38.906" endtime="20210331 23:58:39.045"/>
</kw>
<kw name="Sleep Call 2" library="CloudLogin">
<status status="PASS" starttime="20210331 23:58:39.045" endtime="20210331 23:58:43.057"/>
</kw>
<status status="PASS" starttime="20210331 23:57:32.265" endtime="20210331 23:58:43.057"/>
</kw>
<test id="s1-t1" name="Department Quota Assignment : Vary_Unlimited_Color1">
<kw name="Check Custom quota vary">
<arg>Vary_Unlimited_Color1</arg>
<arg>definitionLimitsSelectControl-listbox-item-2</arg>
<arg>individualQuotaValuesId-row-checkbox-2</arg>
<arg>definitionTotalSelectControl-listbox-item-1</arg>
<arg>customRadioOption_radio_input</arg>
<arg>Monthly</arg>
<arg>Unlimited</arg>
<arg>1</arg>
<arg>individualQuotaValuesId-row-2-totalQuota</arg>
<arg>Unlimited</arg>
<arg>individualQuotaValuesId-row-2-colorQuota</arg>
<arg>1</arg>
<kw name="Create Custom quota vary" library="CPM_OrgPolicy_Resources_Dept">
<arg>${quota_name}</arg>
<arg>${quota_interval}</arg>
<arg>${month}</arg>
<arg>${quota_total}</arg>
<arg>${quota_color}</arg>
<arg>${quota_interval_value}</arg>
<arg>${quota_total_value}</arg>
<arg>${quota_color_value}</arg>
<arg>${monthly_total_id}</arg>
<arg>${monthly_total_value}</arg>
<arg>${monthly_color_id}</arg>
<arg>${monthly_color_value}</arg>
<kw name="Set Global Variable" library="BuiltIn">
<arg>${quota_color_value}</arg>
<doc>Makes a variable available globally in all tests and suites.</doc>
<msg timestamp="20210331 23:58:43.057" level="INFO">${quota_color_value} = 1</msg>
<status status="PASS" starttime="20210331 23:58:43.057" endtime="20210331 23:58:43.057"/>
</kw>
<kw name="Set Global Variable" library="BuiltIn">
<arg>${quota_color}</arg>
<doc>Makes a variable available globally in all tests and suites.</doc>
<msg timestamp="20210331 23:58:43.057" level="INFO">${quota_color} = customRadioOption_radio_input</msg>
<status status="PASS" starttime="20210331 23:58:43.057" endtime="20210331 23:58:43.057"/>
</kw>
<kw name="Set Global Variable" library="BuiltIn">
<arg>${quota_name}</arg>
<doc>Makes a variable available globally in all tests and suites.</doc>
<msg timestamp="20210331 23:58:43.057" level="INFO">${quota_name} = Vary_Unlimited_Color1</msg>
<status status="PASS" starttime="20210331 23:58:43.057" endtime="20210331 23:58:43.057"/>
</kw>
<kw name="Set Global Variable" library="BuiltIn">
<arg>${quota_interval_value}</arg>
<doc>Makes a variable available globally in all tests and suites.</doc>
<msg timestamp="20210331 23:58:43.057" level="INFO">${quota_interval_value} = Monthly</msg>
<status status="PASS" starttime="20210331 23:58:43.057" endtime="20210331 23:58:43.057"/>
</kw>
<kw name="Set Global Variable" library="BuiltIn">
<arg>${quota_total_value}</arg>
<doc>Makes a variable available globally in all tests and suites.</doc>
<msg timestamp="20210331 23:58:43.072" level="INFO">${quota_total_value} = Unlimited</msg>
<status status="PASS" starttime="20210331 23:58:43.072" endtime="20210331 23:58:43.072"/>
</kw>
<kw name="Set Global Variable" library="BuiltIn">
<arg>${month}</arg>
<doc>Makes a variable available globally in all tests and suites.</doc>
<msg timestamp="20210331 23:58:43.072" level="INFO">${month} = individualQuotaValuesId-row-checkbox-2</msg>
<status status="PASS" starttime="20210331 23:58:43.072" endtime="20210331 23:58:43.072"/>
</kw>
<kw name="Set Global Variable" library="BuiltIn">
<arg>${monthly_total_id}</arg>
<doc>Makes a variable available globally in all tests and suites.</doc>
<msg timestamp="20210331 23:58:43.072" level="INFO">${monthly_total_id} = individualQuotaValuesId-row-2-totalQuota</msg>
<status status="PASS" starttime="20210331 23:58:43.072" endtime="20210331 23:58:43.072"/>
</kw>
<kw name="Set Global Variable" library="BuiltIn">
<arg>${monthly_total_value}</arg>
<doc>Makes a variable available globally in all tests and suites.</doc>
<msg timestamp="20210331 23:58:43.072" level="INFO">${monthly_total_value} = Unlimited</msg>
<status status="PASS" starttime="20210331 23:58:43.072" endtime="20210331 23:58:43.072"/>
</kw>
<kw name="Set Global Variable" library="BuiltIn">
<arg>${monthly_color_id}</arg>
<doc>Makes a variable available globally in all tests and suites.</doc>
<msg timestamp="20210331 23:58:43.072" level="INFO">${monthly_color_id} = individualQuotaValuesId-row-2-colorQuota</msg>
<status status="PASS" starttime="20210331 23:58:43.072" endtime="20210331 23:58:43.072"/>
</kw>
<kw name="Set Global Variable" library="BuiltIn">
<arg>${monthly_color_value}</arg>
<doc>Makes a variable available globally in all tests and suites.</doc>
<msg timestamp="20210331 23:58:43.072" level="INFO">${monthly_color_value} = 1</msg>
<status status="PASS" starttime="20210331 23:58:43.072" endtime="20210331 23:58:43.072"/>
</kw>
<kw name="Sleep Call" library="CloudLogin">
<status status="PASS" starttime="20210331 23:58:43.072" endtime="20210331 23:58:48.078"/>
</kw>
<kw name="Sleep Call" library="CloudLogin">
<status status="PASS" starttime="20210331 23:58:48.078" endtime="20210331 23:58:53.090"/>
</kw>
<kw name="Click Element" library="SeleniumLibrary">
<arg>${btn_create_quota}</arg>
<doc>Click the element identified by ``locator``.</doc>
<msg timestamp="20210331 23:58:53.090" level="INFO">Clicking element 'id:createQuotaDefinition'.</msg>
<status status="PASS" starttime="20210331 23:58:53.090" endtime="20210331 23:58:53.285"/>
</kw>
<kw name="Clear Element Text" library="SeleniumLibrary">
<arg>${txt_quotaname}</arg>
<doc>Clears the value of the text-input-element identified by ``locator``.</doc>
<status status="PASS" starttime="20210331 23:58:53.286" endtime="20210331 23:58:53.354"/>
</kw>
<kw name="Input Text" library="SeleniumLibrary">
<arg>${txt_quotaname}</arg>
<arg>${quota_name}</arg>
<doc>Types the given ``text`` into the text field identified by ``locator``.</doc>
<msg timestamp="20210331 23:58:53.355" level="INFO">Typing text 'Vary_Unlimited_Color1' into text field 'id:definitionName'.</msg>
<status status="PASS" starttime="20210331 23:58:53.354" endtime="20210331 23:58:53.854"/>
</kw>
<kw name="Click Element" library="SeleniumLibrary">
<arg>${lst_quotalimit}</arg>
<doc>Click the element identified by ``locator``.</doc>
<msg timestamp="20210331 23:58:53.854" level="INFO">Clicking element 'id:definitionLimitsSelectControl'.</msg>
<status status="PASS" starttime="20210331 23:58:53.854" endtime="20210331 23:58:53.943"/>
</kw>
<kw name="Sleep Call 1" library="CloudLogin">
<status status="PASS" starttime="20210331 23:58:53.944" endtime="20210331 23:58:54.962"/>
</kw>
<kw name="Click Element" library="SeleniumLibrary">
<arg>${quota_interval}</arg>
<doc>Click the element identified by ``locator``.</doc>
<msg timestamp="20210331 23:58:54.962" level="INFO">Clicking element 'definitionLimitsSelectControl-listbox-item-2'.</msg>
<status status="PASS" starttime="20210331 23:58:54.962" endtime="20210331 23:58:55.206"/>
</kw>
<kw name="Sleep Call 2" library="CloudLogin">
<status status="PASS" starttime="20210331 23:58:55.206" endtime="20210331 23:58:59.219"/>
</kw>
<kw name="Click Element" library="SeleniumLibrary">
<arg>${month}</arg>
<doc>Click the element identified by ``locator``.</doc>
<msg timestamp="20210331 23:58:59.219" level="INFO">Clicking element 'individualQuotaValuesId-row-checkbox-2'.</msg>
<status status="PASS" starttime="20210331 23:58:59.219" endtime="20210331 23:58:59.359"/>
</kw>
<kw name="Sleep Call 1" library="CloudLogin">
<status status="PASS" starttime="20210331 23:58:59.360" endtime="20210331 23:59:00.375"/>
</kw>
<kw name="Click Element" library="SeleniumLibrary">
<arg>${txt_quotaname}</arg>
<doc>Click the element identified by ``locator``.</doc>
<msg timestamp="20210331 23:59:00.375" level="INFO">Clicking element 'id:definitionName'.</msg>
<status status="PASS" starttime="20210331 23:59:00.375" endtime="20210331 23:59:00.465"/>
</kw>
<kw name="Click Button" library="SeleniumLibrary">
<arg>${btn_monthly}</arg>
<doc>Clicks the button identified by ``locator``.</doc>
<msg timestamp="20210331 23:59:00.466" level="INFO">Clicking button 'id:updateQuotaLimitsGrid'.</msg>
<status status="PASS" starttime="20210331 23:59:00.465" endtime="20210331 23:59:00.693"/>
</kw>
<kw name="Sleep Call 2" library="CloudLogin">
<status status="PASS" starttime="20210331 23:59:00.693" endtime="20210331 23:59:04.708"/>
</kw>
<kw name="Click Element" library="SeleniumLibrary">
<arg>${lst_total_quota}</arg>
<doc>Click the element identified by ``locator``.</doc>
<msg timestamp="20210331 23:59:04.708" level="INFO">Clicking element 'id:definitionTotalSelectControl'.</msg>
<status status="PASS" starttime="20210331 23:59:04.708" endtime="20210331 23:59:04.816"/>
</kw>
<kw name="Sleep Call 1" library="CloudLogin">
<status status="PASS" starttime="20210331 23:59:04.817" endtime="20210331 23:59:05.828"/>
</kw>
<kw name="Click Element" library="SeleniumLibrary">
<arg>${quota_total}</arg>
<doc>Click the element identified by ``locator``.</doc>
<msg timestamp="20210331 23:59:05.828" level="INFO">Clicking element 'definitionTotalSelectControl-listbox-item-1'.</msg>
<status status="PASS" starttime="20210331 23:59:05.828" endtime="20210331 23:59:05.930"/>
</kw>
<kw name="Sleep Call 1" library="CloudLogin">
<status status="PASS" starttime="20210331 23:59:05.931" endtime="20210331 23:59:06.932"/>
</kw>
<kw name="Run Keyword And Return Status" library="BuiltIn">
<var>${is_disable}</var>
<arg>element attribute value should be</arg>
<arg>${quota_total}</arg>
<arg>title</arg>
<arg>Disable all printing</arg>
<doc>Runs the given keyword with given arguments and returns the status as a Boolean value.</doc>
<kw name="Element Attribute Value Should Be" library="SeleniumLibrary">
<arg>${quota_total}</arg>
<arg>title</arg>
<arg>Disable all printing</arg>
<doc>Verifies element identified by ``locator`` contains expected attribute value.</doc>
<kw name="Capture Page Screenshot" library="SeleniumLibrary">
<doc>Takes a screenshot of the current page and embeds it into a log file.</doc>
<msg timestamp="20210331 23:59:07.363" level="INFO" html="true">&lt;/td&gt;&lt;/tr&gt;&lt;tr&gt;&lt;td colspan="3"&gt;&lt;a href="selenium-screenshot-1.png"&gt;&lt;img src="selenium-screenshot-1.png" width="800px"&gt;&lt;/a&gt;</msg>
<status status="PASS" starttime="20210331 23:59:06.978" endtime="20210331 23:59:07.363"/>
</kw>
<msg timestamp="20210331 23:59:07.363" level="FAIL">Element 'definitionTotalSelectControl-listbox-item-1' attribute should have value 'Disable all printing' (str) but its value was 'Allow unlimited printing' (str).</msg>
<status status="FAIL" starttime="20210331 23:59:06.932" endtime="20210331 23:59:07.363"/>
</kw>
<msg timestamp="20210331 23:59:07.363" level="INFO">${is_disable} = False</msg>
<status status="PASS" starttime="20210331 23:59:06.932" endtime="20210331 23:59:07.363"/>
</kw>
<kw name="Run Keyword And Return Status" library="BuiltIn">
<var>${is_custom}</var>
<arg>element attribute value should be</arg>
<arg>${quota_total}</arg>
<arg>title</arg>
<arg>Set custom quota</arg>
<doc>Runs the given keyword with given arguments and returns the status as a Boolean value.</doc>
<kw name="Element Attribute Value Should Be" library="SeleniumLibrary">
<arg>${quota_total}</arg>
<arg>title</arg>
<arg>Set custom quota</arg>
<doc>Verifies element identified by ``locator`` contains expected attribute value.</doc>
<kw name="Capture Page Screenshot" library="SeleniumLibrary">
<doc>Takes a screenshot of the current page and embeds it into a log file.</doc>
<msg timestamp="20210331 23:59:07.779" level="INFO" html="true">&lt;/td&gt;&lt;/tr&gt;&lt;tr&gt;&lt;td colspan="3"&gt;&lt;a href="selenium-screenshot-2.png"&gt;&lt;img src="selenium-screenshot-2.png" width="800px"&gt;&lt;/a&gt;</msg>
<status status="PASS" starttime="20210331 23:59:07.385" endtime="20210331 23:59:07.779"/>
</kw>
<msg timestamp="20210331 23:59:07.779" level="FAIL">Element 'definitionTotalSelectControl-listbox-item-1' attribute should have value 'Set custom quota' (str) but its value was 'Allow unlimited printing' (str).</msg>
<status status="FAIL" starttime="20210331 23:59:07.363" endtime="20210331 23:59:07.779"/>
</kw>
<msg timestamp="20210331 23:59:07.779" level="INFO">${is_custom} = False</msg>
<status status="PASS" starttime="20210331 23:59:07.363" endtime="20210331 23:59:07.779"/>
</kw>
<kw name="Run Keyword If" library="BuiltIn">
<arg>${is_disable}</arg>
<arg>Set Disable Print</arg>
<arg>ELSE IF</arg>
<arg>${is_custom}</arg>
<arg>Set Custom Total</arg>
<arg>ELSE</arg>
<arg>Set Color Controls</arg>
<doc>Runs the given keyword with the given arguments, if ``condition`` is true.</doc>
<kw name="Set Color Controls" library="CPM_OrgPolicy_Resources_Dept">
<kw name="Sleep Call 2" library="CloudLogin">
<status status="PASS" starttime="20210331 23:59:07.786" endtime="20210331 23:59:11.791"/>
</kw>
<kw name="Click Element" library="SeleniumLibrary">
<arg>${quota_color}</arg>
<doc>Click the element identified by ``locator``.</doc>
<msg timestamp="20210331 23:59:11.791" level="INFO">Clicking element 'customRadioOption_radio_input'.</msg>
<status status="PASS" starttime="20210331 23:59:11.791" endtime="20210331 23:59:11.954"/>
</kw>
<kw name="Sleep Call 2" library="CloudLogin">
<status status="PASS" starttime="20210331 23:59:11.954" endtime="20210331 23:59:15.985"/>
</kw>
<kw name="Run Keyword And Return Status" library="BuiltIn">
<var>${custom_color}</var>
<arg>element attribute value should be</arg>
<arg>${radio_customcolor}</arg>
<arg>aria-checked</arg>
<arg>true</arg>
<doc>Runs the given keyword with given arguments and returns the status as a Boolean value.</doc>
<kw name="Element Attribute Value Should Be" library="SeleniumLibrary">
<arg>${radio_customcolor}</arg>
<arg>aria-checked</arg>
<arg>true</arg>
<doc>Verifies element identified by ``locator`` contains expected attribute value.</doc>
<msg timestamp="20210331 23:59:16.023" level="INFO">Element 'id:customRadioOption_radio_input' attribute 'aria-checked' contains value 'true'.</msg>
<status status="PASS" starttime="20210331 23:59:15.985" endtime="20210331 23:59:16.023"/>
</kw>
<msg timestamp="20210331 23:59:16.023" level="INFO">${custom_color} = True</msg>
<status status="PASS" starttime="20210331 23:59:15.985" endtime="20210331 23:59:16.023"/>
</kw>
<kw name="Run Keyword If" library="BuiltIn">
<arg>${custom_color}</arg>
<arg>Set Custom Color</arg>
<doc>Runs the given keyword with the given arguments, if ``condition`` is true.</doc>
<kw name="Set Custom Color" library="CPM_OrgPolicy_Resources_Dept">
<kw name="Click Element" library="SeleniumLibrary">
<arg>${txt_color_value}</arg>
<doc>Click the element identified by ``locator``.</doc>
<msg timestamp="20210331 23:59:16.023" level="INFO">Clicking element 'id:colorQuotaLabel_input'.</msg>
<status status="PASS" starttime="20210331 23:59:16.023" endtime="20210331 23:59:16.179"/>
</kw>
<kw name="Press Keys" library="SeleniumLibrary">
<arg>${txt_color_value}</arg>
<arg>\DELETE</arg>
<doc>Simulates the user pressing key(s) to an element or on the active browser.</doc>
<msg timestamp="20210331 23:59:16.181" level="INFO">Sending key(s) ('DELETE',) to id:colorQuotaLabel_input element.</msg>
<msg timestamp="20210331 23:59:16.500" level="INFO">Pressing special key DELETE to element.</msg>
<msg timestamp="20210331 23:59:16.500" level="INFO">Releasing special key DELETE.</msg>
<status status="PASS" starttime="20210331 23:59:16.179" endtime="20210331 23:59:16.528"/>
</kw>
<kw name="Input Text" library="SeleniumLibrary">
<arg>${txt_color_value}</arg>
<arg>${quota_color_value}</arg>
<doc>Types the given ``text`` into the text field identified by ``locator``.</doc>
<msg timestamp="20210331 23:59:16.529" level="INFO">Typing text '1' into text field 'id:colorQuotaLabel_input'.</msg>
<status status="PASS" starttime="20210331 23:59:16.528" endtime="20210331 23:59:16.625"/>
</kw>
<status status="PASS" starttime="20210331 23:59:16.023" endtime="20210331 23:59:16.625"/>
</kw>
<status status="PASS" starttime="20210331 23:59:16.023" endtime="20210331 23:59:16.625"/>
</kw>
<kw name="Click Button" library="SeleniumLibrary">
<arg>${btn_vary_ok}</arg>
<doc>Clicks the button identified by ``locator``.</doc>
<msg timestamp="20210331 23:59:16.627" level="INFO">Clicking button 'id:definition_ok_button'.</msg>
<status status="PASS" starttime="20210331 23:59:16.626" endtime="20210331 23:59:17.141"/>
</kw>
<kw name="Sleep Call 1" library="CloudLogin">
<status status="PASS" starttime="20210331 23:59:17.141" endtime="20210331 23:59:18.146"/>
</kw>
<kw name="Click Button" library="SeleniumLibrary">
<arg>${btn_create_def}</arg>
<doc>Clicks the button identified by ``locator``.</doc>
<msg timestamp="20210331 23:59:18.146" level="INFO">Clicking button 'id:updateQuotaDefinition'.</msg>
<status status="PASS" starttime="20210331 23:59:18.146" endtime="20210331 23:59:18.342"/>
</kw>
<kw name="Sleep Call" library="CloudLogin">
<status status="PASS" starttime="20210331 23:59:18.343" endtime="20210331 23:59:23.362"/>
</kw>
<kw name="Sleep Call" library="CloudLogin">
<status status="PASS" starttime="20210331 23:59:23.362" endtime="20210331 23:59:28.376"/>
</kw>
<kw name="Run Keyword" library="BuiltIn">
<arg>Set Quota Assignment for Department</arg>
<doc>Executes the given keyword with the given arguments.</doc>
<kw name="Set Quota Assignment for Department" library="CPM_OrgPolicy_Resources_Dept">
<kw name="Run Keyword" library="BuiltIn">
<arg>Open Organisational Policy Page</arg>
<doc>Executes the given keyword with the given arguments.</doc>
<kw name="Open Organisational Policy Page" library="CPM_OrgPolicy_Resources_Dept">
<kw name="Wait Until Element Is Visible" library="SeleniumLibrary">
<arg>${admin_dropdown}</arg>
<doc>Waits until the element ``locator`` is visible.</doc>
<status status="PASS" starttime="20210331 23:59:28.376" endtime="20210331 23:59:28.407"/>
</kw>
<kw name="Click Element" library="SeleniumLibrary">
<arg>${admin_dropdown}</arg>
<doc>Click the element identified by ``locator``.</doc>
<msg timestamp="20210331 23:59:28.407" level="INFO">Clicking element 'id:navAdminDropdown'.</msg>
<status status="PASS" starttime="20210331 23:59:28.407" endtime="20210331 23:59:28.483"/>
</kw>
<kw name="Wait Until Page Contains Element" library="SeleniumLibrary">
<arg>${org_policy}</arg>
<doc>Waits until the element ``locator`` appears on the current page.</doc>
<status status="PASS" starttime="20210331 23:59:28.483" endtime="20210331 23:59:28.503"/>
</kw>
<kw name="Sleep Call 2" library="CloudLogin">
<status status="PASS" starttime="20210331 23:59:28.503" endtime="20210331 23:59:32.519"/>
</kw>
<kw name="Click Element" library="SeleniumLibrary">
<arg>${org_policy}</arg>
<doc>Click the element identified by ``locator``.</doc>
<msg timestamp="20210331 23:59:32.519" level="INFO">Clicking element 'id:navAdminDropdownOrganizationalPolicy'.</msg>
<status status="PASS" starttime="20210331 23:59:32.519" endtime="20210331 23:59:32.755"/>
</kw>
<kw name="Wait Until Page Contains Element" library="SeleniumLibrary">
<arg>${page_header}</arg>
<doc>Waits until the element ``locator`` appears on the current page.</doc>
<status status="PASS" starttime="20210331 23:59:32.755" endtime="20210331 23:59:32.798"/>
</kw>
<kw name="Sleep Call 2" library="CloudLogin">
<status status="PASS" starttime="20210331 23:59:32.799" endtime="20210331 23:59:36.800"/>
</kw>
<status status="PASS" starttime="20210331 23:59:28.376" endtime="20210331 23:59:36.800"/>
</kw>
<status status="PASS" starttime="20210331 23:59:28.376" endtime="20210331 23:59:36.800"/>
</kw>
<kw name="Run Keyword" library="BuiltIn">
<arg>Select Department or Personal</arg>
<doc>Executes the given keyword with the given arguments.</doc>
<kw name="Select Department or Personal" library="CPM_OrgPolicy_Resources_Dept">
<kw name="Click Element" library="SeleniumLibrary">
<arg>${radio_dept}</arg>
<doc>Click the element identified by ``locator``.</doc>
<msg timestamp="20210331 23:59:36.800" level="INFO">Clicking element 'id:useDepartmentOption_radio_input'.</msg>
<status status="PASS" starttime="20210331 23:59:36.800" endtime="20210331 23:59:36.925"/>
</kw>
<kw name="Wait Until Page Contains Element" library="SeleniumLibrary">
<arg>${btn_confirmchange}</arg>
<doc>Waits until the element ``locator`` appears on the current page.</doc>
<status status="PASS" starttime="20210331 23:59:36.926" endtime="20210331 23:59:36.946"/>
</kw>
<kw name="Click Element" library="SeleniumLibrary">
<arg>${btn_confirmchange}</arg>
<doc>Click the element identified by ``locator``.</doc>
<msg timestamp="20210331 23:59:36.946" level="INFO">Clicking element 'id:confirmation-modal_okButton'.</msg>
<status status="PASS" starttime="20210331 23:59:36.946" endtime="20210331 23:59:37.039"/>
</kw>
<kw name="Sleep Call 2" library="CloudLogin">
<status status="PASS" starttime="20210331 23:59:37.040" endtime="20210331 23:59:41.043"/>
</kw>
<kw name="Click Element" library="SeleniumLibrary">
<arg>${btn_save}</arg>
<doc>Click the element identified by ``locator``.</doc>
<msg timestamp="20210331 23:59:41.043" level="INFO">Clicking element 'id:save_changes_btn'.</msg>
<status status="PASS" starttime="20210331 23:59:41.043" endtime="20210331 23:59:41.163"/>
</kw>
<kw name="Sleep Call" library="CloudLogin">
<status status="PASS" starttime="20210331 23:59:41.163" endtime="20210331 23:59:46.169"/>
</kw>
<status status="PASS" starttime="20210331 23:59:36.800" endtime="20210331 23:59:46.169"/>
</kw>
<status status="PASS" starttime="20210331 23:59:36.800" endtime="20210331 23:59:46.169"/>
</kw>
<kw name="Run Keyword" library="BuiltIn">
<arg>Open Quota Assignment Page</arg>
<doc>Executes the given keyword with the given arguments.</doc>
<kw name="Open Quota Assignment Page" library="CPM_OrgPolicy_Resources_Dept">
<kw name="Wait Until Element Is Visible" library="SeleniumLibrary">
<arg>${admin_dropdown}</arg>
<doc>Waits until the element ``locator`` is visible.</doc>
<status status="PASS" starttime="20210331 23:59:46.169" endtime="20210331 23:59:46.222"/>
</kw>
<kw name="Click Element" library="SeleniumLibrary">
<arg>${admin_dropdown}</arg>
<doc>Click the element identified by ``locator``.</doc>
<msg timestamp="20210331 23:59:46.222" level="INFO">Clicking element 'id:navAdminDropdown'.</msg>
<status status="PASS" starttime="20210331 23:59:46.222" endtime="20210331 23:59:46.354"/>
</kw>
<kw name="Wait Until Page Contains Element" library="SeleniumLibrary">
<arg>${lbl_quotaassignment}</arg>
<doc>Waits until the element ``locator`` appears on the current page.</doc>
<status status="PASS" starttime="20210331 23:59:46.354" endtime="20210331 23:59:46.398"/>
</kw>
<kw name="Sleep Call 2" library="CloudLogin">
<status status="PASS" starttime="20210331 23:59:46.398" endtime="20210331 23:59:50.409"/>
</kw>
<kw name="Click Element" library="SeleniumLibrary">
<arg>${lbl_quotaassignment}</arg>
<doc>Click the element identified by ``locator``.</doc>
<msg timestamp="20210331 23:59:50.409" level="INFO">Clicking element 'id:navAdminDropdownQuotaAssignments'.</msg>
<status status="PASS" starttime="20210331 23:59:50.409" endtime="20210331 23:59:50.589"/>
</kw>
<kw name="Sleep Call 2" library="CloudLogin">
<status status="PASS" starttime="20210331 23:59:50.589" endtime="20210331 23:59:54.601"/>
</kw>
<status status="PASS" starttime="20210331 23:59:46.169" endtime="20210331 23:59:54.601"/>
</kw>
<status status="PASS" starttime="20210331 23:59:46.169" endtime="20210331 23:59:54.601"/>
</kw>
<kw name="Sleep Call" library="CloudLogin">
<status status="PASS" starttime="20210331 23:59:54.601" endtime="20210331 23:59:59.604"/>
</kw>
<kw name="Click Button" library="SeleniumLibrary">
<arg>${btn_assignquota}</arg>
<doc>Clicks the button identified by ``locator``.</doc>
<msg timestamp="20210331 23:59:59.604" level="INFO">Clicking button 'id:createUserAssignment'.</msg>
<status status="PASS" starttime="20210331 23:59:59.604" endtime="20210331 23:59:59.799"/>
</kw>
<kw name="Sleep Call 1" library="CloudLogin">
<status status="PASS" starttime="20210331 23:59:59.799" endtime="20210401 00:00:00.807"/>
</kw>
<kw name="Click Element" library="SeleniumLibrary">
<arg>${txt_costcentername}</arg>
<doc>Click the element identified by ``locator``.</doc>
<msg timestamp="20210401 00:00:00.807" level="INFO">Clicking element 'xpath://*[@id='collectionSelectControl']/div'.</msg>
<status status="PASS" starttime="20210401 00:00:00.807" endtime="20210401 00:00:00.938"/>
</kw>
<kw name="Input Text" library="SeleniumLibrary">
<arg>${txt_costcentername_input}</arg>
<arg>${costcenter}</arg>
<doc>Types the given ``text`` into the text field identified by ``locator``.</doc>
<msg timestamp="20210401 00:00:00.939" level="INFO">Typing text 'rnd' into text field 'id:collectionSelectControl_Input'.</msg>
<status status="PASS" starttime="20210401 00:00:00.938" endtime="20210401 00:00:01.060"/>
</kw>
<kw name="Sleep Call 2" library="CloudLogin">
<status status="PASS" starttime="20210401 00:00:01.061" endtime="20210401 00:00:05.075"/>
</kw>
<kw name="Element Should Be Visible" library="SeleniumLibrary">
<arg>${lst_costcentername}</arg>
<doc>Verifies that the element identified by ``locator`` is visible.</doc>
<msg timestamp="20210401 00:00:05.122" level="INFO">Element 'id:collectionSelectControl-listbox' is displayed.</msg>
<status status="PASS" starttime="20210401 00:00:05.075" endtime="20210401 00:00:05.122"/>
</kw>
<kw name="Press Keys" library="SeleniumLibrary">
<arg>${lst_costcentername}</arg>
<arg>ENTER</arg>
<doc>Simulates the user pressing key(s) to an element or on the active browser.</doc>
<msg timestamp="20210401 00:00:05.122" level="INFO">Sending key(s) ('ENTER',) to id:collectionSelectControl-listbox element.</msg>
<msg timestamp="20210401 00:00:05.458" level="INFO">Pressing special key ENTER to element.</msg>
<msg timestamp="20210401 00:00:05.459" level="INFO">Releasing special key ENTER.</msg>
<status status="PASS" starttime="20210401 00:00:05.122" endtime="20210401 00:00:05.476"/>
</kw>
<kw name="Click Element" library="SeleniumLibrary">
<arg>${txt_quota_def}</arg>
<doc>Click the element identified by ``locator``.</doc>
<msg timestamp="20210401 00:00:05.477" level="INFO">Clicking element 'xpath://*[@id='selectQuotaDefinitionControl']/div'.</msg>
<status status="PASS" starttime="20210401 00:00:05.476" endtime="20210401 00:00:05.540"/>
</kw>
<kw name="Press Keys" library="SeleniumLibrary">
<arg>${lst_quota_def}</arg>
<arg>ARROW_DOWN</arg>
<doc>Simulates the user pressing key(s) to an element or on the active browser.</doc>
<msg timestamp="20210401 00:00:05.541" level="INFO">Sending key(s) ('ARROW_DOWN',) to id:selectQuotaDefinitionControl-listbox element.</msg>
<msg timestamp="20210401 00:00:05.869" level="INFO">Pressing special key ARROW_DOWN to element.</msg>
<msg timestamp="20210401 00:00:05.869" level="INFO">Releasing special key ARROW_DOWN.</msg>
<status status="PASS" starttime="20210401 00:00:05.540" endtime="20210401 00:00:05.887"/>
</kw>
<kw name="Press Keys" library="SeleniumLibrary">
<arg>${lst_quota_def}</arg>
<arg>ENTER</arg>
<doc>Simulates the user pressing key(s) to an element or on the active browser.</doc>
<msg timestamp="20210401 00:00:05.889" level="INFO">Sending key(s) ('ENTER',) to id:selectQuotaDefinitionControl-listbox element.</msg>
<msg timestamp="20210401 00:00:06.230" level="INFO">Pressing special key ENTER to element.</msg>
<msg timestamp="20210401 00:00:06.230" level="INFO">Releasing special key ENTER.</msg>
<status status="PASS" starttime="20210401 00:00:05.888" endtime="20210401 00:00:06.263"/>
</kw>
<kw name="Sleep Call 1" library="CloudLogin">
<status status="PASS" starttime="20210401 00:00:06.263" endtime="20210401 00:00:07.267"/>
</kw>
<kw name="Wait Until Element Is Enabled" library="SeleniumLibrary">
<arg>${btn_vary_ok}</arg>
<doc>Waits until the element ``locator`` is enabled.</doc>
<status status="PASS" starttime="20210401 00:00:07.267" endtime="20210401 00:00:07.340"/>
</kw>
<kw name="Sleep Call 2" library="CloudLogin">
<status status="PASS" starttime="20210401 00:00:07.340" endtime="20210401 00:00:11.343"/>
</kw>
<kw name="Click Button" library="SeleniumLibrary">
<arg>${btn_vary_ok}</arg>
<doc>Clicks the button identified by ``locator``.</doc>
<msg timestamp="20210401 00:00:11.343" level="INFO">Clicking button 'id:definition_ok_button'.</msg>
<status status="PASS" starttime="20210401 00:00:11.343" endtime="20210401 00:00:11.495"/>
</kw>
<kw name="Sleep Call" library="CloudLogin">
<status status="PASS" starttime="20210401 00:00:11.496" endtime="20210401 00:00:16.498"/>
</kw>
<kw name="Wait Until Element Is Visible" library="SeleniumLibrary">
<arg>${tbl_costcenter_quota}</arg>
<doc>Waits until the element ``locator`` is visible.</doc>
<status status="PASS" starttime="20210401 00:00:16.498" endtime="20210401 00:00:16.576"/>
</kw>
<kw name="Element Text Should Be" library="SeleniumLibrary">
<arg>${tbl_costcenter_quota_name}</arg>
<arg>${quota_name}</arg>
<doc>Verifies that element ``locator`` contains exact the text ``expected``.</doc>
<msg timestamp="20210401 00:00:16.576" level="INFO">Verifying element 'id:collections-row-0-quotaDefinition.name' contains exact text 'Vary_Unlimited_Color1'.</msg>
<status status="PASS" starttime="20210401 00:00:16.576" endtime="20210401 00:00:16.614"/>
</kw>
<kw name="Sleep Call 1" library="CloudLogin">
<status status="PASS" starttime="20210401 00:00:16.614" endtime="20210401 00:00:17.618"/>
</kw>
<kw name="Element Text Should Be" library="SeleniumLibrary">
<arg>${costcenter_name}</arg>
<arg>${costcenter}</arg>
<doc>Verifies that element ``locator`` contains exact the text ``expected``.</doc>
<msg timestamp="20210401 00:00:17.618" level="INFO">Verifying element 'id:collections-row-0-name' contains exact text 'rnd'.</msg>
<status status="PASS" starttime="20210401 00:00:17.618" endtime="20210401 00:00:17.687"/>
</kw>
<kw name="Click Element" library="SeleniumLibrary">
<arg>${quota_name_link}</arg>
<doc>Click the element identified by ``locator``.</doc>
<msg timestamp="20210401 00:00:17.687" level="INFO">Clicking element 'xpath://*[@id='collections-row-0-quotaDefinition.name']/lpm-definition-summary-renderer'.</msg>
<status status="PASS" starttime="20210401 00:00:17.687" endtime="20210401 00:00:17.900"/>
</kw>
<kw name="Sleep Call 1" library="CloudLogin">
<status status="PASS" starttime="20210401 00:00:17.900" endtime="20210401 00:00:18.906"/>
</kw>
<kw name="Run Keyword" library="BuiltIn">
<arg>Check the table values</arg>
<doc>Executes the given keyword with the given arguments.</doc>
<kw name="Check the table values" library="CPM_OrgPolicy_Resources_Dept">
<kw name="Element Text Should Be" library="SeleniumLibrary">
<arg>${monthly_total_id}</arg>
<arg>${monthly_total_value}</arg>
<doc>Verifies that element ``locator`` contains exact the text ``expected``.</doc>
<msg timestamp="20210401 00:00:18.906" level="INFO">Verifying element 'individualQuotaValuesId-row-2-totalQuota' contains exact text 'Unlimited'.</msg>
<status status="PASS" starttime="20210401 00:00:18.906" endtime="20210401 00:00:18.937"/>
</kw>
<kw name="Element Text Should Be" library="SeleniumLibrary">
<arg>${monthly_color_id}</arg>
<arg>${monthly_color_value}</arg>
<doc>Verifies that element ``locator`` contains exact the text ``expected``.</doc>
<msg timestamp="20210401 00:00:18.937" level="INFO">Verifying element 'individualQuotaValuesId-row-2-colorQuota' contains exact text '1'.</msg>
<status status="PASS" starttime="20210401 00:00:18.937" endtime="20210401 00:00:18.968"/>
</kw>
<kw name="Click Button" library="SeleniumLibrary">
<arg>${btn_summary_close}</arg>
<doc>Clicks the button identified by ``locator``.</doc>
<msg timestamp="20210401 00:00:18.968" level="INFO">Clicking button 'id:definition_summary_close_id'.</msg>
<status status="PASS" starttime="20210401 00:00:18.968" endtime="20210401 00:00:19.076"/>
</kw>
<kw name="Sleep Call 1" library="CloudLogin">
<status status="PASS" starttime="20210401 00:00:19.076" endtime="20210401 00:00:20.088"/>
</kw>
<kw name="Click Element" library="SeleniumLibrary">
<arg>${name_printqueue}</arg>
<doc>Click the element identified by ``locator``.</doc>
<msg timestamp="20210401 00:00:20.088" level="INFO">Clicking element 'id:link-navPrintQueue'.</msg>
<status status="PASS" starttime="20210401 00:00:20.088" endtime="20210401 00:00:20.306"/>
</kw>
<kw name="Sleep Call 2" library="CloudLogin">
<status status="PASS" starttime="20210401 00:00:20.306" endtime="20210401 00:00:24.323"/>
</kw>
<kw name="Run Keyword And Return Status" library="BuiltIn">
<var>${isdisable}</var>
<arg>Should Be Equal As Strings</arg>
<arg>${monthly_total_value}</arg>
<arg>${totaldisable}</arg>
<doc>Runs the given keyword with given arguments and returns the status as a Boolean value.</doc>
<kw name="Should Be Equal As Strings" library="BuiltIn">
<arg>${monthly_total_value}</arg>
<arg>${totaldisable}</arg>
<doc>Fails if objects are unequal after converting them to strings.</doc>
<msg timestamp="20210401 00:00:24.323" level="FAIL">Unlimited != 0</msg>
<status status="FAIL" starttime="20210401 00:00:24.323" endtime="20210401 00:00:24.323"/>
</kw>
<msg timestamp="20210401 00:00:24.323" level="INFO">${isdisable} = False</msg>
<status status="PASS" starttime="20210401 00:00:24.323" endtime="20210401 00:00:24.323"/>
</kw>
<kw name="Run Keyword If" library="BuiltIn">
<arg>${isdisable}</arg>
<arg>element text should be</arg>
<arg>${header_quota_preview}</arg>
<arg>Quota remaining: Printing disabled</arg>
<arg>ELSE</arg>
<arg>run keyword</arg>
<arg>Check Header Text</arg>
<doc>Runs the given keyword with the given arguments, if ``condition`` is true.</doc>
<kw name="Run Keyword" library="BuiltIn">
<arg>Check Header Text</arg>
<doc>Executes the given keyword with the given arguments.</doc>
<kw name="Check Header Text" library="CPM_OrgPolicy_Resources_Dept">
<kw name="Run Keyword And Return Status" library="BuiltIn">
<var>${iscolordisable}</var>
<arg>Should Be Equal As Strings</arg>
<arg>${quota_color_value}</arg>
<arg>${totaldisable}</arg>
<doc>Runs the given keyword with given arguments and returns the status as a Boolean value.</doc>
<kw name="Should Be Equal As Strings" library="BuiltIn">
<arg>${quota_color_value}</arg>
<arg>${totaldisable}</arg>
<doc>Fails if objects are unequal after converting them to strings.</doc>
<msg timestamp="20210401 00:00:24.323" level="FAIL">1 != 0</msg>
<status status="FAIL" starttime="20210401 00:00:24.323" endtime="20210401 00:00:24.323"/>
</kw>
<msg timestamp="20210401 00:00:24.323" level="INFO">${iscolordisable} = False</msg>
<status status="PASS" starttime="20210401 00:00:24.323" endtime="20210401 00:00:24.323"/>
</kw>
<kw name="Run Keyword If" library="BuiltIn">
<arg>${iscolordisable}</arg>
<arg>element text should be</arg>
<arg>${header_quota_preview}</arg>
<arg>Quota remaining: ${monthly_total_value} total quota (no color printing)</arg>
<arg>ELSE</arg>
<arg>run keyword</arg>
<arg>element text should be</arg>
<arg>${header_quota_preview}</arg>
<arg>Quota remaining: ${monthly_total_value} total quota (${monthly_color_value} for color printing)</arg>
<doc>Runs the given keyword with the given arguments, if ``condition`` is true.</doc>
<kw name="Run Keyword" library="BuiltIn">
<arg>element text should be</arg>
<arg>${header_quota_preview}</arg>
<arg>Quota remaining: ${monthly_total_value} total quota (${monthly_color_value} for color printing)</arg>
<doc>Executes the given keyword with the given arguments.</doc>
<kw name="Element Text Should Be" library="SeleniumLibrary">
<arg>${header_quota_preview}</arg>
<arg>Quota remaining: ${monthly_total_value} total quota (${monthly_color_value} for color printing)</arg>
<doc>Verifies that element ``locator`` contains exact the text ``expected``.</doc>
<msg timestamp="20210401 00:00:24.323" level="INFO">Verifying element 'id:quotaPreviewDiv' contains exact text 'Quota remaining: Unlimited total quota (1 for color printing)'.</msg>
<status status="PASS" starttime="20210401 00:00:24.323" endtime="20210401 00:00:24.386"/>
</kw>
<status status="PASS" starttime="20210401 00:00:24.323" endtime="20210401 00:00:24.386"/>
</kw>
<status status="PASS" starttime="20210401 00:00:24.323" endtime="20210401 00:00:24.386"/>
</kw>
<status status="PASS" starttime="20210401 00:00:24.323" endtime="20210401 00:00:24.386"/>
</kw>
<status status="PASS" starttime="20210401 00:00:24.323" endtime="20210401 00:00:24.386"/>
</kw>
<status status="PASS" starttime="20210401 00:00:24.323" endtime="20210401 00:00:24.386"/>
</kw>
<kw name="Click Element" library="SeleniumLibrary">
<arg>${admin_dropdown}</arg>
<doc>Click the element identified by ``locator``.</doc>
<msg timestamp="20210401 00:00:24.386" level="INFO">Clicking element 'id:navAdminDropdown'.</msg>
<status status="PASS" starttime="20210401 00:00:24.386" endtime="20210401 00:00:24.450"/>
</kw>
<kw name="Sleep Call 2" library="CloudLogin">
<status status="PASS" starttime="20210401 00:00:24.450" endtime="20210401 00:00:28.451"/>
</kw>
<kw name="Click Element" library="SeleniumLibrary">
<arg>${lbl_quotadefinition}</arg>
<doc>Click the element identified by ``locator``.</doc>
<msg timestamp="20210401 00:00:28.451" level="INFO">Clicking element 'id:navAdminDropdownQuotaDefinition'.</msg>
<status status="PASS" starttime="20210401 00:00:28.451" endtime="20210401 00:00:28.675"/>
</kw>
<kw name="Sleep Call" library="CloudLogin">
<status status="PASS" starttime="20210401 00:00:28.675" endtime="20210401 00:00:33.682"/>
</kw>
<status status="PASS" starttime="20210401 00:00:18.906" endtime="20210401 00:00:33.682"/>
</kw>
<status status="PASS" starttime="20210401 00:00:18.906" endtime="20210401 00:00:33.682"/>
</kw>
<kw name="Element Text Should Be" library="SeleniumLibrary">
<arg>${dept_assignment_count}</arg>
<arg>1</arg>
<doc>Verifies that element ``locator`` contains exact the text ``expected``.</doc>
<msg timestamp="20210401 00:00:33.682" level="INFO">Verifying element 'id:quotaDefinitionGrid-row-0-assignments.departmentAssignments' contains exact text '1'.</msg>
<status status="PASS" starttime="20210401 00:00:33.682" endtime="20210401 00:00:33.735"/>
</kw>
<kw name="Sleep Call 2" library="CloudLogin">
<status status="PASS" starttime="20210401 00:00:33.735" endtime="20210401 00:00:37.744"/>
</kw>
<status status="PASS" starttime="20210331 23:59:28.376" endtime="20210401 00:00:37.744"/>
</kw>
<status status="PASS" starttime="20210331 23:59:28.376" endtime="20210401 00:00:37.744"/>
</kw>
<kw name="Run Keyword" library="BuiltIn">
<arg>Delete Quota</arg>
<doc>Executes the given keyword with the given arguments.</doc>
<kw name="Delete Quota" library="CPM_OrgPolicy_Resources_Dept">
<kw name="Click Element" library="SeleniumLibrary">
<arg>${btn_quota_select_all}</arg>
<doc>Click the element identified by ``locator``.</doc>
<msg timestamp="20210401 00:00:37.744" level="INFO">Clicking element 'id:quotaDefinitionGrid-select-all'.</msg>
<status status="PASS" starttime="20210401 00:00:37.744" endtime="20210401 00:00:37.885"/>
</kw>
<kw name="Click Element" library="SeleniumLibrary">
<arg>${undefined}</arg>
<doc>Click the element identified by ``locator``.</doc>
<msg timestamp="20210401 00:00:37.887" level="INFO">Clicking element 'id:undefined'.</msg>
<status status="PASS" starttime="20210401 00:00:37.886" endtime="20210401 00:00:37.946"/>
</kw>
<kw name="Click Button" library="SeleniumLibrary">
<arg>${btn_delete_quota}</arg>
<doc>Clicks the button identified by ``locator``.</doc>
<msg timestamp="20210401 00:00:37.947" level="INFO">Clicking button 'id:deleteDefinitionButton'.</msg>
<status status="PASS" starttime="20210401 00:00:37.947" endtime="20210401 00:00:38.083"/>
</kw>
<kw name="Sleep Call 2" library="CloudLogin">
<status status="PASS" starttime="20210401 00:00:38.084" endtime="20210401 00:00:42.084"/>
</kw>
<kw name="Click Button" library="SeleniumLibrary">
<arg>${btn_delete_def}</arg>
<doc>Clicks the button identified by ``locator``.</doc>
<msg timestamp="20210401 00:00:42.084" level="INFO">Clicking button 'id:confirmation-modal_okButton'.</msg>
<status status="PASS" starttime="20210401 00:00:42.084" endtime="20210401 00:00:42.237"/>
</kw>
<kw name="Sleep Call" library="CloudLogin">
<status status="PASS" starttime="20210401 00:00:42.237" endtime="20210401 00:00:47.248"/>
</kw>
<status status="PASS" starttime="20210401 00:00:37.744" endtime="20210401 00:00:47.248"/>
</kw>
<status status="PASS" starttime="20210401 00:00:37.744" endtime="20210401 00:00:47.248"/>
</kw>
<kw name="Run Keyword" library="BuiltIn">
<arg>Check Quota Assignment is removed</arg>
<doc>Executes the given keyword with the given arguments.</doc>
<kw name="Check Quota Assignment is removed" library="CPM_OrgPolicy_Resources_Dept">
<kw name="Sleep Call 1" library="CloudLogin">
<status status="PASS" starttime="20210401 00:00:47.248" endtime="20210401 00:00:48.252"/>
</kw>
<kw name="Click Element" library="SeleniumLibrary">
<arg>${admin_dropdown}</arg>
<doc>Click the element identified by ``locator``.</doc>
<msg timestamp="20210401 00:00:48.252" level="INFO">Clicking element 'id:navAdminDropdown'.</msg>
<status status="PASS" starttime="20210401 00:00:48.252" endtime="20210401 00:00:48.395"/>
</kw>
<kw name="Sleep Call 2" library="CloudLogin">
<status status="PASS" starttime="20210401 00:00:48.395" endtime="20210401 00:00:52.402"/>
</kw>
<kw name="Click Element" library="SeleniumLibrary">
<arg>${lbl_quotaassignment}</arg>
<doc>Click the element identified by ``locator``.</doc>
<msg timestamp="20210401 00:00:52.405" level="INFO">Clicking element 'id:navAdminDropdownQuotaAssignments'.</msg>
<status status="PASS" starttime="20210401 00:00:52.402" endtime="20210401 00:00:52.576"/>
</kw>
<kw name="Page Should Contain" library="SeleniumLibrary">
<arg>${noquotaassignment}</arg>
<doc>Verifies that current page contains ``text``.</doc>
<msg timestamp="20210401 00:00:52.602" level="INFO">Current page contains text 'No custom quota definitions for assigning.'.</msg>
<status status="PASS" starttime="20210401 00:00:52.577" endtime="20210401 00:00:52.603"/>
</kw>
<kw name="Click Element" library="SeleniumLibrary">
<arg>${admin_dropdown}</arg>
<doc>Click the element identified by ``locator``.</doc>
<msg timestamp="20210401 00:00:52.603" level="INFO">Clicking element 'id:navAdminDropdown'.</msg>
<status status="PASS" starttime="20210401 00:00:52.603" endtime="20210401 00:00:52.643"/>
</kw>
<kw name="Sleep Call 2" library="CloudLogin">
<status status="PASS" starttime="20210401 00:00:52.643" endtime="20210401 00:00:56.649"/>
</kw>
<kw name="Click Element" library="SeleniumLibrary">
<arg>${lbl_quotadefinition}</arg>
<doc>Click the element identified by ``locator``.</doc>
<msg timestamp="20210401 00:00:56.649" level="INFO">Clicking element 'id:navAdminDropdownQuotaDefinition'.</msg>
<status status="PASS" starttime="20210401 00:00:56.649" endtime="20210401 00:00:56.843"/>
</kw>
<kw name="Sleep Call 2" library="CloudLogin">
<status status="PASS" starttime="20210401 00:00:56.843" endtime="20210401 00:01:00.846"/>
</kw>
<status status="PASS" starttime="20210401 00:00:47.248" endtime="20210401 00:01:00.846"/>
</kw>
<status status="PASS" starttime="20210401 00:00:47.248" endtime="20210401 00:01:00.846"/>
</kw>
<kw name="Run Keyword" library="BuiltIn">
<arg>Open Organisational Policy Page</arg>
<doc>Executes the given keyword with the given arguments.</doc>
<kw name="Open Organisational Policy Page" library="CPM_OrgPolicy_Resources_Dept">
<kw name="Wait Until Element Is Visible" library="SeleniumLibrary">
<arg>${admin_dropdown}</arg>
<doc>Waits until the element ``locator`` is visible.</doc>
<status status="PASS" starttime="20210401 00:01:00.846" endtime="20210401 00:01:00.893"/>
</kw>
<kw name="Click Element" library="SeleniumLibrary">
<arg>${admin_dropdown}</arg>
<doc>Click the element identified by ``locator``.</doc>
<msg timestamp="20210401 00:01:00.893" level="INFO">Clicking element 'id:navAdminDropdown'.</msg>
<status status="PASS" starttime="20210401 00:01:00.893" endtime="20210401 00:01:00.953"/>
</kw>
<kw name="Wait Until Page Contains Element" library="SeleniumLibrary">
<arg>${org_policy}</arg>
<doc>Waits until the element ``locator`` appears on the current page.</doc>
<status status="PASS" starttime="20210401 00:01:00.953" endtime="20210401 00:01:00.970"/>
</kw>
<kw name="Sleep Call 2" library="CloudLogin">
<status status="PASS" starttime="20210401 00:01:00.970" endtime="20210401 00:01:04.976"/>
</kw>
<kw name="Click Element" library="SeleniumLibrary">
<arg>${org_policy}</arg>
<doc>Click the element identified by ``locator``.</doc>
<msg timestamp="20210401 00:01:04.976" level="INFO">Clicking element 'id:navAdminDropdownOrganizationalPolicy'.</msg>
<status status="PASS" starttime="20210401 00:01:04.976" endtime="20210401 00:01:05.219"/>
</kw>
<kw name="Wait Until Page Contains Element" library="SeleniumLibrary">
<arg>${page_header}</arg>
<doc>Waits until the element ``locator`` appears on the current page.</doc>
<status status="PASS" starttime="20210401 00:01:05.220" endtime="20210401 00:01:05.249"/>
</kw>
<kw name="Sleep Call 2" library="CloudLogin">
<status status="PASS" starttime="20210401 00:01:05.250" endtime="20210401 00:01:09.254"/>
</kw>
<status status="PASS" starttime="20210401 00:01:00.846" endtime="20210401 00:01:09.254"/>
</kw>
<status status="PASS" starttime="20210401 00:01:00.846" endtime="20210401 00:01:09.254"/>
</kw>
<kw name="Run Keyword" library="BuiltIn">
<arg>Select Cost Center or Personal</arg>
<doc>Executes the given keyword with the given arguments.</doc>
<kw name="Select Cost Center or Personal" library="CPM_OrgPolicy_Resources_Dept">
<kw name="Click Element" library="SeleniumLibrary">
<arg>${chk_costcenter}</arg>
<doc>Click the element identified by ``locator``.</doc>
<msg timestamp="20210401 00:01:09.260" level="INFO">Clicking element 'id:useCostCenterOption_radio_input'.</msg>
<status status="PASS" starttime="20210401 00:01:09.260" endtime="20210401 00:01:09.392"/>
</kw>
<kw name="Wait Until Page Contains Element" library="SeleniumLibrary">
<arg>${btn_confirmchange}</arg>
<doc>Waits until the element ``locator`` appears on the current page.</doc>
<status status="PASS" starttime="20210401 00:01:09.392" endtime="20210401 00:01:09.408"/>
</kw>
<kw name="Click Element" library="SeleniumLibrary">
<arg>${btn_confirmchange}</arg>
<doc>Click the element identified by ``locator``.</doc>
<msg timestamp="20210401 00:01:09.408" level="INFO">Clicking element 'id:confirmation-modal_okButton'.</msg>
<status status="PASS" starttime="20210401 00:01:09.408" endtime="20210401 00:01:09.520"/>
</kw>
<kw name="Sleep Call 2" library="CloudLogin">
<status status="PASS" starttime="20210401 00:01:09.521" endtime="20210401 00:01:13.534"/>
</kw>
<kw name="Click Element" library="SeleniumLibrary">
<arg>${btn_save}</arg>
<doc>Click the element identified by ``locator``.</doc>
<msg timestamp="20210401 00:01:13.534" level="INFO">Clicking element 'id:save_changes_btn'.</msg>
<status status="PASS" starttime="20210401 00:01:13.534" endtime="20210401 00:01:13.624"/>
</kw>
<kw name="Sleep Call" library="CloudLogin">
<status status="PASS" starttime="20210401 00:01:13.624" endtime="20210401 00:01:18.636"/>
</kw>
<status status="PASS" starttime="20210401 00:01:09.260" endtime="20210401 00:01:18.636"/>
</kw>
<status status="PASS" starttime="20210401 00:01:09.254" endtime="20210401 00:01:18.636"/>
</kw>
<kw name="Run Keyword" library="BuiltIn">
<arg>Open Quota Definition Page</arg>
<doc>Executes the given keyword with the given arguments.</doc>
<kw name="Open Quota Definition Page" library="CPM_OrgPolicy_Resources_Dept">
<kw name="Wait Until Element Is Visible" library="SeleniumLibrary">
<arg>${admin_dropdown}</arg>
<doc>Waits until the element ``locator`` is visible.</doc>
<status status="PASS" starttime="20210401 00:01:18.636" endtime="20210401 00:01:18.651"/>
</kw>
<kw name="Click Element" library="SeleniumLibrary">
<arg>${admin_dropdown}</arg>
<doc>Click the element identified by ``locator``.</doc>
<msg timestamp="20210401 00:01:18.651" level="INFO">Clicking element 'id:navAdminDropdown'.</msg>
<status status="PASS" starttime="20210401 00:01:18.651" endtime="20210401 00:01:18.730"/>
</kw>
<kw name="Wait Until Page Contains Element" library="SeleniumLibrary">
<arg>${lbl_quotadefinition}</arg>
<doc>Waits until the element ``locator`` appears on the current page.</doc>
<status status="PASS" starttime="20210401 00:01:18.730" endtime="20210401 00:01:18.748"/>
</kw>
<kw name="Sleep Call 2" library="CloudLogin">
<status status="PASS" starttime="20210401 00:01:18.748" endtime="20210401 00:01:22.756"/>
</kw>
<kw name="Click Element" library="SeleniumLibrary">
<arg>${lbl_quotadefinition}</arg>
<doc>Click the element identified by ``locator``.</doc>
<msg timestamp="20210401 00:01:22.756" level="INFO">Clicking element 'id:navAdminDropdownQuotaDefinition'.</msg>
<status status="PASS" starttime="20210401 00:01:22.756" endtime="20210401 00:01:22.959"/>
</kw>
<kw name="Sleep Call 2" library="CloudLogin">
<status status="PASS" starttime="20210401 00:01:22.960" endtime="20210401 00:01:26.969"/>
</kw>
<status status="PASS" starttime="20210401 00:01:18.636" endtime="20210401 00:01:26.969"/>
</kw>
<status status="PASS" starttime="20210401 00:01:18.636" endtime="20210401 00:01:26.969"/>
</kw>
<status status="PASS" starttime="20210331 23:59:07.786" endtime="20210401 00:01:26.969"/>
</kw>
<status status="PASS" starttime="20210331 23:59:07.786" endtime="20210401 00:01:26.969"/>
</kw>
<status status="PASS" starttime="20210331 23:58:43.057" endtime="20210401 00:01:26.969"/>
</kw>
<status status="PASS" starttime="20210331 23:58:43.057" endtime="20210401 00:01:26.969"/>
</kw>
<status status="PASS" starttime="20210331 23:58:43.057" endtime="20210401 00:01:26.969"/>
</test>
<test id="s1-t2" name="Department Quota Assignment : Vary_DisableAll">
<kw name="Check Custom quota vary">
<arg>Vary_DisableAll</arg>
<arg>definitionLimitsSelectControl-listbox-item-2</arg>
<arg>individualQuotaValuesId-row-checkbox-2</arg>
<arg>definitionTotalSelectControl-listbox-item-2</arg>
<arg>Monthly</arg>
<arg>0</arg>
<arg>0</arg>
<arg>individualQuotaValuesId-row-2-totalQuota</arg>
<arg>0</arg>
<arg>individualQuotaValuesId-row-2-colorQuota</arg>
<arg>0</arg>
<kw name="Create Custom quota vary" library="CPM_OrgPolicy_Resources_Dept">
<arg>${quota_name}</arg>
<arg>${quota_interval}</arg>
<arg>${month}</arg>
<arg>${quota_total}</arg>
<arg>${quota_color}</arg>
<arg>${quota_interval_value}</arg>
<arg>${quota_total_value}</arg>
<arg>${quota_color_value}</arg>
<arg>${monthly_total_id}</arg>
<arg>${monthly_total_value}</arg>
<arg>${monthly_color_id}</arg>
<arg>${monthly_color_value}</arg>
<kw name="Set Global Variable" library="BuiltIn">
<arg>${quota_color_value}</arg>
<doc>Makes a variable available globally in all tests and suites.</doc>
<msg timestamp="20210401 00:01:26.969" level="INFO">${quota_color_value} = 0</msg>
<status status="PASS" starttime="20210401 00:01:26.969" endtime="20210401 00:01:26.969"/>
</kw>
<kw name="Set Global Variable" library="BuiltIn">
<arg>${quota_color}</arg>
<doc>Makes a variable available globally in all tests and suites.</doc>
<msg timestamp="20210401 00:01:26.969" level="INFO">${quota_color} = </msg>
<status status="PASS" starttime="20210401 00:01:26.969" endtime="20210401 00:01:26.969"/>
</kw>
<kw name="Set Global Variable" library="BuiltIn">
<arg>${quota_name}</arg>
<doc>Makes a variable available globally in all tests and suites.</doc>
<msg timestamp="20210401 00:01:26.969" level="INFO">${quota_name} = Vary_DisableAll</msg>
<status status="PASS" starttime="20210401 00:01:26.969" endtime="20210401 00:01:26.969"/>
</kw>
<kw name="Set Global Variable" library="BuiltIn">
<arg>${quota_interval_value}</arg>
<doc>Makes a variable available globally in all tests and suites.</doc>
<msg timestamp="20210401 00:01:26.969" level="INFO">${quota_interval_value} = Monthly</msg>
<status status="PASS" starttime="20210401 00:01:26.969" endtime="20210401 00:01:26.969"/>
</kw>
<kw name="Set Global Variable" library="BuiltIn">
<arg>${quota_total_value}</arg>
<doc>Makes a variable available globally in all tests and suites.</doc>
<msg timestamp="20210401 00:01:26.969" level="INFO">${quota_total_value} = 0</msg>
<status status="PASS" starttime="20210401 00:01:26.969" endtime="20210401 00:01:26.969"/>
</kw>
<kw name="Set Global Variable" library="BuiltIn">
<arg>${month}</arg>
<doc>Makes a variable available globally in all tests and suites.</doc>
<msg timestamp="20210401 00:01:26.969" level="INFO">${month} = individualQuotaValuesId-row-checkbox-2</msg>
<status status="PASS" starttime="20210401 00:01:26.969" endtime="20210401 00:01:26.969"/>
</kw>
<kw name="Set Global Variable" library="BuiltIn">
<arg>${monthly_total_id}</arg>
<doc>Makes a variable available globally in all tests and suites.</doc>
<msg timestamp="20210401 00:01:26.969" level="INFO">${monthly_total_id} = individualQuotaValuesId-row-2-totalQuota</msg>
<status status="PASS" starttime="20210401 00:01:26.969" endtime="20210401 00:01:26.969"/>
</kw>
<kw name="Set Global Variable" library="BuiltIn">
<arg>${monthly_total_value}</arg>
<doc>Makes a variable available globally in all tests and suites.</doc>
<msg timestamp="20210401 00:01:26.985" level="INFO">${monthly_total_value} = 0</msg>
<status status="PASS" starttime="20210401 00:01:26.969" endtime="20210401 00:01:26.985"/>
</kw>
<kw name="Set Global Variable" library="BuiltIn">
<arg>${monthly_color_id}</arg>
<doc>Makes a variable available globally in all tests and suites.</doc>
<msg timestamp="20210401 00:01:26.985" level="INFO">${monthly_color_id} = individualQuotaValuesId-row-2-colorQuota</msg>
<status status="PASS" starttime="20210401 00:01:26.985" endtime="20210401 00:01:26.985"/>
</kw>
<kw name="Set Global Variable" library="BuiltIn">
<arg>${monthly_color_value}</arg>
<doc>Makes a variable available globally in all tests and suites.</doc>
<msg timestamp="20210401 00:01:26.985" level="INFO">${monthly_color_value} = 0</msg>
<status status="PASS" starttime="20210401 00:01:26.985" endtime="20210401 00:01:26.985"/>
</kw>
<kw name="Sleep Call" library="CloudLogin">
<status status="PASS" starttime="20210401 00:01:26.985" endtime="20210401 00:01:31.988"/>
</kw>
<kw name="Sleep Call" library="CloudLogin">
<status status="PASS" starttime="20210401 00:01:31.988" endtime="20210401 00:01:36.990"/>
</kw>
<kw name="Click Element" library="SeleniumLibrary">
<arg>${btn_create_quota}</arg>
<doc>Click the element identified by ``locator``.</doc>
<msg timestamp="20210401 00:01:36.990" level="INFO">Clicking element 'id:createQuotaDefinition'.</msg>
<status status="PASS" starttime="20210401 00:01:36.990" endtime="20210401 00:01:37.138"/>
</kw>
<kw name="Clear Element Text" library="SeleniumLibrary">
<arg>${txt_quotaname}</arg>
<doc>Clears the value of the text-input-element identified by ``locator``.</doc>
<status status="PASS" starttime="20210401 00:01:37.139" endtime="20210401 00:01:37.210"/>
</kw>
<kw name="Input Text" library="SeleniumLibrary">
<arg>${txt_quotaname}</arg>
<arg>${quota_name}</arg>
<doc>Types the given ``text`` into the text field identified by ``locator``.</doc>
<msg timestamp="20210401 00:01:37.211" level="INFO">Typing text 'Vary_DisableAll' into text field 'id:definitionName'.</msg>
<status status="PASS" starttime="20210401 00:01:37.210" endtime="20210401 00:01:37.450"/>
</kw>
<kw name="Click Element" library="SeleniumLibrary">
<arg>${lst_quotalimit}</arg>
<doc>Click the element identified by ``locator``.</doc>
<msg timestamp="20210401 00:01:37.451" level="INFO">Clicking element 'id:definitionLimitsSelectControl'.</msg>
<status status="PASS" starttime="20210401 00:01:37.450" endtime="20210401 00:01:37.522"/>
</kw>
<kw name="Sleep Call 1" library="CloudLogin">
<status status="PASS" starttime="20210401 00:01:37.523" endtime="20210401 00:01:38.524"/>
</kw>
<kw name="Click Element" library="SeleniumLibrary">
<arg>${quota_interval}</arg>
<doc>Click the element identified by ``locator``.</doc>
<msg timestamp="20210401 00:01:38.524" level="INFO">Clicking element 'definitionLimitsSelectControl-listbox-item-2'.</msg>
<status status="PASS" starttime="20210401 00:01:38.524" endtime="20210401 00:01:38.763"/>
</kw>
<kw name="Sleep Call 2" library="CloudLogin">
<status status="PASS" starttime="20210401 00:01:38.763" endtime="20210401 00:01:42.769"/>
</kw>
<kw name="Click Element" library="SeleniumLibrary">
<arg>${month}</arg>
<doc>Click the element identified by ``locator``.</doc>
<msg timestamp="20210401 00:01:42.769" level="INFO">Clicking element 'individualQuotaValuesId-row-checkbox-2'.</msg>
<status status="PASS" starttime="20210401 00:01:42.769" endtime="20210401 00:01:42.867"/>
</kw>
<kw name="Sleep Call 1" library="CloudLogin">
<status status="PASS" starttime="20210401 00:01:42.867" endtime="20210401 00:01:43.871"/>
</kw>
<kw name="Click Element" library="SeleniumLibrary">
<arg>${txt_quotaname}</arg>
<doc>Click the element identified by ``locator``.</doc>
<msg timestamp="20210401 00:01:43.871" level="INFO">Clicking element 'id:definitionName'.</msg>
<status status="PASS" starttime="20210401 00:01:43.871" endtime="20210401 00:01:44.008"/>
</kw>
<kw name="Click Button" library="SeleniumLibrary">
<arg>${btn_monthly}</arg>
<doc>Clicks the button identified by ``locator``.</doc>
<msg timestamp="20210401 00:01:44.011" level="INFO">Clicking button 'id:updateQuotaLimitsGrid'.</msg>
<status status="PASS" starttime="20210401 00:01:44.009" endtime="20210401 00:01:44.134"/>
</kw>
<kw name="Sleep Call 2" library="CloudLogin">
<status status="PASS" starttime="20210401 00:01:44.134" endtime="20210401 00:01:48.136"/>
</kw>
<kw name="Click Element" library="SeleniumLibrary">
<arg>${lst_total_quota}</arg>
<doc>Click the element identified by ``locator``.</doc>
<msg timestamp="20210401 00:01:48.136" level="INFO">Clicking element 'id:definitionTotalSelectControl'.</msg>
<status status="PASS" starttime="20210401 00:01:48.136" endtime="20210401 00:01:48.274"/>
</kw>
<kw name="Sleep Call 1" library="CloudLogin">
<status status="PASS" starttime="20210401 00:01:48.274" endtime="20210401 00:01:49.278"/>
</kw>
<kw name="Click Element" library="SeleniumLibrary">
<arg>${quota_total}</arg>
<doc>Click the element identified by ``locator``.</doc>
<msg timestamp="20210401 00:01:49.278" level="INFO">Clicking element 'definitionTotalSelectControl-listbox-item-2'.</msg>
<status status="PASS" starttime="20210401 00:01:49.278" endtime="20210401 00:01:49.415"/>
</kw>
<kw name="Sleep Call 1" library="CloudLogin">
<status status="PASS" starttime="20210401 00:01:49.415" endtime="20210401 00:01:50.427"/>
</kw>
<kw name="Run Keyword And Return Status" library="BuiltIn">
<var>${is_disable}</var>
<arg>element attribute value should be</arg>
<arg>${quota_total}</arg>
<arg>title</arg>
<arg>Disable all printing</arg>
<doc>Runs the given keyword with given arguments and returns the status as a Boolean value.</doc>
<kw name="Element Attribute Value Should Be" library="SeleniumLibrary">
<arg>${quota_total}</arg>
<arg>title</arg>
<arg>Disable all printing</arg>
<doc>Verifies element identified by ``locator`` contains expected attribute value.</doc>
<msg timestamp="20210401 00:01:50.443" level="INFO">Element 'definitionTotalSelectControl-listbox-item-2' attribute 'title' contains value 'Disable all printing'.</msg>
<status status="PASS" starttime="20210401 00:01:50.427" endtime="20210401 00:01:50.443"/>
</kw>
<msg timestamp="20210401 00:01:50.443" level="INFO">${is_disable} = True</msg>
<status status="PASS" starttime="20210401 00:01:50.427" endtime="20210401 00:01:50.443"/>
</kw>
<kw name="Run Keyword And Return Status" library="BuiltIn">
<var>${is_custom}</var>
<arg>element attribute value should be</arg>
<arg>${quota_total}</arg>
<arg>title</arg>
<arg>Set custom quota</arg>
<doc>Runs the given keyword with given arguments and returns the status as a Boolean value.</doc>
<kw name="Element Attribute Value Should Be" library="SeleniumLibrary">
<arg>${quota_total}</arg>
<arg>title</arg>
<arg>Set custom quota</arg>
<doc>Verifies element identified by ``locator`` contains expected attribute value.</doc>
<kw name="Capture Page Screenshot" library="SeleniumLibrary">
<doc>Takes a screenshot of the current page and embeds it into a log file.</doc>
<msg timestamp="20210401 00:01:50.870" level="INFO" html="true">&lt;/td&gt;&lt;/tr&gt;&lt;tr&gt;&lt;td colspan="3"&gt;&lt;a href="selenium-screenshot-3.png"&gt;&lt;img src="selenium-screenshot-3.png" width="800px"&gt;&lt;/a&gt;</msg>
<status status="PASS" starttime="20210401 00:01:50.458" endtime="20210401 00:01:50.870"/>
</kw>
<msg timestamp="20210401 00:01:50.871" level="FAIL">Element 'definitionTotalSelectControl-listbox-item-2' attribute should have value 'Set custom quota' (str) but its value was 'Disable all printing' (str).</msg>
<status status="FAIL" starttime="20210401 00:01:50.443" endtime="20210401 00:01:50.871"/>
</kw>
<msg timestamp="20210401 00:01:50.871" level="INFO">${is_custom} = False</msg>
<status status="PASS" starttime="20210401 00:01:50.443" endtime="20210401 00:01:50.871"/>
</kw>
<kw name="Run Keyword If" library="BuiltIn">
<arg>${is_disable}</arg>
<arg>Set Disable Print</arg>
<arg>ELSE IF</arg>
<arg>${is_custom}</arg>
<arg>Set Custom Total</arg>
<arg>ELSE</arg>
<arg>Set Color Controls</arg>
<doc>Runs the given keyword with the given arguments, if ``condition`` is true.</doc>
<kw name="Set Disable Print" library="CPM_OrgPolicy_Resources_Dept">
<kw name="Click Button" library="SeleniumLibrary">
<arg>${btn_vary_ok}</arg>
<doc>Clicks the button identified by ``locator``.</doc>
<msg timestamp="20210401 00:01:50.873" level="INFO">Clicking button 'id:definition_ok_button'.</msg>
<status status="PASS" starttime="20210401 00:01:50.872" endtime="20210401 00:01:51.036"/>
</kw>
<kw name="Sleep Call 1" library="CloudLogin">
<status status="PASS" starttime="20210401 00:01:51.038" endtime="20210401 00:01:52.049"/>
</kw>
<kw name="Click Button" library="SeleniumLibrary">
<arg>${btn_create_def}</arg>
<doc>Clicks the button identified by ``locator``.</doc>
<msg timestamp="20210401 00:01:52.049" level="INFO">Clicking button 'id:updateQuotaDefinition'.</msg>
<status status="PASS" starttime="20210401 00:01:52.049" endtime="20210401 00:01:52.181"/>
</kw>
<kw name="Sleep Call" library="CloudLogin">
<status status="PASS" starttime="20210401 00:01:52.181" endtime="20210401 00:01:57.196"/>
</kw>
<kw name="Sleep Call" library="CloudLogin">
<status status="PASS" starttime="20210401 00:01:57.196" endtime="20210401 00:02:02.203"/>
</kw>
<kw name="Run Keyword" library="BuiltIn">
<arg>Set Quota Assignment for Department</arg>
<doc>Executes the given keyword with the given arguments.</doc>
<kw name="Set Quota Assignment for Department" library="CPM_OrgPolicy_Resources_Dept">
<kw name="Run Keyword" library="BuiltIn">
<arg>Open Organisational Policy Page</arg>
<doc>Executes the given keyword with the given arguments.</doc>
<kw name="Open Organisational Policy Page" library="CPM_OrgPolicy_Resources_Dept">
<kw name="Wait Until Element Is Visible" library="SeleniumLibrary">
<arg>${admin_dropdown}</arg>
<doc>Waits until the element ``locator`` is visible.</doc>
<status status="PASS" starttime="20210401 00:02:02.203" endtime="20210401 00:02:02.256"/>
</kw>
<kw name="Click Element" library="SeleniumLibrary">
<arg>${admin_dropdown}</arg>
<doc>Click the element identified by ``locator``.</doc>
<msg timestamp="20210401 00:02:02.256" level="INFO">Clicking element 'id:navAdminDropdown'.</msg>
<status status="PASS" starttime="20210401 00:02:02.256" endtime="20210401 00:02:02.377"/>
</kw>
<kw name="Wait Until Page Contains Element" library="SeleniumLibrary">
<arg>${org_policy}</arg>
<doc>Waits until the element ``locator`` appears on the current page.</doc>
<status status="PASS" starttime="20210401 00:02:02.378" endtime="20210401 00:02:02.414"/>
</kw>
<kw name="Sleep Call 2" library="CloudLogin">
<status status="PASS" starttime="20210401 00:02:02.414" endtime="20210401 00:02:06.420"/>
</kw>
<kw name="Click Element" library="SeleniumLibrary">
<arg>${org_policy}</arg>
<doc>Click the element identified by ``locator``.</doc>
<msg timestamp="20210401 00:02:06.420" level="INFO">Clicking element 'id:navAdminDropdownOrganizationalPolicy'.</msg>
<status status="PASS" starttime="20210401 00:02:06.420" endtime="20210401 00:02:06.640"/>
</kw>
<kw name="Wait Until Page Contains Element" library="SeleniumLibrary">
<arg>${page_header}</arg>
<doc>Waits until the element ``locator`` appears on the current page.</doc>
<status status="PASS" starttime="20210401 00:02:06.640" endtime="20210401 00:02:06.695"/>
</kw>
<kw name="Sleep Call 2" library="CloudLogin">
<status status="PASS" starttime="20210401 00:02:06.695" endtime="20210401 00:02:10.710"/>
</kw>
<status status="PASS" starttime="20210401 00:02:02.203" endtime="20210401 00:02:10.710"/>
</kw>
<status status="PASS" starttime="20210401 00:02:02.203" endtime="20210401 00:02:10.710"/>
</kw>
<kw name="Run Keyword" library="BuiltIn">
<arg>Select Department or Personal</arg>
<doc>Executes the given keyword with the given arguments.</doc>
<kw name="Select Department or Personal" library="CPM_OrgPolicy_Resources_Dept">
<kw name="Click Element" library="SeleniumLibrary">
<arg>${radio_dept}</arg>
<doc>Click the element identified by ``locator``.</doc>
<msg timestamp="20210401 00:02:10.710" level="INFO">Clicking element 'id:useDepartmentOption_radio_input'.</msg>
<status status="PASS" starttime="20210401 00:02:10.710" endtime="20210401 00:02:10.850"/>
</kw>
<kw name="Wait Until Page Contains Element" library="SeleniumLibrary">
<arg>${btn_confirmchange}</arg>
<doc>Waits until the element ``locator`` appears on the current page.</doc>
<status status="PASS" starttime="20210401 00:02:10.850" endtime="20210401 00:02:10.869"/>
</kw>
<kw name="Click Element" library="SeleniumLibrary">
<arg>${btn_confirmchange}</arg>
<doc>Click the element identified by ``locator``.</doc>
<msg timestamp="20210401 00:02:10.870" level="INFO">Clicking element 'id:confirmation-modal_okButton'.</msg>
<status status="PASS" starttime="20210401 00:02:10.869" endtime="20210401 00:02:10.947"/>
</kw>
<kw name="Sleep Call 2" library="CloudLogin">
<status status="PASS" starttime="20210401 00:02:10.948" endtime="20210401 00:02:14.956"/>
</kw>
<kw name="Click Element" library="SeleniumLibrary">
<arg>${btn_save}</arg>
<doc>Click the element identified by ``locator``.</doc>
<msg timestamp="20210401 00:02:14.956" level="INFO">Clicking element 'id:save_changes_btn'.</msg>
<status status="PASS" starttime="20210401 00:02:14.956" endtime="20210401 00:02:15.080"/>
</kw>
<kw name="Sleep Call" library="CloudLogin">
<status status="PASS" starttime="20210401 00:02:15.080" endtime="20210401 00:02:20.093"/>
</kw>
<status status="PASS" starttime="20210401 00:02:10.710" endtime="20210401 00:02:20.093"/>
</kw>
<status status="PASS" starttime="20210401 00:02:10.710" endtime="20210401 00:02:20.093"/>
</kw>
<kw name="Run Keyword" library="BuiltIn">
<arg>Open Quota Assignment Page</arg>
<doc>Executes the given keyword with the given arguments.</doc>
<kw name="Open Quota Assignment Page" library="CPM_OrgPolicy_Resources_Dept">
<kw name="Wait Until Element Is Visible" library="SeleniumLibrary">
<arg>${admin_dropdown}</arg>
<doc>Waits until the element ``locator`` is visible.</doc>
<status status="PASS" starttime="20210401 00:02:20.093" endtime="20210401 00:02:20.155"/>
</kw>
<kw name="Click Element" library="SeleniumLibrary">
<arg>${admin_dropdown}</arg>
<doc>Click the element identified by ``locator``.</doc>
<msg timestamp="20210401 00:02:20.155" level="INFO">Clicking element 'id:navAdminDropdown'.</msg>
<status status="PASS" starttime="20210401 00:02:20.155" endtime="20210401 00:02:20.254"/>
</kw>
<kw name="Wait Until Page Contains Element" library="SeleniumLibrary">
<arg>${lbl_quotaassignment}</arg>
<doc>Waits until the element ``locator`` appears on the current page.</doc>
<status status="PASS" starttime="20210401 00:02:20.254" endtime="20210401 00:02:20.281"/>
</kw>
<kw name="Sleep Call 2" library="CloudLogin">
<status status="PASS" starttime="20210401 00:02:20.281" endtime="20210401 00:02:24.284"/>
</kw>
<kw name="Click Element" library="SeleniumLibrary">
<arg>${lbl_quotaassignment}</arg>
<doc>Click the element identified by ``locator``.</doc>
<msg timestamp="20210401 00:02:24.284" level="INFO">Clicking element 'id:navAdminDropdownQuotaAssignments'.</msg>
<status status="PASS" starttime="20210401 00:02:24.284" endtime="20210401 00:02:24.418"/>
</kw>
<kw name="Sleep Call 2" library="CloudLogin">
<status status="PASS" starttime="20210401 00:02:24.420" endtime="20210401 00:02:28.422"/>
</kw>
<status status="PASS" starttime="20210401 00:02:20.093" endtime="20210401 00:02:28.422"/>
</kw>
<status status="PASS" starttime="20210401 00:02:20.093" endtime="20210401 00:02:28.422"/>
</kw>
<kw name="Sleep Call" library="CloudLogin">
<status status="PASS" starttime="20210401 00:02:28.422" endtime="20210401 00:02:33.443"/>
</kw>
<kw name="Click Button" library="SeleniumLibrary">
<arg>${btn_assignquota}</arg>
<doc>Clicks the button identified by ``locator``.</doc>
<msg timestamp="20210401 00:02:33.443" level="INFO">Clicking button 'id:createUserAssignment'.</msg>
<status status="PASS" starttime="20210401 00:02:33.443" endtime="20210401 00:02:33.639"/>
</kw>
<kw name="Sleep Call 1" library="CloudLogin">
<status status="PASS" starttime="20210401 00:02:33.639" endtime="20210401 00:02:34.646"/>
</kw>
<kw name="Click Element" library="SeleniumLibrary">
<arg>${txt_costcentername}</arg>
<doc>Click the element identified by ``locator``.</doc>
<msg timestamp="20210401 00:02:34.646" level="INFO">Clicking element 'xpath://*[@id='collectionSelectControl']/div'.</msg>
<status status="PASS" starttime="20210401 00:02:34.646" endtime="20210401 00:02:34.758"/>
</kw>
<kw name="Input Text" library="SeleniumLibrary">
<arg>${txt_costcentername_input}</arg>
<arg>${costcenter}</arg>
<doc>Types the given ``text`` into the text field identified by ``locator``.</doc>
<msg timestamp="20210401 00:02:34.759" level="INFO">Typing text 'rnd' into text field 'id:collectionSelectControl_Input'.</msg>
<status status="PASS" starttime="20210401 00:02:34.758" endtime="20210401 00:02:34.870"/>
</kw>
<kw name="Sleep Call 2" library="CloudLogin">
<status status="PASS" starttime="20210401 00:02:34.871" endtime="20210401 00:02:38.878"/>
</kw>
<kw name="Element Should Be Visible" library="SeleniumLibrary">
<arg>${lst_costcentername}</arg>
<doc>Verifies that the element identified by ``locator`` is visible.</doc>
<msg timestamp="20210401 00:02:38.967" level="INFO">Element 'id:collectionSelectControl-listbox' is displayed.</msg>
<status status="PASS" starttime="20210401 00:02:38.878" endtime="20210401 00:02:38.968"/>
</kw>
<kw name="Press Keys" library="SeleniumLibrary">
<arg>${lst_costcentername}</arg>
<arg>ENTER</arg>
<doc>Simulates the user pressing key(s) to an element or on the active browser.</doc>
<msg timestamp="20210401 00:02:38.968" level="INFO">Sending key(s) ('ENTER',) to id:collectionSelectControl-listbox element.</msg>
<msg timestamp="20210401 00:02:39.343" level="INFO">Pressing special key ENTER to element.</msg>
<msg timestamp="20210401 00:02:39.343" level="INFO">Releasing special key ENTER.</msg>
<status status="PASS" starttime="20210401 00:02:38.968" endtime="20210401 00:02:39.363"/>
</kw>
<kw name="Click Element" library="SeleniumLibrary">
<arg>${txt_quota_def}</arg>
<doc>Click the element identified by ``locator``.</doc>
<msg timestamp="20210401 00:02:39.364" level="INFO">Clicking element 'xpath://*[@id='selectQuotaDefinitionControl']/div'.</msg>
<status status="PASS" starttime="20210401 00:02:39.363" endtime="20210401 00:02:39.427"/>
</kw>
<kw name="Press Keys" library="SeleniumLibrary">
<arg>${lst_quota_def}</arg>
<arg>ARROW_DOWN</arg>
<doc>Simulates the user pressing key(s) to an element or on the active browser.</doc>
<msg timestamp="20210401 00:02:39.428" level="INFO">Sending key(s) ('ARROW_DOWN',) to id:selectQuotaDefinitionControl-listbox element.</msg>
<msg timestamp="20210401 00:02:39.773" level="INFO">Pressing special key ARROW_DOWN to element.</msg>
<msg timestamp="20210401 00:02:39.773" level="INFO">Releasing special key ARROW_DOWN.</msg>
<status status="PASS" starttime="20210401 00:02:39.427" endtime="20210401 00:02:39.788"/>
</kw>
<kw name="Press Keys" library="SeleniumLibrary">
<arg>${lst_quota_def}</arg>
<arg>ENTER</arg>
<doc>Simulates the user pressing key(s) to an element or on the active browser.</doc>
<msg timestamp="20210401 00:02:39.789" level="INFO">Sending key(s) ('ENTER',) to id:selectQuotaDefinitionControl-listbox element.</msg>
<msg timestamp="20210401 00:02:40.119" level="INFO">Pressing special key ENTER to element.</msg>
<msg timestamp="20210401 00:02:40.119" level="INFO">Releasing special key ENTER.</msg>
<status status="PASS" starttime="20210401 00:02:39.788" endtime="20210401 00:02:40.141"/>
</kw>
<kw name="Sleep Call 1" library="CloudLogin">
<status status="PASS" starttime="20210401 00:02:40.141" endtime="20210401 00:02:41.145"/>
</kw>
<kw name="Wait Until Element Is Enabled" library="SeleniumLibrary">
<arg>${btn_vary_ok}</arg>
<doc>Waits until the element ``locator`` is enabled.</doc>
<status status="PASS" starttime="20210401 00:02:41.145" endtime="20210401 00:02:41.212"/>
</kw>
<kw name="Sleep Call 2" library="CloudLogin">
<status status="PASS" starttime="20210401 00:02:41.212" endtime="20210401 00:02:45.227"/>
</kw>
<kw name="Click Button" library="SeleniumLibrary">
<arg>${btn_vary_ok}</arg>
<doc>Clicks the button identified by ``locator``.</doc>
<msg timestamp="20210401 00:02:45.227" level="INFO">Clicking button 'id:definition_ok_button'.</msg>
<status status="PASS" starttime="20210401 00:02:45.227" endtime="20210401 00:02:45.391"/>
</kw>
<kw name="Sleep Call" library="CloudLogin">
<status status="PASS" starttime="20210401 00:02:45.391" endtime="20210401 00:02:50.399"/>
</kw>
<kw name="Wait Until Element Is Visible" library="SeleniumLibrary">
<arg>${tbl_costcenter_quota}</arg>
<doc>Waits until the element ``locator`` is visible.</doc>
<status status="PASS" starttime="20210401 00:02:50.399" endtime="20210401 00:02:50.461"/>
</kw>
<kw name="Element Text Should Be" library="SeleniumLibrary">
<arg>${tbl_costcenter_quota_name}</arg>
<arg>${quota_name}</arg>
<doc>Verifies that element ``locator`` contains exact the text ``expected``.</doc>
<msg timestamp="20210401 00:02:50.461" level="INFO">Verifying element 'id:collections-row-0-quotaDefinition.name' contains exact text 'Vary_DisableAll'.</msg>
<status status="PASS" starttime="20210401 00:02:50.461" endtime="20210401 00:02:50.530"/>
</kw>
<kw name="Sleep Call 1" library="CloudLogin">
<status status="PASS" starttime="20210401 00:02:50.530" endtime="20210401 00:02:51.540"/>
</kw>
<kw name="Element Text Should Be" library="SeleniumLibrary">
<arg>${costcenter_name}</arg>
<arg>${costcenter}</arg>
[...]
<msg timestamp="20210401 00:05:36.069" level="INFO">Verifying element 'individualQuotaValuesId-row-2-colorQuota' contains exact text '0'.</msg>
<status status="PASS" starttime="20210401 00:05:36.069" endtime="20210401 00:05:36.123"/>
</kw>
<kw name="Click Button" library="SeleniumLibrary">
<arg>${btn_summary_close}</arg>
<doc>Clicks the button identified by ``locator``.</doc>
<msg timestamp="20210401 00:05:36.138" level="INFO">Clicking button 'id:definition_summary_close_id'.</msg>
<status status="PASS" starttime="20210401 00:05:36.138" endtime="20210401 00:05:36.248"/>
</kw>
<kw name="Sleep Call 1" library="CloudLogin">
<status status="PASS" starttime="20210401 00:05:36.248" endtime="20210401 00:05:37.258"/>
</kw>
<kw name="Click Element" library="SeleniumLibrary">
<arg>${name_printqueue}</arg>
<doc>Click the element identified by ``locator``.</doc>
<msg timestamp="20210401 00:05:37.258" level="INFO">Clicking element 'id:link-navPrintQueue'.</msg>
<status status="PASS" starttime="20210401 00:05:37.258" endtime="20210401 00:05:37.465"/>
</kw>
<kw name="Sleep Call 2" library="CloudLogin">
<status status="PASS" starttime="20210401 00:05:37.465" endtime="20210401 00:05:41.475"/>
</kw>
<kw name="Run Keyword And Return Status" library="BuiltIn">
<var>${isdisable}</var>
<arg>Should Be Equal As Strings</arg>
<arg>${monthly_total_value}</arg>
<arg>${totaldisable}</arg>
<doc>Runs the given keyword with given arguments and returns the status as a Boolean value.</doc>
<kw name="Should Be Equal As Strings" library="BuiltIn">
<arg>${monthly_total_value}</arg>
<arg>${totaldisable}</arg>
<doc>Fails if objects are unequal after converting them to strings.</doc>
<msg timestamp="20210401 00:05:41.475" level="FAIL">Unlimited != 0</msg>
<status status="FAIL" starttime="20210401 00:05:41.475" endtime="20210401 00:05:41.475"/>
</kw>
<msg timestamp="20210401 00:05:41.475" level="INFO">${isdisable} = False</msg>
<status status="PASS" starttime="20210401 00:05:41.475" endtime="20210401 00:05:41.475"/>
</kw>
<kw name="Run Keyword If" library="BuiltIn">
<arg>${isdisable}</arg>
<arg>element text should be</arg>
<arg>${header_quota_preview}</arg>
<arg>Quota remaining: Printing disabled</arg>
<arg>ELSE</arg>
<arg>run keyword</arg>
<arg>Check Header Text</arg>
<doc>Runs the given keyword with the given arguments, if ``condition`` is true.</doc>
<kw name="Run Keyword" library="BuiltIn">
<arg>Check Header Text</arg>
<doc>Executes the given keyword with the given arguments.</doc>
<kw name="Check Header Text" library="CPM_OrgPolicy_Resources_Dept">
<kw name="Run Keyword And Return Status" library="BuiltIn">
<var>${iscolordisable}</var>
<arg>Should Be Equal As Strings</arg>
<arg>${quota_color_value}</arg>
<arg>${totaldisable}</arg>
<doc>Runs the given keyword with given arguments and returns the status as a Boolean value.</doc>
<kw name="Should Be Equal As Strings" library="BuiltIn">
<arg>${quota_color_value}</arg>
<arg>${totaldisable}</arg>
<doc>Fails if objects are unequal after converting them to strings.</doc>
<status status="PASS" starttime="20210401 00:05:41.475" endtime="20210401 00:05:41.475"/>
</kw>
<msg timestamp="20210401 00:05:41.475" level="INFO">${iscolordisable} = True</msg>
<status status="PASS" starttime="20210401 00:05:41.475" endtime="20210401 00:05:41.475"/>
</kw>
<kw name="Run Keyword If" library="BuiltIn">
<arg>${iscolordisable}</arg>
<arg>element text should be</arg>
<arg>${header_quota_preview}</arg>
<arg>Quota remaining: ${monthly_total_value} total quota (no color printing)</arg>
<arg>ELSE</arg>
<arg>run keyword</arg>
<arg>element text should be</arg>
<arg>${header_quota_preview}</arg>
<arg>Quota remaining: ${monthly_total_value} total quota (${monthly_color_value} for color printing)</arg>
<doc>Runs the given keyword with the given arguments, if ``condition`` is true.</doc>
<kw name="Element Text Should Be" library="SeleniumLibrary">
<arg>${header_quota_preview}</arg>
<arg>Quota remaining: ${monthly_total_value} total quota (no color printing)</arg>
<doc>Verifies that element ``locator`` contains exact the text ``expected``.</doc>
<msg timestamp="20210401 00:05:41.475" level="INFO">Verifying element 'id:quotaPreviewDiv' contains exact text 'Quota remaining: Unlimited total quota (no color printing)'.</msg>
<status status="PASS" starttime="20210401 00:05:41.475" endtime="20210401 00:05:41.528"/>
</kw>
<status status="PASS" starttime="20210401 00:05:41.475" endtime="20210401 00:05:41.528"/>
</kw>
<status status="PASS" starttime="20210401 00:05:41.475" endtime="20210401 00:05:41.528"/>
</kw>
<status status="PASS" starttime="20210401 00:05:41.475" endtime="20210401 00:05:41.528"/>
</kw>
<status status="PASS" starttime="20210401 00:05:41.475" endtime="20210401 00:05:41.528"/>
</kw>
<kw name="Click Element" library="SeleniumLibrary">
<arg>${admin_dropdown}</arg>
<doc>Click the element identified by ``locator``.</doc>
<msg timestamp="20210401 00:05:41.528" level="INFO">Clicking element 'id:navAdminDropdown'.</msg>
<status status="PASS" starttime="20210401 00:05:41.528" endtime="20210401 00:05:41.627"/>
</kw>
<kw name="Sleep Call 2" library="CloudLogin">
<status status="PASS" starttime="20210401 00:05:41.628" endtime="20210401 00:05:45.636"/>
</kw>
<kw name="Click Element" library="SeleniumLibrary">
<arg>${lbl_quotadefinition}</arg>
<doc>Click the element identified by ``locator``.</doc>
<msg timestamp="20210401 00:05:45.639" level="INFO">Clicking element 'id:navAdminDropdownQuotaDefinition'.</msg>
<status status="PASS" starttime="20210401 00:05:45.637" endtime="20210401 00:05:45.923"/>
</kw>
<kw name="Sleep Call" library="CloudLogin">
<status status="PASS" starttime="20210401 00:05:45.923" endtime="20210401 00:05:50.924"/>
</kw>
<status status="PASS" starttime="20210401 00:05:36.007" endtime="20210401 00:05:50.924"/>
</kw>
<status status="PASS" starttime="20210401 00:05:36.007" endtime="20210401 00:05:50.924"/>
</kw>
<kw name="Element Text Should Be" library="SeleniumLibrary">
<arg>${dept_assignment_count}</arg>
<arg>1</arg>
<doc>Verifies that element ``locator`` contains exact the text ``expected``.</doc>
<msg timestamp="20210401 00:05:50.924" level="INFO">Verifying element 'id:quotaDefinitionGrid-row-0-assignments.departmentAssignments' contains exact text '1'.</msg>
<status status="PASS" starttime="20210401 00:05:50.924" endtime="20210401 00:05:50.993"/>
</kw>
<kw name="Sleep Call 2" library="CloudLogin">
<status status="PASS" starttime="20210401 00:05:50.993" endtime="20210401 00:05:54.994"/>
</kw>
<status status="PASS" starttime="20210401 00:04:45.657" endtime="20210401 00:05:54.994"/>
</kw>
<status status="PASS" starttime="20210401 00:04:45.657" endtime="20210401 00:05:54.994"/>
</kw>
<kw name="Run Keyword" library="BuiltIn">
<arg>Delete Quota</arg>
<doc>Executes the given keyword with the given arguments.</doc>
<kw name="Delete Quota" library="CPM_OrgPolicy_Resources_Dept">
<kw name="Click Element" library="SeleniumLibrary">
<arg>${btn_quota_select_all}</arg>
<doc>Click the element identified by ``locator``.</doc>
<msg timestamp="20210401 00:05:54.994" level="INFO">Clicking element 'id:quotaDefinitionGrid-select-all'.</msg>
<status status="PASS" starttime="20210401 00:05:54.994" endtime="20210401 00:05:55.146"/>
</kw>
<kw name="Click Element" library="SeleniumLibrary">
<arg>${undefined}</arg>
<doc>Click the element identified by ``locator``.</doc>
<msg timestamp="20210401 00:05:55.147" level="INFO">Clicking element 'id:undefined'.</msg>
<status status="PASS" starttime="20210401 00:05:55.147" endtime="20210401 00:05:55.208"/>
</kw>
<kw name="Click Button" library="SeleniumLibrary">
<arg>${btn_delete_quota}</arg>
<doc>Clicks the button identified by ``locator``.</doc>
<msg timestamp="20210401 00:05:55.209" level="INFO">Clicking button 'id:deleteDefinitionButton'.</msg>
<status status="PASS" starttime="20210401 00:05:55.209" endtime="20210401 00:05:55.303"/>
</kw>
<kw name="Sleep Call 2" library="CloudLogin">
<status status="PASS" starttime="20210401 00:05:55.304" endtime="20210401 00:05:59.312"/>
</kw>
<kw name="Click Button" library="SeleniumLibrary">
<arg>${btn_delete_def}</arg>
<doc>Clicks the button identified by ``locator``.</doc>
<msg timestamp="20210401 00:05:59.312" level="INFO">Clicking button 'id:confirmation-modal_okButton'.</msg>
<status status="PASS" starttime="20210401 00:05:59.312" endtime="20210401 00:05:59.444"/>
</kw>
<kw name="Sleep Call" library="CloudLogin">
<status status="PASS" starttime="20210401 00:05:59.444" endtime="20210401 00:06:04.444"/>
</kw>
<status status="PASS" starttime="20210401 00:05:54.994" endtime="20210401 00:06:04.444"/>
</kw>
<status status="PASS" starttime="20210401 00:05:54.994" endtime="20210401 00:06:04.444"/>
</kw>
<kw name="Run Keyword" library="BuiltIn">
<arg>Check Quota Assignment is removed</arg>
<doc>Executes the given keyword with the given arguments.</doc>
<kw name="Check Quota Assignment is removed" library="CPM_OrgPolicy_Resources_Dept">
<kw name="Sleep Call 1" library="CloudLogin">
<status status="PASS" starttime="20210401 00:06:04.444" endtime="20210401 00:06:05.447"/>
</kw>
<kw name="Click Element" library="SeleniumLibrary">
<arg>${admin_dropdown}</arg>
<doc>Click the element identified by ``locator``.</doc>
<msg timestamp="20210401 00:06:05.450" level="INFO">Clicking element 'id:navAdminDropdown'.</msg>
<status status="PASS" starttime="20210401 00:06:05.449" endtime="20210401 00:06:05.521"/>
</kw>
<kw name="Sleep Call 2" library="CloudLogin">
<status status="PASS" starttime="20210401 00:06:05.521" endtime="20210401 00:06:09.538"/>
</kw>
<kw name="Click Element" library="SeleniumLibrary">
<arg>${lbl_quotaassignment}</arg>
<doc>Click the element identified by ``locator``.</doc>
<msg timestamp="20210401 00:06:09.538" level="INFO">Clicking element 'id:navAdminDropdownQuotaAssignments'.</msg>
<status status="PASS" starttime="20210401 00:06:09.538" endtime="20210401 00:06:09.688"/>
</kw>
<kw name="Page Should Contain" library="SeleniumLibrary">
<arg>${noquotaassignment}</arg>
<doc>Verifies that current page contains ``text``.</doc>
<msg timestamp="20210401 00:06:09.719" level="INFO">Current page contains text 'No custom quota definitions for assigning.'.</msg>
<status status="PASS" starttime="20210401 00:06:09.688" endtime="20210401 00:06:09.719"/>
</kw>
<kw name="Click Element" library="SeleniumLibrary">
<arg>${admin_dropdown}</arg>
<doc>Click the element identified by ``locator``.</doc>
<msg timestamp="20210401 00:06:09.719" level="INFO">Clicking element 'id:navAdminDropdown'.</msg>
<status status="PASS" starttime="20210401 00:06:09.719" endtime="20210401 00:06:09.762"/>
</kw>
<kw name="Sleep Call 2" library="CloudLogin">
<status status="PASS" starttime="20210401 00:06:09.762" endtime="20210401 00:06:13.772"/>
</kw>
<kw name="Click Element" library="SeleniumLibrary">
<arg>${lbl_quotadefinition}</arg>
<doc>Click the element identified by ``locator``.</doc>
<msg timestamp="20210401 00:06:13.772" level="INFO">Clicking element 'id:navAdminDropdownQuotaDefinition'.</msg>
<status status="PASS" starttime="20210401 00:06:13.772" endtime="20210401 00:06:13.972"/>
</kw>
<kw name="Sleep Call 2" library="CloudLogin">
<status status="PASS" starttime="20210401 00:06:13.972" endtime="20210401 00:06:17.986"/>
</kw>
<status status="PASS" starttime="20210401 00:06:04.444" endtime="20210401 00:06:17.986"/>
</kw>
<status status="PASS" starttime="20210401 00:06:04.444" endtime="20210401 00:06:17.986"/>
</kw>
<kw name="Run Keyword" library="BuiltIn">
<arg>Open Organisational Policy Page</arg>
<doc>Executes the given keyword with the given arguments.</doc>
<kw name="Open Organisational Policy Page" library="CPM_OrgPolicy_Resources_Dept">
<kw name="Wait Until Element Is Visible" library="SeleniumLibrary">
<arg>${admin_dropdown}</arg>
<doc>Waits until the element ``locator`` is visible.</doc>
<status status="PASS" starttime="20210401 00:06:17.986" endtime="20210401 00:06:18.023"/>
</kw>
<kw name="Click Element" library="SeleniumLibrary">
<arg>${admin_dropdown}</arg>
<doc>Click the element identified by ``locator``.</doc>
<msg timestamp="20210401 00:06:18.023" level="INFO">Clicking element 'id:navAdminDropdown'.</msg>
<status status="PASS" starttime="20210401 00:06:18.023" endtime="20210401 00:06:18.074"/>
</kw>
<kw name="Wait Until Page Contains Element" library="SeleniumLibrary">
<arg>${org_policy}</arg>
<doc>Waits until the element ``locator`` appears on the current page.</doc>
<status status="PASS" starttime="20210401 00:06:18.075" endtime="20210401 00:06:18.098"/>
</kw>
<kw name="Sleep Call 2" library="CloudLogin">
<status status="PASS" starttime="20210401 00:06:18.098" endtime="20210401 00:06:22.099"/>
</kw>
<kw name="Click Element" library="SeleniumLibrary">
<arg>${org_policy}</arg>
<doc>Click the element identified by ``locator``.</doc>
<msg timestamp="20210401 00:06:22.099" level="INFO">Clicking element 'id:navAdminDropdownOrganizationalPolicy'.</msg>
<status status="PASS" starttime="20210401 00:06:22.099" endtime="20210401 00:06:22.251"/>
</kw>
<kw name="Wait Until Page Contains Element" library="SeleniumLibrary">
<arg>${page_header}</arg>
<doc>Waits until the element ``locator`` appears on the current page.</doc>
<status status="PASS" starttime="20210401 00:06:22.251" endtime="20210401 00:06:22.287"/>
</kw>
<kw name="Sleep Call 2" library="CloudLogin">
<status status="PASS" starttime="20210401 00:06:22.288" endtime="20210401 00:06:26.295"/>
</kw>
<status status="PASS" starttime="20210401 00:06:17.986" endtime="20210401 00:06:26.295"/>
</kw>
<status status="PASS" starttime="20210401 00:06:17.986" endtime="20210401 00:06:26.295"/>
</kw>
<kw name="Run Keyword" library="BuiltIn">
<arg>Select Cost Center or Personal</arg>
<doc>Executes the given keyword with the given arguments.</doc>
<kw name="Select Cost Center or Personal" library="CPM_OrgPolicy_Resources_Dept">
<kw name="Click Element" library="SeleniumLibrary">
<arg>${chk_costcenter}</arg>
<doc>Click the element identified by ``locator``.</doc>
<msg timestamp="20210401 00:06:26.295" level="INFO">Clicking element 'id:useCostCenterOption_radio_input'.</msg>
<status status="PASS" starttime="20210401 00:06:26.295" endtime="20210401 00:06:26.429"/>
</kw>
<kw name="Wait Until Page Contains Element" library="SeleniumLibrary">
<arg>${btn_confirmchange}</arg>
<doc>Waits until the element ``locator`` appears on the current page.</doc>
<status status="PASS" starttime="20210401 00:06:26.430" endtime="20210401 00:06:26.443"/>
</kw>
<kw name="Click Element" library="SeleniumLibrary">
<arg>${btn_confirmchange}</arg>
<doc>Click the element identified by ``locator``.</doc>
<msg timestamp="20210401 00:06:26.445" level="INFO">Clicking element 'id:confirmation-modal_okButton'.</msg>
<status status="PASS" starttime="20210401 00:06:26.444" endtime="20210401 00:06:26.496"/>
</kw>
<kw name="Sleep Call 2" library="CloudLogin">
<status status="PASS" starttime="20210401 00:06:26.496" endtime="20210401 00:06:30.516"/>
</kw>
<kw name="Click Element" library="SeleniumLibrary">
<arg>${btn_save}</arg>
<doc>Click the element identified by ``locator``.</doc>
<msg timestamp="20210401 00:06:30.516" level="INFO">Clicking element 'id:save_changes_btn'.</msg>
<status status="PASS" starttime="20210401 00:06:30.516" endtime="20210401 00:06:30.652"/>
</kw>
<kw name="Sleep Call" library="CloudLogin">
<status status="PASS" starttime="20210401 00:06:30.653" endtime="20210401 00:06:35.661"/>
</kw>
<status status="PASS" starttime="20210401 00:06:26.295" endtime="20210401 00:06:35.661"/>
</kw>
<status status="PASS" starttime="20210401 00:06:26.295" endtime="20210401 00:06:35.661"/>
</kw>
<kw name="Run Keyword" library="BuiltIn">
<arg>Open Quota Definition Page</arg>
<doc>Executes the given keyword with the given arguments.</doc>
<kw name="Open Quota Definition Page" library="CPM_OrgPolicy_Resources_Dept">
<kw name="Wait Until Element Is Visible" library="SeleniumLibrary">
<arg>${admin_dropdown}</arg>
<doc>Waits until the element ``locator`` is visible.</doc>
<status status="PASS" starttime="20210401 00:06:35.661" endtime="20210401 00:06:35.715"/>
</kw>
<kw name="Click Element" library="SeleniumLibrary">
<arg>${admin_dropdown}</arg>
<doc>Click the element identified by ``locator``.</doc>
<msg timestamp="20210401 00:06:35.715" level="INFO">Clicking element 'id:navAdminDropdown'.</msg>
<status status="PASS" starttime="20210401 00:06:35.715" endtime="20210401 00:06:35.814"/>
</kw>
<kw name="Wait Until Page Contains Element" library="SeleniumLibrary">
<arg>${lbl_quotadefinition}</arg>
<doc>Waits until the element ``locator`` appears on the current page.</doc>
<status status="PASS" starttime="20210401 00:06:35.814" endtime="20210401 00:06:35.838"/>
</kw>
<kw name="Sleep Call 2" library="CloudLogin">
<status status="PASS" starttime="20210401 00:06:35.838" endtime="20210401 00:06:39.847"/>
</kw>
<kw name="Click Element" library="SeleniumLibrary">
<arg>${lbl_quotadefinition}</arg>
<doc>Click the element identified by ``locator``.</doc>
<msg timestamp="20210401 00:06:39.847" level="INFO">Clicking element 'id:navAdminDropdownQuotaDefinition'.</msg>
<status status="PASS" starttime="20210401 00:06:39.847" endtime="20210401 00:06:40.047"/>
</kw>
<kw name="Sleep Call 2" library="CloudLogin">
<status status="PASS" starttime="20210401 00:06:40.047" endtime="20210401 00:06:44.060"/>
</kw>
<status status="PASS" starttime="20210401 00:06:35.661" endtime="20210401 00:06:44.060"/>
</kw>
<status status="PASS" starttime="20210401 00:06:35.661" endtime="20210401 00:06:44.060"/>
</kw>
<status status="PASS" starttime="20210401 00:04:25.614" endtime="20210401 00:06:44.060"/>
</kw>
<status status="PASS" starttime="20210401 00:04:25.614" endtime="20210401 00:06:44.060"/>
</kw>
<status status="PASS" starttime="20210401 00:04:00.856" endtime="20210401 00:06:44.060"/>
</kw>
<status status="PASS" starttime="20210401 00:04:00.856" endtime="20210401 00:06:44.060"/>
</kw>
<status status="PASS" starttime="20210401 00:04:00.856" endtime="20210401 00:06:44.060"/>
</test>
<kw name="Log out" library="CPM_OrgPolicy_Resources_Dept" type="TEARDOWN">
<kw name="Click Element" library="SeleniumLibrary">
<arg>${lnk_username}</arg>
<doc>Click the element identified by ``locator``.</doc>
<msg timestamp="20210401 00:06:44.060" level="INFO">Clicking element 'id:userMenu'.</msg>
<status status="PASS" starttime="20210401 00:06:44.060" endtime="20210401 00:06:44.157"/>
</kw>
<kw name="Wait Until Page Contains Element" library="SeleniumLibrary">
<arg>${lnl_logout}</arg>
<doc>Waits until the element ``locator`` appears on the current page.</doc>
<status status="PASS" starttime="20210401 00:06:44.158" endtime="20210401 00:06:44.181"/>
</kw>
<kw name="Sleep Call 2" library="CloudLogin">
<status status="PASS" starttime="20210401 00:06:44.181" endtime="20210401 00:06:48.189"/>
</kw>
<kw name="Click Element" library="SeleniumLibrary">
<arg>${lnl_logout}</arg>
<doc>Click the element identified by ``locator``.</doc>
<msg timestamp="20210401 00:06:48.189" level="INFO">Clicking element 'id:link-logout'.</msg>
<status status="PASS" starttime="20210401 00:06:48.189" endtime="20210401 00:06:48.308"/>
</kw>
<kw name="Sleep Call" library="CloudLogin">
<status status="PASS" starttime="20210401 00:06:48.309" endtime="20210401 00:06:53.309"/>
</kw>
<kw name="Close All Browsers" library="SeleniumLibrary">
<doc>Closes all open browsers and resets the browser cache.</doc>
<status status="PASS" starttime="20210401 00:06:53.309" endtime="20210401 00:06:55.860"/>
</kw>
<status status="PASS" starttime="20210401 00:06:44.060" endtime="20210401 00:06:55.860"/>
</kw>
<status status="PASS" starttime="20210331 23:57:29.526" endtime="20210401 00:06:55.860"/>
</suite>
<statistics>
<total>
<stat pass="3" fail="0" skip="0">All Tests</stat>
</total>
<tag>
</tag>
<suite>
<stat pass="3" fail="0" skip="0" id="s1" name="OrgPolicy CPM TC8 QuotaAssignment Dept">OrgPolicy CPM TC8 QuotaAssignment Dept</stat>
</suite>
</statistics>
<errors>
</errors>
</robot>
