<?xml version="1.0" encoding="UTF-8"?>
<robot generator="Robot 3.2.2 (Python 3.8.3 on win32)" generated="20210404 00:34:16.409" rpa="false">
<suite id="s1" name="Login CPM TC1 &amp; Login CPM TS2">
<suite id="s1-s1" name="Login CPM TC1" source="C:\Users\neogis\D Drive\FREEDOM\Python\CloudAutomation\Login\Login_CPM_TC1.robot">
<test id="s1-s1-t1" name="Blank User Name verification">
<kw name="Open CPM Portal and Blank user name login verification" library="CPM_LoginPage_resources">
<arguments>
<arg>${username_blank}</arg>
</arguments>
<kw name="Open Browser" library="SeleniumLibrary">
<doc>Opens a new browser instance to the optional ``url``.</doc>
<arguments>
<arg>${URL}</arg>
<arg>${BROWSER}</arg>
</arguments>
<msg timestamp="20210404 00:34:17.981" level="INFO">Opening browser 'Chrome' to base url 'https://dev.us.cloud.onelxk.co/'.</msg>
<status status="PASS" starttime="20210404 00:34:17.981" endtime="20210404 00:34:25.534"></status>
</kw>
<kw name="Wait Until Page Contains" library="SeleniumLibrary">
<doc>Waits until ``text`` appears on the current page.</doc>
<arguments>
<arg>E-mail</arg>
</arguments>
<status status="PASS" starttime="20210404 00:34:25.534" endtime="20210404 00:34:25.554"></status>
</kw>
<kw name="Maximize Browser Window" library="SeleniumLibrary">
<doc>Maximizes current browser window.</doc>
<status status="PASS" starttime="20210404 00:34:25.554" endtime="20210404 00:34:25.679"></status>
</kw>
<kw name="Input Text" library="SeleniumLibrary">
<doc>Types the given ``text`` into the text field identified by ``locator``.</doc>
<arguments>
<arg>${txt_username}</arg>
<arg>${username_blank}</arg>
</arguments>
<msg timestamp="20210404 00:34:25.680" level="INFO">Typing text '' into text field 'id:user_email'.</msg>
<status status="PASS" starttime="20210404 00:34:25.680" endtime="20210404 00:34:25.778"></status>
</kw>
<kw name="Sleep Call 2" library="CloudLogin">
<status status="PASS" starttime="20210404 00:34:25.779" endtime="20210404 00:34:29.780"></status>
</kw>
<kw name="Click Button" library="SeleniumLibrary">
<doc>Clicks the button identified by ``locator``.</doc>
<arguments>
<arg>${btn_next}</arg>
</arguments>
<msg timestamp="20210404 00:34:29.781" level="INFO">Clicking button 'id:btn-email-next'.</msg>
<status status="PASS" starttime="20210404 00:34:29.780" endtime="20210404 00:34:30.368"></status>
</kw>
<kw name="Sleep Call 2" library="CloudLogin">
<status status="PASS" starttime="20210404 00:34:30.368" endtime="20210404 00:34:34.370"></status>
</kw>
<kw name="Page Should Contain Element" library="SeleniumLibrary">
<doc>Verifies that element ``locator`` is found on the current page.</doc>
<arguments>
<arg>${lbl_errormessage}</arg>
</arguments>
<msg timestamp="20210404 00:34:34.407" level="INFO">Current page contains element 'xpath://*[@id='error_explanation']/div/label'.</msg>
<status status="PASS" starttime="20210404 00:34:34.371" endtime="20210404 00:34:34.408"></status>
</kw>
<kw name="Element Text Should Be" library="SeleniumLibrary">
<doc>Verifies that element ``locator`` contains exact the text ``expected``.</doc>
<arguments>
<arg>${lbl_errormessage}</arg>
<arg>${invalid_user_text}</arg>
</arguments>
<msg timestamp="20210404 00:34:34.409" level="INFO">Verifying element 'xpath://*[@id='error_explanation']/div/label' contains exact text 'Invalid Username or Email.'.</msg>
<status status="PASS" starttime="20210404 00:34:34.408" endtime="20210404 00:34:34.440"></status>
</kw>
<kw name="Close Browser" library="SeleniumLibrary">
<doc>Closes the current browser.</doc>
<status status="PASS" starttime="20210404 00:34:34.440" endtime="20210404 00:34:36.677"></status>
</kw>
<status status="PASS" starttime="20210404 00:34:17.981" endtime="20210404 00:34:36.677"></status>
</kw>
<status status="PASS" starttime="20210404 00:34:17.981" endtime="20210404 00:34:36.677" critical="yes"></status>
</test>
<test id="s1-s1-t2" name="Invalid User Name verification">
<kw name="Open CPM Portal and Invalid user name login verification" library="CPM_LoginPage_resources">
<arguments>
<arg>${username_invalid}</arg>
</arguments>
<kw name="Open Browser" library="SeleniumLibrary">
<doc>Opens a new browser instance to the optional ``url``.</doc>
<arguments>
<arg>${URL}</arg>
<arg>${BROWSER}</arg>
</arguments>
<msg timestamp="20210404 00:34:36.681" level="INFO">Opening browser 'Chrome' to base url 'https://dev.us.cloud.onelxk.co/'.</msg>
<status status="PASS" starttime="20210404 00:34:36.681" endtime="20210404 00:34:42.831"></status>
</kw>
<kw name="Wait Until Page Contains" library="SeleniumLibrary">
<doc>Waits until ``text`` appears on the current page.</doc>
<arguments>
<arg>E-mail</arg>
</arguments>
<status status="PASS" starttime="20210404 00:34:42.831" endtime="20210404 00:34:42.850"></status>
</kw>
<kw name="Maximize Browser Window" library="SeleniumLibrary">
<doc>Maximizes current browser window.</doc>
<status status="PASS" starttime="20210404 00:34:42.851" endtime="20210404 00:34:42.971"></status>
</kw>
<kw name="Input Text" library="SeleniumLibrary">
<doc>Types the given ``text`` into the text field identified by ``locator``.</doc>
<arguments>
<arg>${txt_username}</arg>
<arg>${username_invalid}</arg>
</arguments>
<msg timestamp="20210404 00:34:42.972" level="INFO">Typing text 'sravantesh@lexmark.com' into text field 'id:user_email'.</msg>
<status status="PASS" starttime="20210404 00:34:42.971" endtime="20210404 00:34:43.095"></status>
</kw>
<kw name="Sleep Call 2" library="CloudLogin">
<status status="PASS" starttime="20210404 00:34:43.096" endtime="20210404 00:34:47.099"></status>
</kw>
<kw name="Click Button" library="SeleniumLibrary">
<doc>Clicks the button identified by ``locator``.</doc>
<arguments>
<arg>${btn_next}</arg>
</arguments>
<msg timestamp="20210404 00:34:47.099" level="INFO">Clicking button 'id:btn-email-next'.</msg>
<status status="PASS" starttime="20210404 00:34:47.099" endtime="20210404 00:34:47.727"></status>
</kw>
<kw name="Sleep Call 2" library="CloudLogin">
<status status="PASS" starttime="20210404 00:34:47.727" endtime="20210404 00:34:51.728"></status>
</kw>
<kw name="Page Should Contain Element" library="SeleniumLibrary">
<doc>Verifies that element ``locator`` is found on the current page.</doc>
<arguments>
<arg>${lbl_errormessage}</arg>
</arguments>
<msg timestamp="20210404 00:34:51.762" level="INFO">Current page contains element 'xpath://*[@id='error_explanation']/div/label'.</msg>
<status status="PASS" starttime="20210404 00:34:51.728" endtime="20210404 00:34:51.762"></status>
</kw>
<kw name="Element Text Should Be" library="SeleniumLibrary">
<doc>Verifies that element ``locator`` contains exact the text ``expected``.</doc>
<arguments>
<arg>${lbl_errormessage}</arg>
<arg>${invalid_user_text}</arg>
</arguments>
<msg timestamp="20210404 00:34:51.763" level="INFO">Verifying element 'xpath://*[@id='error_explanation']/div/label' contains exact text 'Invalid Username or Email.'.</msg>
<status status="PASS" starttime="20210404 00:34:51.762" endtime="20210404 00:34:51.822"></status>
</kw>
<kw name="Close Browser" library="SeleniumLibrary">
<doc>Closes the current browser.</doc>
<status status="PASS" starttime="20210404 00:34:51.822" endtime="20210404 00:34:54.284"></status>
</kw>
<status status="PASS" starttime="20210404 00:34:36.680" endtime="20210404 00:34:54.285"></status>
</kw>
<status status="PASS" starttime="20210404 00:34:36.679" endtime="20210404 00:34:54.285" critical="yes"></status>
</test>
<test id="s1-s1-t3" name="Blank Password verification">
<kw name="Open CPM Portal and Blank password verification" library="CPM_LoginPage_resources">
<arguments>
<arg>${USER}</arg>
<arg>${password_blank}</arg>
</arguments>
<kw name="Open Browser" library="SeleniumLibrary">
<doc>Opens a new browser instance to the optional ``url``.</doc>
<arguments>
<arg>${URL}</arg>
<arg>${BROWSER}</arg>
</arguments>
<msg timestamp="20210404 00:34:54.295" level="INFO">Opening browser 'Chrome' to base url 'https://dev.us.cloud.onelxk.co/'.</msg>
<status status="PASS" starttime="20210404 00:34:54.294" endtime="20210404 00:35:05.970"></status>
</kw>
<kw name="Wait Until Page Contains" library="SeleniumLibrary">
<doc>Waits until ``text`` appears on the current page.</doc>
<arguments>
<arg>E-mail</arg>
</arguments>
<status status="PASS" starttime="20210404 00:35:05.970" endtime="20210404 00:35:05.997"></status>
</kw>
<kw name="Maximize Browser Window" library="SeleniumLibrary">
<doc>Maximizes current browser window.</doc>
<status status="PASS" starttime="20210404 00:35:05.997" endtime="20210404 00:35:06.133"></status>
</kw>
<kw name="Input Text" library="SeleniumLibrary">
<doc>Types the given ``text`` into the text field identified by ``locator``.</doc>
<arguments>
<arg>${txt_username}</arg>
<arg>${username}</arg>
</arguments>
<msg timestamp="20210404 00:35:06.133" level="INFO">Typing text 'sravantesh.neogi@lexmark.co' into text field 'id:user_email'.</msg>
<status status="PASS" starttime="20210404 00:35:06.133" endtime="20210404 00:35:06.323"></status>
</kw>
<kw name="Sleep Call 1" library="CloudLogin">
<status status="PASS" starttime="20210404 00:35:06.324" endtime="20210404 00:35:07.325"></status>
</kw>
<kw name="Click Button" library="SeleniumLibrary">
<doc>Clicks the button identified by ``locator``.</doc>
<arguments>
<arg>${btn_next}</arg>
</arguments>
<msg timestamp="20210404 00:35:07.325" level="INFO">Clicking button 'id:btn-email-next'.</msg>
<status status="PASS" starttime="20210404 00:35:07.325" endtime="20210404 00:35:08.014"></status>
</kw>
<kw name="Sleep Call 1" library="CloudLogin">
<status status="PASS" starttime="20210404 00:35:08.014" endtime="20210404 00:35:09.015"></status>
</kw>
<kw name="Input Text" library="SeleniumLibrary">
<doc>Types the given ``text`` into the text field identified by ``locator``.</doc>
<arguments>
<arg>${txt_password}</arg>
<arg>${password_blank}</arg>
</arguments>
<msg timestamp="20210404 00:35:09.015" level="INFO">Typing text '' into text field 'id:user_password'.</msg>
<kw name="Capture Page Screenshot" library="SeleniumLibrary">
<doc>Takes a screenshot of the current page and embeds it into a log file.</doc>
<msg timestamp="20210404 00:35:09.402" level="INFO" html="yes">&lt;/td&gt;&lt;/tr&gt;&lt;tr&gt;&lt;td colspan="3"&gt;&lt;a href="selenium-screenshot-1.png"&gt;&lt;img src="selenium-screenshot-1.png" width="800px"&gt;&lt;/a&gt;</msg>
<status status="PASS" starttime="20210404 00:35:09.031" endtime="20210404 00:35:09.402"></status>
</kw>
<msg timestamp="20210404 00:35:09.421" level="FAIL">Element with locator 'id:user_password' not found.</msg>
<status status="FAIL" starttime="20210404 00:35:09.015" endtime="20210404 00:35:09.421"></status>
</kw>
<status status="FAIL" starttime="20210404 00:34:54.291" endtime="20210404 00:35:09.421"></status>
</kw>
<status status="FAIL" starttime="20210404 00:34:54.288" endtime="20210404 00:35:09.422" critical="yes">Element with locator 'id:user_password' not found.</status>
</test>
<test id="s1-s1-t4" name="Invalid Password verification">
<kw name="Open CPM Portal and Invalid password verification" library="CPM_LoginPage_resources">
<arguments>
<arg>${USER}</arg>
<arg>${password_invalid}</arg>
</arguments>
<kw name="Open Browser" library="SeleniumLibrary">
<doc>Opens a new browser instance to the optional ``url``.</doc>
<arguments>
<arg>${URL}</arg>
<arg>${BROWSER}</arg>
</arguments>
<msg timestamp="20210404 00:35:09.429" level="INFO">Opening browser 'Chrome' to base url 'https://dev.us.cloud.onelxk.co/'.</msg>
<status status="PASS" starttime="20210404 00:35:09.427" endtime="20210404 00:35:16.777"></status>
</kw>
<kw name="Wait Until Page Contains" library="SeleniumLibrary">
<doc>Waits until ``text`` appears on the current page.</doc>
<arguments>
<arg>E-mail</arg>
</arguments>
<status status="PASS" starttime="20210404 00:35:16.777" endtime="20210404 00:35:16.806"></status>
</kw>
<kw name="Maximize Browser Window" library="SeleniumLibrary">
<doc>Maximizes current browser window.</doc>
<status status="PASS" starttime="20210404 00:35:16.806" endtime="20210404 00:35:16.934"></status>
</kw>
<kw name="Input Text" library="SeleniumLibrary">
<doc>Types the given ``text`` into the text field identified by ``locator``.</doc>
<arguments>
<arg>${txt_username}</arg>
<arg>${username}</arg>
</arguments>
<msg timestamp="20210404 00:35:16.934" level="INFO">Typing text 'sravantesh.neogi@lexmark.co' into text field 'id:user_email'.</msg>
<status status="PASS" starttime="20210404 00:35:16.934" endtime="20210404 00:35:17.076"></status>
</kw>
<kw name="Sleep Call 1" library="CloudLogin">
<status status="PASS" starttime="20210404 00:35:17.077" endtime="20210404 00:35:18.086"></status>
</kw>
<kw name="Click Button" library="SeleniumLibrary">
<doc>Clicks the button identified by ``locator``.</doc>
<arguments>
<arg>${btn_next}</arg>
</arguments>
<msg timestamp="20210404 00:35:18.086" level="INFO">Clicking button 'id:btn-email-next'.</msg>
<status status="PASS" starttime="20210404 00:35:18.086" endtime="20210404 00:35:18.629"></status>
</kw>
<kw name="Sleep Call 1" library="CloudLogin">
<status status="PASS" starttime="20210404 00:35:18.629" endtime="20210404 00:35:19.630"></status>
</kw>
<kw name="Input Text" library="SeleniumLibrary">
<doc>Types the given ``text`` into the text field identified by ``locator``.</doc>
<arguments>
<arg>${txt_password}</arg>
<arg>${password_invalid}</arg>
</arguments>
<msg timestamp="20210404 00:35:19.630" level="INFO">Typing text 'Password@12345' into text field 'id:user_password'.</msg>
<kw name="Capture Page Screenshot" library="SeleniumLibrary">
<doc>Takes a screenshot of the current page and embeds it into a log file.</doc>
<msg timestamp="20210404 00:35:20.108" level="INFO" html="yes">&lt;/td&gt;&lt;/tr&gt;&lt;tr&gt;&lt;td colspan="3"&gt;&lt;a href="selenium-screenshot-2.png"&gt;&lt;img src="selenium-screenshot-2.png" width="800px"&gt;&lt;/a&gt;</msg>
<status status="PASS" starttime="20210404 00:35:19.644" endtime="20210404 00:35:20.108"></status>
</kw>
<msg timestamp="20210404 00:35:20.116" level="FAIL">Element with locator 'id:user_password' not found.</msg>
<status status="FAIL" starttime="20210404 00:35:19.630" endtime="20210404 00:35:20.116"></status>
</kw>
<status status="FAIL" starttime="20210404 00:35:09.426" endtime="20210404 00:35:20.116"></status>
</kw>
<status status="FAIL" starttime="20210404 00:35:09.423" endtime="20210404 00:35:20.116" critical="yes">Element with locator 'id:user_password' not found.</status>
</test>
<test id="s1-s1-t5" name="Correct Login verification">
<kw name="Open CPM portal and Login Verification" library="CPM_LoginPage_resources">
<arguments>
<arg>${USER}</arg>
<arg>${PASSWORD}</arg>
</arguments>
<kw name="Open Browser" library="SeleniumLibrary">
<doc>Opens a new browser instance to the optional ``url``.</doc>
<arguments>
<arg>${URL}</arg>
<arg>${BROWSER}</arg>
</arguments>
<msg timestamp="20210404 00:35:20.118" level="INFO">Opening browser 'Chrome' to base url 'https://dev.us.cloud.onelxk.co/'.</msg>
<status status="PASS" starttime="20210404 00:35:20.118" endtime="20210404 00:35:41.222"></status>
</kw>
<kw name="Wait Until Page Contains" library="SeleniumLibrary">
<doc>Waits until ``text`` appears on the current page.</doc>
<arguments>
<arg>E-mail</arg>
</arguments>
<status status="PASS" starttime="20210404 00:35:41.222" endtime="20210404 00:35:41.245"></status>
</kw>
<kw name="Maximize Browser Window" library="SeleniumLibrary">
<doc>Maximizes current browser window.</doc>
<status status="PASS" starttime="20210404 00:35:41.246" endtime="20210404 00:35:41.370"></status>
</kw>
<kw name="Title Should Be" library="SeleniumLibrary">
<doc>Verifies that the current page title equals ``title``.</doc>
<arguments>
<arg>${PORTAL TITLE}</arg>
</arguments>
<msg timestamp="20210404 00:35:41.380" level="INFO">Page title is 'Lexmark Log In'.</msg>
<status status="PASS" starttime="20210404 00:35:41.370" endtime="20210404 00:35:41.380"></status>
</kw>
<kw name="Element Text Should Be" library="SeleniumLibrary">
<doc>Verifies that element ``locator`` contains exact the text ``expected``.</doc>
<arguments>
<arg>${txt_lgnyear}</arg>
<arg>${loginyear}</arg>
</arguments>
<msg timestamp="20210404 00:35:41.381" level="INFO">Verifying element 'xpath:/html/body/div/div[2]/section/div[2]/div/p' contains exact text 'Â© 2021, Lexmark. All rights reserved.'.</msg>
<status status="PASS" starttime="20210404 00:35:41.381" endtime="20210404 00:35:41.422"></status>
</kw>
<kw name="Element Should Be Enabled" library="SeleniumLibrary">
<doc>Verifies that element identified by ``locator`` is enabled.</doc>
<arguments>
<arg>${txt_username}</arg>
</arguments>
<status status="PASS" starttime="20210404 00:35:41.422" endtime="20210404 00:35:41.463"></status>
</kw>
<kw name="Element Should Be Visible" library="SeleniumLibrary">
<doc>Verifies that the element identified by ``locator`` is visible.</doc>
<arguments>
<arg>${txt_username}</arg>
</arguments>
<msg timestamp="20210404 00:35:41.618" level="INFO">Element 'id:user_email' is displayed.</msg>
<status status="PASS" starttime="20210404 00:35:41.463" endtime="20210404 00:35:41.618"></status>
</kw>
<kw name="Element Should Not Be Visible" library="SeleniumLibrary">
<doc>Verifies that the element identified by ``locator`` is NOT visible.</doc>
<arguments>
<arg>${txt_password}</arg>
</arguments>
<msg timestamp="20210404 00:35:41.651" level="INFO">Element 'id:user_password' did not exist.</msg>
<status status="PASS" starttime="20210404 00:35:41.619" endtime="20210404 00:35:41.651"></status>
</kw>
<kw name="Input Text" library="SeleniumLibrary">
<doc>Types the given ``text`` into the text field identified by ``locator``.</doc>
<arguments>
<arg>${txt_username}</arg>
<arg>${username}</arg>
</arguments>
<msg timestamp="20210404 00:35:41.653" level="INFO">Typing text 'sravantesh.neogi@lexmark.co' into text field 'id:user_email'.</msg>
<status status="PASS" starttime="20210404 00:35:41.652" endtime="20210404 00:35:41.967"></status>
</kw>
<kw name="Sleep Call 1" library="CloudLogin">
<status status="PASS" starttime="20210404 00:35:41.967" endtime="20210404 00:35:42.967"></status>
</kw>
<kw name="Element Should Be Enabled" library="SeleniumLibrary">
<doc>Verifies that element identified by ``locator`` is enabled.</doc>
<arguments>
<arg>${btn_next}</arg>
</arguments>
<status status="PASS" starttime="20210404 00:35:42.967" endtime="20210404 00:35:43.003"></status>
</kw>
<kw name="Element Should Be Visible" library="SeleniumLibrary">
<doc>Verifies that the element identified by ``locator`` is visible.</doc>
<arguments>
<arg>${btn_next}</arg>
</arguments>
<msg timestamp="20210404 00:35:43.032" level="INFO">Element 'id:btn-email-next' is displayed.</msg>
<status status="PASS" starttime="20210404 00:35:43.003" endtime="20210404 00:35:43.032"></status>
</kw>
<kw name="Element Attribute Value Should Be" library="SeleniumLibrary">
<doc>Verifies element identified by ``locator`` contains expected attribute value.</doc>
<arguments>
<arg>${btn_next}</arg>
<arg>value</arg>
<arg>${next}</arg>
</arguments>
<msg timestamp="20210404 00:35:43.051" level="INFO">Element 'id:btn-email-next' attribute 'value' contains value 'Next'.</msg>
<status status="PASS" starttime="20210404 00:35:43.032" endtime="20210404 00:35:43.051"></status>
</kw>
<kw name="Click Button" library="SeleniumLibrary">
<doc>Clicks the button identified by ``locator``.</doc>
<arguments>
<arg>${btn_next}</arg>
</arguments>
<msg timestamp="20210404 00:35:43.052" level="INFO">Clicking button 'id:btn-email-next'.</msg>
<status status="PASS" starttime="20210404 00:35:43.051" endtime="20210404 00:35:43.554"></status>
</kw>
<kw name="Element Should Be Enabled" library="SeleniumLibrary">
<doc>Verifies that element identified by ``locator`` is enabled.</doc>
<arguments>
<arg>${txt_password}</arg>
</arguments>
<kw name="Capture Page Screenshot" library="SeleniumLibrary">
<doc>Takes a screenshot of the current page and embeds it into a log file.</doc>
<msg timestamp="20210404 00:35:43.953" level="INFO" html="yes">&lt;/td&gt;&lt;/tr&gt;&lt;tr&gt;&lt;td colspan="3"&gt;&lt;a href="selenium-screenshot-3.png"&gt;&lt;img src="selenium-screenshot-3.png" width="800px"&gt;&lt;/a&gt;</msg>
<status status="PASS" starttime="20210404 00:35:43.568" endtime="20210404 00:35:43.953"></status>
</kw>
<msg timestamp="20210404 00:35:43.957" level="FAIL">Element with locator 'id:user_password' not found.</msg>
<status status="FAIL" starttime="20210404 00:35:43.554" endtime="20210404 00:35:43.957"></status>
</kw>
<status status="FAIL" starttime="20210404 00:35:20.118" endtime="20210404 00:35:43.958"></status>
</kw>
<status status="FAIL" starttime="20210404 00:35:20.118" endtime="20210404 00:35:43.958" critical="yes">Element with locator 'id:user_password' not found.</status>
</test>
<test id="s1-s1-t6" name="Verification of dashboard title">
<kw name="Dashboard Should Open" library="CPM_LoginPage_resources">
<kw name="Wait Until Page Contains" library="SeleniumLibrary">
<doc>Waits until ``text`` appears on the current page.</doc>
<arguments>
<arg>Cloud Services Home</arg>
</arguments>
<kw name="Capture Page Screenshot" library="SeleniumLibrary">
<doc>Takes a screenshot of the current page and embeds it into a log file.</doc>
<msg timestamp="20210404 00:36:12.623" level="FAIL">WebDriverException: Message: chrome not reachable
  (Session info: chrome=89.0.4389.114)
</msg>
<status status="FAIL" starttime="20210404 00:36:00.561" endtime="20210404 00:36:12.624"></status>
</kw>
<msg timestamp="20210404 00:36:12.624" level="WARN">Keyword 'Capture Page Screenshot' could not be run on failure: WebDriverException: Message: chrome not reachable
  (Session info: chrome=89.0.4389.114)
</msg>
<msg timestamp="20210404 00:36:12.632" level="FAIL">WebDriverException: Message: chrome not reachable
  (Session info: chrome=89.0.4389.114)
</msg>
<status status="FAIL" starttime="20210404 00:35:43.960" endtime="20210404 00:36:12.632"></status>
</kw>
<status status="FAIL" starttime="20210404 00:35:43.959" endtime="20210404 00:36:12.633"></status>
</kw>
<status status="FAIL" starttime="20210404 00:35:43.959" endtime="20210404 00:36:12.633" critical="yes">WebDriverException: Message: chrome not reachable
  (Session info: chrome=89.0.4389.114)
</status>
</test>
<test id="s1-s1-t7" name="Logout from portal">
<kw name="Logout" library="CPM_LoginPage_resources">
<kw name="Click Element" library="SeleniumLibrary">
<doc>Click the element identified by ``locator``.</doc>
<arguments>
<arg>${lnk_username}</arg>
</arguments>
<msg timestamp="20210404 00:36:12.641" level="INFO">Clicking element 'id:userMenu'.</msg>
<kw name="Capture Page Screenshot" library="SeleniumLibrary">
<doc>Takes a screenshot of the current page and embeds it into a log file.</doc>
<msg timestamp="20210404 00:36:36.705" level="FAIL">WebDriverException: Message: chrome not reachable
  (Session info: chrome=89.0.4389.114)
</msg>
<status status="FAIL" starttime="20210404 00:36:24.660" endtime="20210404 00:36:36.706"></status>
</kw>
<msg timestamp="20210404 00:36:36.706" level="WARN">Keyword 'Capture Page Screenshot' could not be run on failure: WebDriverException: Message: chrome not reachable
  (Session info: chrome=89.0.4389.114)
</msg>
<msg timestamp="20210404 00:36:36.711" level="FAIL">WebDriverException: Message: chrome not reachable
  (Session info: chrome=89.0.4389.114)
</msg>
<status status="FAIL" starttime="20210404 00:36:12.640" endtime="20210404 00:36:36.711"></status>
</kw>
<status status="FAIL" starttime="20210404 00:36:12.639" endtime="20210404 00:36:36.712"></status>
</kw>
<status status="FAIL" starttime="20210404 00:36:12.636" endtime="20210404 00:36:36.713" critical="yes">WebDriverException: Message: chrome not reachable
  (Session info: chrome=89.0.4389.114)
</status>
</test>
<status status="FAIL" starttime="20210404 00:34:16.451" endtime="20210404 00:36:36.720"></status>
</suite>
<suite id="s1-s2" name="Login CPM TS2" source="C:\Users\neogis\D Drive\FREEDOM\Python\CloudAutomation\Login\Login_CPM_TS2.robot">
<test id="s1-s2-t1" name="LoginTest">
<kw name="Open Browser To Login Page">
<kw name="Open Browser" library="SeleniumLibrary">
<doc>Opens a new browser instance to the optional ``url``.</doc>
<arguments>
<arg>${URL}</arg>
<arg>${BROWSER}</arg>
</arguments>
<msg timestamp="20210404 00:36:36.755" level="INFO">Opening browser 'Chrome' to base url 'https://dev.us.cloud.onelxk.co/'.</msg>
<status status="PASS" starttime="20210404 00:36:36.754" endtime="20210404 00:36:51.040"></status>
</kw>
<status status="PASS" starttime="20210404 00:36:36.753" endtime="20210404 00:36:51.041"></status>
</kw>
<kw name="Maximise Browser">
<kw name="Maximize Browser Window" library="SeleniumLibrary">
<doc>Maximizes current browser window.</doc>
<kw name="Capture Page Screenshot" library="SeleniumLibrary">
<doc>Takes a screenshot of the current page and embeds it into a log file.</doc>
<msg timestamp="20210404 00:36:51.065" level="FAIL">NoSuchWindowException: Message: no such window: target window already closed
from unknown error: web view not found
  (Session info: chrome=89.0.4389.114)
</msg>
<status status="FAIL" starttime="20210404 00:36:51.052" endtime="20210404 00:36:51.065"></status>
</kw>
<msg timestamp="20210404 00:36:51.065" level="WARN">Keyword 'Capture Page Screenshot' could not be run on failure: NoSuchWindowException: Message: no such window: target window already closed
from unknown error: web view not found
  (Session info: chrome=89.0.4389.114)
</msg>
<msg timestamp="20210404 00:36:51.070" level="FAIL">NoSuchWindowException: Message: no such window: target window already closed
from unknown error: web view not found
  (Session info: chrome=89.0.4389.114)
</msg>
<status status="FAIL" starttime="20210404 00:36:51.043" endtime="20210404 00:36:51.071"></status>
</kw>
<status status="FAIL" starttime="20210404 00:36:51.043" endtime="20210404 00:36:51.071"></status>
</kw>
<status status="FAIL" starttime="20210404 00:36:36.751" endtime="20210404 00:36:51.072" critical="yes">NoSuchWindowException: Message: no such window: target window already closed
from unknown error: web view not found
  (Session info: chrome=89.0.4389.114)
</status>
</test>
<status status="FAIL" starttime="20210404 00:36:36.720" endtime="20210404 00:36:51.074"></status>
</suite>
<status status="FAIL" starttime="20210404 00:34:16.412" endtime="20210404 00:36:51.079"></status>
</suite>
<statistics>
<total>
<stat pass="2" fail="6">Critical Tests</stat>
<stat pass="2" fail="6">All Tests</stat>
</total>
<tag>
</tag>
<suite>
<stat pass="2" fail="6" id="s1" name="Login CPM TC1 &amp; Login CPM TS2">Login CPM TC1 &amp; Login CPM TS2</stat>
<stat pass="2" fail="5" id="s1-s1" name="Login CPM TC1">Login CPM TC1 &amp; Login CPM TS2.Login CPM TC1</stat>
<stat pass="0" fail="1" id="s1-s2" name="Login CPM TS2">Login CPM TC1 &amp; Login CPM TS2.Login CPM TS2</stat>
</suite>
</statistics>
<errors>
<msg timestamp="20210404 00:36:12.624" level="WARN">Keyword 'Capture Page Screenshot' could not be run on failure: WebDriverException: Message: chrome not reachable
  (Session info: chrome=89.0.4389.114)
</msg>
<msg timestamp="20210404 00:36:36.706" level="WARN">Keyword 'Capture Page Screenshot' could not be run on failure: WebDriverException: Message: chrome not reachable
  (Session info: chrome=89.0.4389.114)
</msg>
<msg timestamp="20210404 00:36:51.065" level="WARN">Keyword 'Capture Page Screenshot' could not be run on failure: NoSuchWindowException: Message: no such window: target window already closed
from unknown error: web view not found
  (Session info: chrome=89.0.4389.114)
</msg>
</errors>
</robot>
