<?xml version="1.0" encoding="UTF-8"?>
<robot generator="Robot 4.0.1 (Python 3.8.3 on win32)" generated="20210701 11:34:11.013" rpa="false" schemaversion="2">
<suite id="s1" name="Login CPM TS2" source="C:\Users\neogis\D Drive\FREEDOM\Python\STL_Automation\Login\Login_CPM_TS2.robot">
<test id="s1-t1" name="LoginTest">
<kw name="Open Browser To Login Page">
<kw name="Open Browser" library="SeleniumLibrary">
<arg>${URL}</arg>
<arg>${BROWSER}</arg>
<doc>Opens a new browser instance to the optional ``url``.</doc>
<msg timestamp="20210701 11:34:13.310" level="INFO">Opening browser 'headlessChrome' to base url 'https://dev.us.cloud.onelxk.co/'.</msg>
<status status="PASS" starttime="20210701 11:34:13.309" endtime="20210701 11:34:19.349"/>
</kw>
<status status="PASS" starttime="20210701 11:34:13.306" endtime="20210701 11:34:19.349"/>
</kw>
<kw name="Maximise Browser">
<kw name="Maximize Browser Window" library="SeleniumLibrary">
<doc>Maximizes current browser window.</doc>
<status status="PASS" starttime="20210701 11:34:19.351" endtime="20210701 11:34:19.465"/>
</kw>
<kw name="Title Should Be" library="SeleniumLibrary">
<arg>Lexmark Log In</arg>
<doc>Verifies that the current page title equals ``title``.</doc>
<msg timestamp="20210701 11:34:19.474" level="INFO">Page title is 'Lexmark Log In'.</msg>
<status status="PASS" starttime="20210701 11:34:19.465" endtime="20210701 11:34:19.475"/>
</kw>
<status status="PASS" starttime="20210701 11:34:19.350" endtime="20210701 11:34:19.475"/>
</kw>
<kw name="Check Copyright in Login">
<kw name="Element Text Should Be" library="SeleniumLibrary">
<arg>xpath:/html/body/div/div[2]/section/div[2]/div/p</arg>
<arg>${loginyear}</arg>
<doc>Verifies that element ``locator`` contains exact the text ``expected``.</doc>
<msg timestamp="20210701 11:34:19.478" level="INFO">Verifying element 'xpath:/html/body/div/div[2]/section/div[2]/div/p' contains exact text '© 2021, Lexmark. All rights reserved.'.</msg>
<status status="PASS" starttime="20210701 11:34:19.477" endtime="20210701 11:34:19.525"/>
</kw>
<status status="PASS" starttime="20210701 11:34:19.476" endtime="20210701 11:34:19.525"/>
</kw>
<kw name="Check Username field is enabled and displayed">
<kw name="Set Variable" library="BuiltIn">
<var>${username_text}</var>
<arg>id:user_email</arg>
<doc>Returns the given values which can then be assigned to a variables.</doc>
<msg timestamp="20210701 11:34:19.528" level="INFO">${username_text} = id:user_email</msg>
<status status="PASS" starttime="20210701 11:34:19.527" endtime="20210701 11:34:19.528"/>
</kw>
<kw name="Element Should Be Enabled" library="SeleniumLibrary">
<arg>${username_text}</arg>
<doc>Verifies that element identified by ``locator`` is enabled.</doc>
<status status="PASS" starttime="20210701 11:34:19.528" endtime="20210701 11:34:19.568"/>
</kw>
<kw name="Element Should Be Visible" library="SeleniumLibrary">
<arg>${username_text}</arg>
<doc>Verifies that the element identified by ``locator`` is visible.</doc>
<msg timestamp="20210701 11:34:19.610" level="INFO">Element 'id:user_email' is displayed.</msg>
<status status="PASS" starttime="20210701 11:34:19.568" endtime="20210701 11:34:19.610"/>
</kw>
<kw name="Set Variable" library="BuiltIn">
<var>${password_text}</var>
<arg>id:user_password</arg>
<doc>Returns the given values which can then be assigned to a variables.</doc>
<msg timestamp="20210701 11:34:19.616" level="INFO">${password_text} = id:user_password</msg>
<status status="PASS" starttime="20210701 11:34:19.611" endtime="20210701 11:34:19.617"/>
</kw>
<kw name="Element Should Not Be Visible" library="SeleniumLibrary">
<arg>${password_text}</arg>
<doc>Verifies that the element identified by ``locator`` is NOT visible.</doc>
<msg timestamp="20210701 11:34:19.650" level="INFO">Element 'id:user_password' did not exist.</msg>
<status status="PASS" starttime="20210701 11:34:19.618" endtime="20210701 11:34:19.650"/>
</kw>
<status status="PASS" starttime="20210701 11:34:19.526" endtime="20210701 11:34:19.651"/>
</kw>
<kw name="Input Username">
<arg>${USER}</arg>
<kw name="Input Text" library="SeleniumLibrary">
<arg>id:user_email</arg>
<arg>${USER}</arg>
<doc>Types the given ``text`` into the text field identified by ``locator``.</doc>
<msg timestamp="20210701 11:34:19.657" level="INFO">Typing text 'sravantesh.neogi@lexmark.com' into text field 'id:user_email'.</msg>
<status status="PASS" starttime="20210701 11:34:19.654" endtime="20210701 11:34:19.857"/>
</kw>
<status status="PASS" starttime="20210701 11:34:19.651" endtime="20210701 11:34:19.858"/>
</kw>
<kw name="Verify Next Button is enabled and verify value">
<kw name="Set Variable" library="BuiltIn">
<var>${nextbtn}</var>
<arg>btn-email-next</arg>
<doc>Returns the given values which can then be assigned to a variables.</doc>
<msg timestamp="20210701 11:34:19.860" level="INFO">${nextbtn} = btn-email-next</msg>
<status status="PASS" starttime="20210701 11:34:19.859" endtime="20210701 11:34:19.860"/>
</kw>
<kw name="Element Should Be Enabled" library="SeleniumLibrary">
<arg>${nextbtn}</arg>
<doc>Verifies that element identified by ``locator`` is enabled.</doc>
<status status="PASS" starttime="20210701 11:34:19.860" endtime="20210701 11:34:19.957"/>
</kw>
<kw name="Element Should Be Visible" library="SeleniumLibrary">
<arg>${nextbtn}</arg>
<doc>Verifies that the element identified by ``locator`` is visible.</doc>
<msg timestamp="20210701 11:34:19.996" level="INFO">Element 'btn-email-next' is displayed.</msg>
<status status="PASS" starttime="20210701 11:34:19.957" endtime="20210701 11:34:19.996"/>
</kw>
<status status="PASS" starttime="20210701 11:34:19.859" endtime="20210701 11:34:19.996"/>
</kw>
<kw name="Click Next button">
<kw name="Click Button" library="SeleniumLibrary">
<arg>btn-email-next</arg>
<doc>Clicks the button identified by ``locator``.</doc>
<msg timestamp="20210701 11:34:19.998" level="INFO">Clicking button 'btn-email-next'.</msg>
<status status="PASS" starttime="20210701 11:34:19.998" endtime="20210701 11:34:22.220"/>
</kw>
<status status="PASS" starttime="20210701 11:34:19.997" endtime="20210701 11:34:22.221"/>
</kw>
<kw name="Check Password field is enabled and displayed">
<kw name="Set Variable" library="BuiltIn">
<var>${password_text}</var>
<arg>id:user_password</arg>
<doc>Returns the given values which can then be assigned to a variables.</doc>
<msg timestamp="20210701 11:34:22.225" level="INFO">${password_text} = id:user_password</msg>
<status status="PASS" starttime="20210701 11:34:22.225" endtime="20210701 11:34:22.226"/>
</kw>
<kw name="Element Should Be Enabled" library="SeleniumLibrary">
<arg>${password_text}</arg>
<doc>Verifies that element identified by ``locator`` is enabled.</doc>
<status status="PASS" starttime="20210701 11:34:22.226" endtime="20210701 11:34:22.260"/>
</kw>
<kw name="Element Should Be Visible" library="SeleniumLibrary">
<arg>${password_text}</arg>
<doc>Verifies that the element identified by ``locator`` is visible.</doc>
<msg timestamp="20210701 11:34:22.268" level="INFO">Element 'id:user_password' is displayed.</msg>
<status status="PASS" starttime="20210701 11:34:22.260" endtime="20210701 11:34:22.268"/>
</kw>
<status status="PASS" starttime="20210701 11:34:22.224" endtime="20210701 11:34:22.268"/>
</kw>
<kw name="Input Password">
<arg>${PASSWORD}</arg>
<kw name="Input Text" library="SeleniumLibrary">
<arg>id:user_password</arg>
<arg>${PASSWORD}</arg>
<doc>Types the given ``text`` into the text field identified by ``locator``.</doc>
<msg timestamp="20210701 11:34:22.268" level="INFO">Typing text 'Password@1234' into text field 'id:user_password'.</msg>
<status status="PASS" starttime="20210701 11:34:22.268" endtime="20210701 11:34:22.364"/>
</kw>
<status status="PASS" starttime="20210701 11:34:22.268" endtime="20210701 11:34:22.364"/>
</kw>
<kw name="Verify Login Button is enabled and verify value">
<kw name="Set Variable" library="BuiltIn">
<var>${loginbtn}</var>
<arg>btn-email-login</arg>
<doc>Returns the given values which can then be assigned to a variables.</doc>
<msg timestamp="20210701 11:34:22.366" level="INFO">${loginbtn} = btn-email-login</msg>
<status status="PASS" starttime="20210701 11:34:22.365" endtime="20210701 11:34:22.366"/>
</kw>
<kw name="Element Should Be Enabled" library="SeleniumLibrary">
<arg>${loginbtn}</arg>
<doc>Verifies that element identified by ``locator`` is enabled.</doc>
<status status="PASS" starttime="20210701 11:34:22.366" endtime="20210701 11:34:22.398"/>
</kw>
<kw name="Element Should Be Visible" library="SeleniumLibrary">
<arg>${loginbtn}</arg>
<doc>Verifies that the element identified by ``locator`` is visible.</doc>
<msg timestamp="20210701 11:34:22.417" level="INFO">Element 'btn-email-login' is displayed.</msg>
<status status="PASS" starttime="20210701 11:34:22.399" endtime="20210701 11:34:22.417"/>
</kw>
<kw name="Element Attribute Value Should Be" library="SeleniumLibrary">
<arg>${loginbtn}</arg>
<arg>value</arg>
<arg>${login}</arg>
<doc>Verifies element identified by ``locator`` contains expected attribute value.</doc>
<msg timestamp="20210701 11:34:22.432" level="INFO">Element 'btn-email-login' attribute 'value' contains value 'Log In'.</msg>
<status status="PASS" starttime="20210701 11:34:22.417" endtime="20210701 11:34:22.432"/>
</kw>
<status status="PASS" starttime="20210701 11:34:22.365" endtime="20210701 11:34:22.432"/>
</kw>
<kw name="Click Login Button">
<kw name="Click Button" library="SeleniumLibrary">
<arg>btn-email-login</arg>
<doc>Clicks the button identified by ``locator``.</doc>
<msg timestamp="20210701 11:34:22.432" level="INFO">Clicking button 'btn-email-login'.</msg>
<status status="PASS" starttime="20210701 11:34:22.432" endtime="20210701 11:34:24.080"/>
</kw>
<kw name="Wait Until Keyword Succeeds" library="BuiltIn">
<arg>35 sec</arg>
<arg>5 sec</arg>
<arg>page should contain</arg>
<arg>Cloud Services Home</arg>
<doc>Runs the specified keyword and retries if it fails.</doc>
<kw name="Page Should Contain" library="SeleniumLibrary">
<arg>Cloud Services Home</arg>
<doc>Verifies that current page contains ``text``.</doc>
<kw name="Capture Page Screenshot" library="SeleniumLibrary">
<doc>Takes a screenshot of the current page and embeds it into a log file.</doc>
<msg timestamp="20210701 11:34:24.254" level="INFO" html="true">&lt;/td&gt;&lt;/tr&gt;&lt;tr&gt;&lt;td colspan="3"&gt;&lt;a href="selenium-screenshot-3.png"&gt;&lt;img src="selenium-screenshot-3.png" width="800px"&gt;&lt;/a&gt;</msg>
<status status="PASS" starttime="20210701 11:34:24.125" endtime="20210701 11:34:24.254"/>
</kw>
<msg timestamp="20210701 11:34:24.258" level="FAIL">Page should have contained text 'Cloud Services Home' but did not.</msg>
<status status="FAIL" starttime="20210701 11:34:24.082" endtime="20210701 11:34:24.258"/>
</kw>
<kw name="Page Should Contain" library="SeleniumLibrary">
<arg>Cloud Services Home</arg>
<doc>Verifies that current page contains ``text``.</doc>
<msg timestamp="20210701 11:34:29.275" level="INFO">Current page contains text 'Cloud Services Home'.</msg>
<status status="PASS" starttime="20210701 11:34:29.260" endtime="20210701 11:34:29.275"/>
</kw>
<status status="PASS" starttime="20210701 11:34:24.081" endtime="20210701 11:34:29.275"/>
</kw>
<status status="PASS" starttime="20210701 11:34:22.432" endtime="20210701 11:34:29.275"/>
</kw>
<kw name="Dashboard Should Open">
<kw name="Title Should Be" library="SeleniumLibrary">
<arg>Dashboard | Lexmark Cloud Services</arg>
<doc>Verifies that the current page title equals ``title``.</doc>
<msg timestamp="20210701 11:34:29.281" level="INFO">Page title is 'Dashboard | Lexmark Cloud Services'.</msg>
<status status="PASS" starttime="20210701 11:34:29.276" endtime="20210701 11:34:29.281"/>
</kw>
<status status="PASS" starttime="20210701 11:34:29.276" endtime="20210701 11:34:29.281"/>
</kw>
<kw name="Logout">
<kw name="Set Variable" library="BuiltIn">
<var>${usermenu}</var>
<arg>userMenu</arg>
<doc>Returns the given values which can then be assigned to a variables.</doc>
<msg timestamp="20210701 11:34:29.282" level="INFO">${usermenu} = userMenu</msg>
<status status="PASS" starttime="20210701 11:34:29.282" endtime="20210701 11:34:29.282"/>
</kw>
<kw name="Set Variable" library="BuiltIn">
<var>${logout}</var>
<arg>link-logout</arg>
<doc>Returns the given values which can then be assigned to a variables.</doc>
<msg timestamp="20210701 11:34:29.283" level="INFO">${logout} = link-logout</msg>
<status status="PASS" starttime="20210701 11:34:29.283" endtime="20210701 11:34:29.283"/>
</kw>
<kw name="Wait Until Keyword Succeeds" library="BuiltIn">
<arg>35 sec</arg>
<arg>5 sec</arg>
<arg>element should be visible</arg>
<arg>userMenu</arg>
<doc>Runs the specified keyword and retries if it fails.</doc>
<kw name="Element Should Be Visible" library="SeleniumLibrary">
<arg>userMenu</arg>
<doc>Verifies that the element identified by ``locator`` is visible.</doc>
<msg timestamp="20210701 11:34:29.311" level="INFO">Element 'userMenu' is displayed.</msg>
<status status="PASS" starttime="20210701 11:34:29.284" endtime="20210701 11:34:29.311"/>
</kw>
<status status="PASS" starttime="20210701 11:34:29.283" endtime="20210701 11:34:29.312"/>
</kw>
<kw name="Click Element" library="SeleniumLibrary">
<arg>${usermenu}</arg>
<doc>Click the element identified by ``locator``.</doc>
<msg timestamp="20210701 11:34:29.313" level="INFO">Clicking element 'userMenu'.</msg>
<status status="PASS" starttime="20210701 11:34:29.312" endtime="20210701 11:34:29.388"/>
</kw>
<kw name="Wait Until Page Contains Element" library="SeleniumLibrary">
<arg>${logout}</arg>
<doc>Waits until the element ``locator`` appears on the current page.</doc>
<status status="PASS" starttime="20210701 11:34:29.388" endtime="20210701 11:34:29.411"/>
</kw>
<kw name="Click Element" library="SeleniumLibrary">
<arg>${logout}</arg>
<doc>Click the element identified by ``locator``.</doc>
<msg timestamp="20210701 11:34:29.412" level="INFO">Clicking element 'link-logout'.</msg>
<status status="PASS" starttime="20210701 11:34:29.412" endtime="20210701 11:34:29.468"/>
</kw>
<kw name="Wait Until Keyword Succeeds" library="BuiltIn">
<arg>35 sec</arg>
<arg>5 sec</arg>
<arg>title should be</arg>
<arg>Lexmark Log In</arg>
<doc>Runs the specified keyword and retries if it fails.</doc>
<kw name="Title Should Be" library="SeleniumLibrary">
<arg>Lexmark Log In</arg>
<doc>Verifies that the current page title equals ``title``.</doc>
<kw name="Capture Page Screenshot" library="SeleniumLibrary">
<doc>Takes a screenshot of the current page and embeds it into a log file.</doc>
<msg timestamp="20210701 11:34:29.545" level="INFO" html="true">&lt;/td&gt;&lt;/tr&gt;&lt;tr&gt;&lt;td colspan="3"&gt;&lt;a href="selenium-screenshot-4.png"&gt;&lt;img src="selenium-screenshot-4.png" width="800px"&gt;&lt;/a&gt;</msg>
<status status="PASS" starttime="20210701 11:34:29.475" endtime="20210701 11:34:29.546"/>
</kw>
<msg timestamp="20210701 11:34:29.547" level="FAIL">Title should have been 'Lexmark Log In' but was 'Dashboard | Lexmark Cloud Services'.</msg>
<status status="FAIL" starttime="20210701 11:34:29.469" endtime="20210701 11:34:29.547"/>
</kw>
<kw name="Title Should Be" library="SeleniumLibrary">
<arg>Lexmark Log In</arg>
<doc>Verifies that the current page title equals ``title``.</doc>
<msg timestamp="20210701 11:34:34.571" level="INFO">Page title is 'Lexmark Log In'.</msg>
<status status="PASS" starttime="20210701 11:34:34.549" endtime="20210701 11:34:34.572"/>
</kw>
<status status="PASS" starttime="20210701 11:34:29.468" endtime="20210701 11:34:34.572"/>
</kw>
<kw name="Close All Browsers" library="SeleniumLibrary">
<doc>Closes all open browsers and resets the browser cache.</doc>
<status status="PASS" starttime="20210701 11:34:34.572" endtime="20210701 11:34:36.700"/>
</kw>
<status status="PASS" starttime="20210701 11:34:29.282" endtime="20210701 11:34:36.700"/>
</kw>
<status status="PASS" starttime="20210701 11:34:13.303" endtime="20210701 11:34:36.701"/>
</test>
<status status="PASS" starttime="20210701 11:34:11.016" endtime="20210701 11:34:36.703"/>
</suite>
<statistics>
<total>
<stat pass="1" fail="0" skip="0">All Tests</stat>
</total>
<tag>
</tag>
<suite>
<stat pass="1" fail="0" skip="0" id="s1" name="Login CPM TS2">Login CPM TS2</stat>
</suite>
</statistics>
<errors>
<msg timestamp="20210701 11:34:13.193" level="ERROR">Error in file 'C:\Users\neogis\D Drive\FREEDOM\Python\STL_Automation\Login\Login_CPM_TS2.robot' on line 9: Test library '..\Library\send_email_eu_eu.py' does not exist.</msg>
</errors>
</robot>
