<?xml version="1.0" encoding="UTF-8"?>
<robot generator="Robot 3.2.2 (Python 3.8.3 on win32)" generated="20210407 00:36:29.718" rpa="false">
<suite id="s1" name="Login CPM TC1 &amp; Login CPM TS2">
<suite id="s1-s1" name="Login CPM TC1" source="C:\Users\neogis\D Drive\FREEDOM\Python\CloudAutomation\Login\Login_CPM_TC1.robot">
<test id="s1-s1-t1" name="Blank User Name verification">
<kw name="Open CPM Portal and Blank user name login verification" library="CPM_LoginPage_resources">
<arguments>
<arg>${username_blank}</arg>
</arguments>
<kw name="Set Selenium Timeout" library="SeleniumLibrary">
<doc>Sets the timeout that is used by various keywords.</doc>
<arguments>
<arg>20</arg>
</arguments>
<status status="PASS" starttime="20210407 00:36:31.305" endtime="20210407 00:36:31.305"></status>
</kw>
<kw name="Open Browser" library="SeleniumLibrary">
<doc>Opens a new browser instance to the optional ``url``.</doc>
<arguments>
<arg>${URL}</arg>
<arg>${BROWSER}</arg>
</arguments>
<msg timestamp="20210407 00:36:31.308" level="FAIL">Variable '${URL}' not found.</msg>
<status status="FAIL" starttime="20210407 00:36:31.305" endtime="20210407 00:36:31.309"></status>
</kw>
<status status="FAIL" starttime="20210407 00:36:31.305" endtime="20210407 00:36:31.309"></status>
</kw>
<status status="FAIL" starttime="20210407 00:36:31.304" endtime="20210407 00:36:31.309" critical="yes">Variable '${URL}' not found.</status>
</test>
<test id="s1-s1-t2" name="Invalid User Name verification">
<kw name="Open CPM Portal and Invalid user name login verification" library="CPM_LoginPage_resources">
<arguments>
<arg>${username_invalid}</arg>
</arguments>
<kw name="Set Selenium Timeout" library="SeleniumLibrary">
<doc>Sets the timeout that is used by various keywords.</doc>
<arguments>
<arg>20</arg>
</arguments>
<status status="PASS" starttime="20210407 00:36:31.311" endtime="20210407 00:36:31.311"></status>
</kw>
<kw name="Open Browser" library="SeleniumLibrary">
<doc>Opens a new browser instance to the optional ``url``.</doc>
<arguments>
<arg>${URL}</arg>
<arg>${BROWSER}</arg>
</arguments>
<msg timestamp="20210407 00:36:31.313" level="FAIL">Variable '${URL}' not found.</msg>
<status status="FAIL" starttime="20210407 00:36:31.311" endtime="20210407 00:36:31.313"></status>
</kw>
<status status="FAIL" starttime="20210407 00:36:31.310" endtime="20210407 00:36:31.313"></status>
</kw>
<status status="FAIL" starttime="20210407 00:36:31.310" endtime="20210407 00:36:31.313" critical="yes">Variable '${URL}' not found.</status>
</test>
<test id="s1-s1-t3" name="Blank Password verification">
<kw name="Open CPM Portal and Blank password verification" library="CPM_LoginPage_resources">
<arguments>
<arg>${USER}</arg>
<arg>${password_blank}</arg>
</arguments>
<msg timestamp="20210407 00:36:31.319" level="FAIL">Variable '${USER}' not found.</msg>
<status status="FAIL" starttime="20210407 00:36:31.316" endtime="20210407 00:36:31.319"></status>
</kw>
<status status="FAIL" starttime="20210407 00:36:31.315" endtime="20210407 00:36:31.319" critical="yes">Variable '${USER}' not found.</status>
</test>
<test id="s1-s1-t4" name="Invalid Password verification">
<kw name="Open CPM Portal and Invalid password verification" library="CPM_LoginPage_resources">
<arguments>
<arg>${USER}</arg>
<arg>${password_invalid}</arg>
</arguments>
<msg timestamp="20210407 00:36:31.322" level="FAIL">Variable '${USER}' not found.</msg>
<status status="FAIL" starttime="20210407 00:36:31.320" endtime="20210407 00:36:31.323"></status>
</kw>
<status status="FAIL" starttime="20210407 00:36:31.320" endtime="20210407 00:36:31.323" critical="yes">Variable '${USER}' not found.</status>
</test>
<test id="s1-s1-t5" name="Correct Login verification">
<kw name="Open CPM portal and Login Verification" library="CPM_LoginPage_resources">
<arguments>
<arg>${USER}</arg>
<arg>${PASSWORD}</arg>
</arguments>
<msg timestamp="20210407 00:36:31.326" level="FAIL">Variable '${USER}' not found.</msg>
<status status="FAIL" starttime="20210407 00:36:31.324" endtime="20210407 00:36:31.326"></status>
</kw>
<status status="FAIL" starttime="20210407 00:36:31.323" endtime="20210407 00:36:31.326" critical="yes">Variable '${USER}' not found.</status>
</test>
<test id="s1-s1-t6" name="Verification of dashboard title">
<kw name="Dashboard Should Open" library="CPM_LoginPage_resources">
<kw name="Set Selenium Timeout" library="SeleniumLibrary">
<doc>Sets the timeout that is used by various keywords.</doc>
<arguments>
<arg>20</arg>
</arguments>
<status status="PASS" starttime="20210407 00:36:31.327" endtime="20210407 00:36:31.328"></status>
</kw>
<kw name="Wait Until Page Contains" library="SeleniumLibrary">
<doc>Waits until ``text`` appears on the current page.</doc>
<arguments>
<arg>Cloud Services Home</arg>
</arguments>
<kw name="Capture Page Screenshot" library="SeleniumLibrary">
<doc>Takes a screenshot of the current page and embeds it into a log file.</doc>
<msg timestamp="20210407 00:36:31.328" level="INFO">Cannot capture screenshot because no browser is open.</msg>
<status status="PASS" starttime="20210407 00:36:31.328" endtime="20210407 00:36:31.328"></status>
</kw>
<msg timestamp="20210407 00:36:31.334" level="FAIL">No browser is open.</msg>
<status status="FAIL" starttime="20210407 00:36:31.328" endtime="20210407 00:36:31.335"></status>
</kw>
<status status="FAIL" starttime="20210407 00:36:31.327" endtime="20210407 00:36:31.335"></status>
</kw>
<status status="FAIL" starttime="20210407 00:36:31.326" endtime="20210407 00:36:31.335" critical="yes">No browser is open.</status>
</test>
<test id="s1-s1-t7" name="Logout from portal">
<kw name="Logout" library="CPM_LoginPage_resources">
<kw name="Set Selenium Timeout" library="SeleniumLibrary">
<doc>Sets the timeout that is used by various keywords.</doc>
<arguments>
<arg>20</arg>
</arguments>
<status status="PASS" starttime="20210407 00:36:31.337" endtime="20210407 00:36:31.337"></status>
</kw>
<kw name="Click Element" library="SeleniumLibrary">
<doc>Click the element identified by ``locator``.</doc>
<arguments>
<arg>${lnk_username}</arg>
</arguments>
<msg timestamp="20210407 00:36:31.338" level="INFO">Clicking element 'id:userMenu'.</msg>
<kw name="Capture Page Screenshot" library="SeleniumLibrary">
<doc>Takes a screenshot of the current page and embeds it into a log file.</doc>
<msg timestamp="20210407 00:36:31.338" level="INFO">Cannot capture screenshot because no browser is open.</msg>
<status status="PASS" starttime="20210407 00:36:31.338" endtime="20210407 00:36:31.338"></status>
</kw>
<msg timestamp="20210407 00:36:31.339" level="FAIL">No browser is open.</msg>
<status status="FAIL" starttime="20210407 00:36:31.337" endtime="20210407 00:36:31.339"></status>
</kw>
<status status="FAIL" starttime="20210407 00:36:31.336" endtime="20210407 00:36:31.340"></status>
</kw>
<status status="FAIL" starttime="20210407 00:36:31.335" endtime="20210407 00:36:31.340" critical="yes">No browser is open.</status>
</test>
<status status="FAIL" starttime="20210407 00:36:29.760" endtime="20210407 00:36:31.341"></status>
</suite>
<suite id="s1-s2" name="Login CPM TS2" source="C:\Users\neogis\D Drive\FREEDOM\Python\CloudAutomation\Login\Login_CPM_TS2.robot">
<test id="s1-s2-t1" name="LoginTest">
<kw name="Open Browser To Login Page">
<kw name="Open Browser" library="SeleniumLibrary">
<doc>Opens a new browser instance to the optional ``url``.</doc>
<arguments>
<arg>${URL}</arg>
<arg>${BROWSER}</arg>
</arguments>
<msg timestamp="20210407 00:36:31.351" level="FAIL">Variable '${URL}' not found.</msg>
<status status="FAIL" starttime="20210407 00:36:31.351" endtime="20210407 00:36:31.352"></status>
</kw>
<status status="FAIL" starttime="20210407 00:36:31.350" endtime="20210407 00:36:31.352"></status>
</kw>
<status status="FAIL" starttime="20210407 00:36:31.349" endtime="20210407 00:36:31.352" critical="yes">Variable '${URL}' not found.</status>
</test>
<status status="FAIL" starttime="20210407 00:36:31.342" endtime="20210407 00:36:31.353"></status>
</suite>
<status status="FAIL" starttime="20210407 00:36:29.720" endtime="20210407 00:36:31.354"></status>
</suite>
<statistics>
<total>
<stat pass="0" fail="8">Critical Tests</stat>
<stat pass="0" fail="8">All Tests</stat>
</total>
<tag>
</tag>
<suite>
<stat pass="0" fail="8" id="s1" name="Login CPM TC1 &amp; Login CPM TS2">Login CPM TC1 &amp; Login CPM TS2</stat>
<stat pass="0" fail="7" id="s1-s1" name="Login CPM TC1">Login CPM TC1 &amp; Login CPM TS2.Login CPM TC1</stat>
<stat pass="0" fail="1" id="s1-s2" name="Login CPM TS2">Login CPM TC1 &amp; Login CPM TS2.Login CPM TS2</stat>
</suite>
</statistics>
<errors>
</errors>
</robot>
