<?xml version="1.0" encoding="UTF-8"?>
<robot generator="Robot 4.0.1 (Python 3.8.3 on win32)" generated="20210503 21:44:24.571" rpa="false" schemaversion="2">
<suite id="s1" name="OrgPolicy CPM TC1 QuotaAssignment CostCenter" source="C:\Users\neogis\D Drive\FREEDOM\Python\STL_Automation\Quota\OrgPolicy_CPM_TC1_QuotaAssignment_CostCenter.robot">
<kw name="Open Browser and Quota Page" library="CPM_OrgPolicy_Resources_CostCenter" type="SETUP">
<kw name="Catenate" library="BuiltIn">
<var>${lnk_cpm}</var>
<arg>SEPARATOR=</arg>
<arg>${URL}</arg>
<arg>cpm</arg>
<doc>Catenates the given items together and returns the resulted string.</doc>
<msg timestamp="20210503 21:44:30.116" level="INFO">${lnk_cpm} = https://dev.us.cloud.onelxk.co/cpm</msg>
<status status="PASS" starttime="20210503 21:44:30.116" endtime="20210503 21:44:30.116"/>
</kw>
<kw name="Open Browser" library="SeleniumLibrary">
<arg>${URL}</arg>
<arg>${BROWSER}</arg>
<doc>Opens a new browser instance to the optional ``url``.</doc>
<msg timestamp="20210503 21:44:30.116" level="INFO">Opening browser 'Chrome' to base url 'https://dev.us.cloud.onelxk.co/'.</msg>
<status status="PASS" starttime="20210503 21:44:30.116" endtime="20210503 21:44:35.728"/>
</kw>
<kw name="Maximize Browser Window" library="SeleniumLibrary">
<doc>Maximizes current browser window.</doc>
<status status="PASS" starttime="20210503 21:44:35.728" endtime="20210503 21:44:35.868"/>
</kw>
<kw name="Input Text" library="SeleniumLibrary">
<arg>${txt_username}</arg>
<arg>${USER}</arg>
<doc>Types the given ``text`` into the text field identified by ``locator``.</doc>
<msg timestamp="20210503 21:44:35.869" level="INFO">Typing text 'sravantesh.neogi@lexmark.com' into text field 'id:user_email'.</msg>
<status status="PASS" starttime="20210503 21:44:35.868" endtime="20210503 21:44:36.014"/>
</kw>
<kw name="Click Button" library="SeleniumLibrary">
<arg>${btn_next}</arg>
<doc>Clicks the button identified by ``locator``.</doc>
<msg timestamp="20210503 21:44:36.015" level="INFO">Clicking button 'id:btn-email-next'.</msg>
<status status="PASS" starttime="20210503 21:44:36.014" endtime="20210503 21:44:36.840"/>
</kw>
<kw name="Wait Until Keyword Succeeds" library="BuiltIn">
<arg>35 sec</arg>
<arg>5 sec</arg>
<arg>element should be visible</arg>
<arg>${txt_password}</arg>
<doc>Runs the specified keyword and retries if it fails.</doc>
<kw name="Element Should Be Visible" library="SeleniumLibrary">
<arg>${txt_password}</arg>
<doc>Verifies that the element identified by ``locator`` is visible.</doc>
<msg timestamp="20210503 21:44:36.894" level="INFO">Element 'id:user_password' is displayed.</msg>
<status status="PASS" starttime="20210503 21:44:36.842" endtime="20210503 21:44:36.894"/>
</kw>
<status status="PASS" starttime="20210503 21:44:36.840" endtime="20210503 21:44:36.894"/>
</kw>
<kw name="Input Text" library="SeleniumLibrary">
<arg>${txt_password}</arg>
<arg>${PASSWORD}</arg>
<doc>Types the given ``text`` into the text field identified by ``locator``.</doc>
<msg timestamp="20210503 21:44:36.895" level="INFO">Typing text 'Password@1234' into text field 'id:user_password'.</msg>
<status status="PASS" starttime="20210503 21:44:36.894" endtime="20210503 21:44:36.989"/>
</kw>
<kw name="Click Button" library="SeleniumLibrary">
<arg>${btn_login}</arg>
<doc>Clicks the button identified by ``locator``.</doc>
<msg timestamp="20210503 21:44:36.990" level="INFO">Clicking button 'id:btn-email-login'.</msg>
<status status="PASS" starttime="20210503 21:44:36.990" endtime="20210503 21:44:38.918"/>
</kw>
<kw name="Wait Until Keyword Succeeds" library="BuiltIn">
<arg>35 sec</arg>
<arg>5 sec</arg>
<arg>page should contain</arg>
<arg>Cloud Services Home</arg>
<doc>Runs the specified keyword and retries if it fails.</doc>
<kw name="Page Should Contain" library="SeleniumLibrary">
<arg>Cloud Services Home</arg>
<doc>Verifies that current page contains ``text``.</doc>
<msg timestamp="20210503 21:44:38.936" level="INFO">Current page contains text 'Cloud Services Home'.</msg>
<status status="PASS" starttime="20210503 21:44:38.918" endtime="20210503 21:44:38.936"/>
</kw>
<status status="PASS" starttime="20210503 21:44:38.918" endtime="20210503 21:44:38.936"/>
</kw>
<kw name="Catenate" library="BuiltIn">
<var>${lnk_cpm}</var>
<arg>SEPARATOR=</arg>
<arg>${URL}</arg>
<arg>cpm</arg>
<doc>Catenates the given items together and returns the resulted string.</doc>
<msg timestamp="20210503 21:44:38.937" level="INFO">${lnk_cpm} = https://dev.us.cloud.onelxk.co/cpm</msg>
<status status="PASS" starttime="20210503 21:44:38.936" endtime="20210503 21:44:38.937"/>
</kw>
<kw name="Go To" library="SeleniumLibrary">
<arg>${lnk_cpm}</arg>
<doc>Navigates the current browser window to the provided ``url``.</doc>
<msg timestamp="20210503 21:44:38.937" level="INFO">Opening url 'https://dev.us.cloud.onelxk.co/cpm'</msg>
<status status="PASS" starttime="20210503 21:44:38.937" endtime="20210503 21:44:40.408"/>
</kw>
<kw name="Wait Until Keyword Succeeds" library="BuiltIn">
<arg>25 sec</arg>
<arg>5 sec</arg>
<arg>title should be</arg>
<arg>Print Management | Lexmark Cloud Services</arg>
<doc>Runs the specified keyword and retries if it fails.</doc>
<kw name="Title Should Be" library="SeleniumLibrary">
<arg>Print Management | Lexmark Cloud Services</arg>
<doc>Verifies that the current page title equals ``title``.</doc>
<msg timestamp="20210503 21:44:40.419" level="INFO">Page title is 'Print Management | Lexmark Cloud Services'.</msg>
<status status="PASS" starttime="20210503 21:44:40.410" endtime="20210503 21:44:40.419"/>
</kw>
<status status="PASS" starttime="20210503 21:44:40.409" endtime="20210503 21:44:40.419"/>
</kw>
<kw name="Switch Window" library="SeleniumLibrary">
<arg>Print Management | Lexmark Cloud Services</arg>
<doc>Switches to browser window matching ``locator``.</doc>
<status status="PASS" starttime="20210503 21:44:40.420" endtime="20210503 21:44:40.456"/>
</kw>
<kw name="Title Should Be" library="SeleniumLibrary">
<arg>Print Management | Lexmark Cloud Services</arg>
<doc>Verifies that the current page title equals ``title``.</doc>
<msg timestamp="20210503 21:44:40.461" level="INFO">Page title is 'Print Management | Lexmark Cloud Services'.</msg>
<status status="PASS" starttime="20210503 21:44:40.457" endtime="20210503 21:44:40.461"/>
</kw>
<kw name="Wait Until Element Is Visible" library="SeleniumLibrary">
<arg>${admin_dropdown}</arg>
<doc>Waits until the element ``locator`` is visible.</doc>
<status status="PASS" starttime="20210503 21:44:40.462" endtime="20210503 21:44:42.723"/>
</kw>
<kw name="Click Element" library="SeleniumLibrary">
<arg>${admin_dropdown}</arg>
<doc>Click the element identified by ``locator``.</doc>
<msg timestamp="20210503 21:44:42.723" level="INFO">Clicking element 'id:navAdminDropdown'.</msg>
<status status="PASS" starttime="20210503 21:44:42.723" endtime="20210503 21:44:42.843"/>
</kw>
<kw name="Wait Until Page Contains Element" library="SeleniumLibrary">
<arg>${lbl_quotadefinition}</arg>
<doc>Waits until the element ``locator`` appears on the current page.</doc>
<status status="PASS" starttime="20210503 21:44:42.844" endtime="20210503 21:44:43.317"/>
</kw>
<kw name="Click Element" library="SeleniumLibrary">
<arg>${lbl_quotadefinition}</arg>
<doc>Click the element identified by ``locator``.</doc>
<msg timestamp="20210503 21:44:43.317" level="INFO">Clicking element 'id:navAdminDropdownQuotaDefinition'.</msg>
<status status="PASS" starttime="20210503 21:44:43.317" endtime="20210503 21:44:43.390"/>
</kw>
<status status="PASS" starttime="20210503 21:44:30.116" endtime="20210503 21:44:43.390"/>
</kw>
<test id="s1-t1" name="Cost Center Quota Assignment : Vary_Unlimited_Color50">
<kw name="Check Custom quota vary">
<arg>Vary_Unlimited_Color50</arg>
<arg>definitionLimitsSelectControl-listbox-item-2</arg>
<arg>individualQuotaValuesId-row-checkbox-4</arg>
<arg>definitionTotalSelectControl-listbox-item-1</arg>
<arg>customRadioOption_radio_input</arg>
<arg>Monthly</arg>
<arg>Unlimited</arg>
<arg>50</arg>
<arg>individualQuotaValuesId-row-4-totalQuota</arg>
<arg>Unlimited</arg>
<arg>individualQuotaValuesId-row-4-colorQuota</arg>
<arg>50</arg>
<kw name="Create Custom quota vary" library="CPM_OrgPolicy_Resources_CostCenter">
<arg>${quota_name}</arg>
<arg>${quota_interval}</arg>
<arg>${month}</arg>
<arg>${quota_total}</arg>
<arg>${quota_color}</arg>
<arg>${quota_interval_value}</arg>
<arg>${quota_total_value}</arg>
<arg>${quota_color_value}</arg>
<arg>${monthly_total_id}</arg>
<arg>${monthly_total_value}</arg>
<arg>${monthly_color_id}</arg>
<arg>${monthly_color_value}</arg>
<kw name="Set Selenium Timeout" library="SeleniumLibrary">
<arg>20</arg>
<doc>Sets the timeout that is used by various keywords.</doc>
<status status="PASS" starttime="20210503 21:44:43.394" endtime="20210503 21:44:43.399"/>
</kw>
<kw name="Set Global Variable" library="BuiltIn">
<arg>${quota_color_value}</arg>
<doc>Makes a variable available globally in all tests and suites.</doc>
<msg timestamp="20210503 21:44:43.401" level="INFO">${quota_color_value} = 50</msg>
<status status="PASS" starttime="20210503 21:44:43.400" endtime="20210503 21:44:43.401"/>
</kw>
<kw name="Set Global Variable" library="BuiltIn">
<arg>${quota_color}</arg>
<doc>Makes a variable available globally in all tests and suites.</doc>
<msg timestamp="20210503 21:44:43.402" level="INFO">${quota_color} = customRadioOption_radio_input</msg>
<status status="PASS" starttime="20210503 21:44:43.401" endtime="20210503 21:44:43.402"/>
</kw>
<kw name="Set Global Variable" library="BuiltIn">
<arg>${quota_name}</arg>
<doc>Makes a variable available globally in all tests and suites.</doc>
<msg timestamp="20210503 21:44:43.402" level="INFO">${quota_name} = Vary_Unlimited_Color50</msg>
<status status="PASS" starttime="20210503 21:44:43.402" endtime="20210503 21:44:43.402"/>
</kw>
<kw name="Set Global Variable" library="BuiltIn">
<arg>${quota_interval_value}</arg>
<doc>Makes a variable available globally in all tests and suites.</doc>
<msg timestamp="20210503 21:44:43.403" level="INFO">${quota_interval_value} = Monthly</msg>
<status status="PASS" starttime="20210503 21:44:43.402" endtime="20210503 21:44:43.403"/>
</kw>
<kw name="Set Global Variable" library="BuiltIn">
<arg>${quota_total_value}</arg>
<doc>Makes a variable available globally in all tests and suites.</doc>
<msg timestamp="20210503 21:44:43.404" level="INFO">${quota_total_value} = Unlimited</msg>
<status status="PASS" starttime="20210503 21:44:43.403" endtime="20210503 21:44:43.404"/>
</kw>
<kw name="Set Global Variable" library="BuiltIn">
<arg>${month}</arg>
<doc>Makes a variable available globally in all tests and suites.</doc>
<msg timestamp="20210503 21:44:43.405" level="INFO">${month} = individualQuotaValuesId-row-checkbox-4</msg>
<status status="PASS" starttime="20210503 21:44:43.404" endtime="20210503 21:44:43.405"/>
</kw>
<kw name="Set Global Variable" library="BuiltIn">
<arg>${monthly_total_id}</arg>
<doc>Makes a variable available globally in all tests and suites.</doc>
<msg timestamp="20210503 21:44:43.406" level="INFO">${monthly_total_id} = individualQuotaValuesId-row-4-totalQuota</msg>
<status status="PASS" starttime="20210503 21:44:43.405" endtime="20210503 21:44:43.406"/>
</kw>
<kw name="Set Global Variable" library="BuiltIn">
<arg>${monthly_total_value}</arg>
<doc>Makes a variable available globally in all tests and suites.</doc>
<msg timestamp="20210503 21:44:43.407" level="INFO">${monthly_total_value} = Unlimited</msg>
<status status="PASS" starttime="20210503 21:44:43.407" endtime="20210503 21:44:43.408"/>
</kw>
<kw name="Set Global Variable" library="BuiltIn">
<arg>${monthly_color_id}</arg>
<doc>Makes a variable available globally in all tests and suites.</doc>
<msg timestamp="20210503 21:44:43.408" level="INFO">${monthly_color_id} = individualQuotaValuesId-row-4-colorQuota</msg>
<status status="PASS" starttime="20210503 21:44:43.408" endtime="20210503 21:44:43.408"/>
</kw>
<kw name="Set Global Variable" library="BuiltIn">
<arg>${monthly_color_value}</arg>
<doc>Makes a variable available globally in all tests and suites.</doc>
<msg timestamp="20210503 21:44:43.409" level="INFO">${monthly_color_value} = 50</msg>
<status status="PASS" starttime="20210503 21:44:43.409" endtime="20210503 21:44:43.409"/>
</kw>
<kw name="Wait Until Keyword Succeeds" library="BuiltIn">
<arg>35 sec</arg>
<arg>5 sec</arg>
<arg>element should be visible</arg>
<arg>${btn_create_quota}</arg>
<doc>Runs the specified keyword and retries if it fails.</doc>
<kw name="Element Should Be Visible" library="SeleniumLibrary">
<arg>${btn_create_quota}</arg>
<doc>Verifies that the element identified by ``locator`` is visible.</doc>
<kw name="Capture Page Screenshot" library="SeleniumLibrary">
<doc>Takes a screenshot of the current page and embeds it into a log file.</doc>
<msg timestamp="20210503 21:44:43.683" level="INFO" html="true">&lt;/td&gt;&lt;/tr&gt;&lt;tr&gt;&lt;td colspan="3"&gt;&lt;a href="selenium-screenshot-1.png"&gt;&lt;img src="selenium-screenshot-1.png" width="800px"&gt;&lt;/a&gt;</msg>
<status status="PASS" starttime="20210503 21:44:43.430" endtime="20210503 21:44:43.684"/>
</kw>
<msg timestamp="20210503 21:44:43.739" level="FAIL">Element with locator 'id:createQuotaDefinition' not found.</msg>
<status status="FAIL" starttime="20210503 21:44:43.410" endtime="20210503 21:44:43.739"/>
</kw>
<kw name="Element Should Be Visible" library="SeleniumLibrary">
<arg>${btn_create_quota}</arg>
<doc>Verifies that the element identified by ``locator`` is visible.</doc>
<msg timestamp="20210503 21:44:48.787" level="INFO">Element 'id:createQuotaDefinition' is displayed.</msg>
<status status="PASS" starttime="20210503 21:44:48.750" endtime="20210503 21:44:48.787"/>
</kw>
<status status="PASS" starttime="20210503 21:44:43.409" endtime="20210503 21:44:48.787"/>
</kw>
<kw name="Click Element" library="SeleniumLibrary">
<arg>${btn_create_quota}</arg>
<doc>Click the element identified by ``locator``.</doc>
<msg timestamp="20210503 21:44:48.787" level="INFO">Clicking element 'id:createQuotaDefinition'.</msg>
<status status="PASS" starttime="20210503 21:44:48.787" endtime="20210503 21:44:48.910"/>
</kw>
<kw name="Wait Until Keyword Succeeds" library="BuiltIn">
<arg>35 sec</arg>
<arg>5 sec</arg>
<arg>element should be visible</arg>
<arg>${txt_quotaname}</arg>
<doc>Runs the specified keyword and retries if it fails.</doc>
<kw name="Element Should Be Visible" library="SeleniumLibrary">
<arg>${txt_quotaname}</arg>
<doc>Verifies that the element identified by ``locator`` is visible.</doc>
<kw name="Capture Page Screenshot" library="SeleniumLibrary">
<doc>Takes a screenshot of the current page and embeds it into a log file.</doc>
<msg timestamp="20210503 21:44:49.125" level="INFO" html="true">&lt;/td&gt;&lt;/tr&gt;&lt;tr&gt;&lt;td colspan="3"&gt;&lt;a href="selenium-screenshot-2.png"&gt;&lt;img src="selenium-screenshot-2.png" width="800px"&gt;&lt;/a&gt;</msg>
<status status="PASS" starttime="20210503 21:44:48.935" endtime="20210503 21:44:49.125"/>
</kw>
<msg timestamp="20210503 21:44:49.125" level="FAIL">Element with locator 'id:definitionName' not found.</msg>
<status status="FAIL" starttime="20210503 21:44:48.911" endtime="20210503 21:44:49.125"/>
</kw>
<kw name="Element Should Be Visible" library="SeleniumLibrary">
<arg>${txt_quotaname}</arg>
<doc>Verifies that the element identified by ``locator`` is visible.</doc>
<msg timestamp="20210503 21:44:54.190" level="INFO">Element 'id:definitionName' is displayed.</msg>
<status status="PASS" starttime="20210503 21:44:54.138" endtime="20210503 21:44:54.190"/>
</kw>
<status status="PASS" starttime="20210503 21:44:48.910" endtime="20210503 21:44:54.190"/>
</kw>
<kw name="Clear Element Text" library="SeleniumLibrary">
<arg>${txt_quotaname}</arg>
<doc>Clears the value of the text-input-element identified by ``locator``.</doc>
<status status="PASS" starttime="20210503 21:44:54.190" endtime="20210503 21:44:54.288"/>
</kw>
<kw name="Input Text" library="SeleniumLibrary">
<arg>${txt_quotaname}</arg>
<arg>${quota_name}</arg>
<doc>Types the given ``text`` into the text field identified by ``locator``.</doc>
<msg timestamp="20210503 21:44:54.289" level="INFO">Typing text 'Vary_Unlimited_Color50' into text field 'id:definitionName'.</msg>
<status status="PASS" starttime="20210503 21:44:54.288" endtime="20210503 21:44:54.586"/>
</kw>
<kw name="Click Element" library="SeleniumLibrary">
<arg>${lst_quotalimit}</arg>
<doc>Click the element identified by ``locator``.</doc>
<msg timestamp="20210503 21:44:54.586" level="INFO">Clicking element 'id:definitionLimitsSelectControl'.</msg>
<status status="PASS" starttime="20210503 21:44:54.586" endtime="20210503 21:44:54.671"/>
</kw>
<kw name="Wait Until Keyword Succeeds" library="BuiltIn">
<arg>35 sec</arg>
<arg>5 sec</arg>
<arg>element should be visible</arg>
<arg>${quota_interval}</arg>
<doc>Runs the specified keyword and retries if it fails.</doc>
<kw name="Element Should Be Visible" library="SeleniumLibrary">
<arg>${quota_interval}</arg>
<doc>Verifies that the element identified by ``locator`` is visible.</doc>
<msg timestamp="20210503 21:44:54.701" level="INFO">Element 'definitionLimitsSelectControl-listbox-item-2' is displayed.</msg>
<status status="PASS" starttime="20210503 21:44:54.673" endtime="20210503 21:44:54.701"/>
</kw>
<status status="PASS" starttime="20210503 21:44:54.672" endtime="20210503 21:44:54.701"/>
</kw>
<kw name="Click Element" library="SeleniumLibrary">
<arg>${quota_interval}</arg>
<doc>Click the element identified by ``locator``.</doc>
<msg timestamp="20210503 21:44:54.702" level="INFO">Clicking element 'definitionLimitsSelectControl-listbox-item-2'.</msg>
<status status="PASS" starttime="20210503 21:44:54.701" endtime="20210503 21:44:54.854"/>
</kw>
<kw name="Wait Until Keyword Succeeds" library="BuiltIn">
<arg>35 sec</arg>
<arg>5 sec</arg>
<arg>element should be visible</arg>
<arg>${month}</arg>
<doc>Runs the specified keyword and retries if it fails.</doc>
<kw name="Element Should Be Visible" library="SeleniumLibrary">
<arg>${month}</arg>
<doc>Verifies that the element identified by ``locator`` is visible.</doc>
<msg timestamp="20210503 21:44:54.894" level="INFO">Element 'individualQuotaValuesId-row-checkbox-4' is displayed.</msg>
<status status="PASS" starttime="20210503 21:44:54.856" endtime="20210503 21:44:54.894"/>
</kw>
<status status="PASS" starttime="20210503 21:44:54.854" endtime="20210503 21:44:54.894"/>
</kw>
<kw name="Click Element" library="SeleniumLibrary">
<arg>${month}</arg>
<doc>Click the element identified by ``locator``.</doc>
<msg timestamp="20210503 21:44:54.895" level="INFO">Clicking element 'individualQuotaValuesId-row-checkbox-4'.</msg>
<status status="PASS" starttime="20210503 21:44:54.895" endtime="20210503 21:44:54.978"/>
</kw>
<kw name="Wait Until Keyword Succeeds" library="BuiltIn">
<arg>35 sec</arg>
<arg>5 sec</arg>
<arg>element should be visible</arg>
<arg>${txt_quotaname}</arg>
<doc>Runs the specified keyword and retries if it fails.</doc>
<kw name="Element Should Be Visible" library="SeleniumLibrary">
<arg>${txt_quotaname}</arg>
<doc>Verifies that the element identified by ``locator`` is visible.</doc>
<msg timestamp="20210503 21:44:55.005" level="INFO">Element 'id:definitionName' is displayed.</msg>
<status status="PASS" starttime="20210503 21:44:54.979" endtime="20210503 21:44:55.005"/>
</kw>
<status status="PASS" starttime="20210503 21:44:54.978" endtime="20210503 21:44:55.005"/>
</kw>
<kw name="Click Element" library="SeleniumLibrary">
<arg>${txt_quotaname}</arg>
<doc>Click the element identified by ``locator``.</doc>
<msg timestamp="20210503 21:44:55.008" level="INFO">Clicking element 'id:definitionName'.</msg>
<status status="PASS" starttime="20210503 21:44:55.006" endtime="20210503 21:44:55.079"/>
</kw>
<kw name="Click Button" library="SeleniumLibrary">
<arg>${btn_monthly}</arg>
<doc>Clicks the button identified by ``locator``.</doc>
<msg timestamp="20210503 21:44:55.080" level="INFO">Clicking button 'id:updateQuotaLimitsGrid'.</msg>
<status status="PASS" starttime="20210503 21:44:55.079" endtime="20210503 21:44:55.212"/>
</kw>
<kw name="Wait Until Keyword Succeeds" library="BuiltIn">
<arg>35 sec</arg>
<arg>5 sec</arg>
<arg>element should be visible</arg>
<arg>${lst_total_quota}</arg>
<doc>Runs the specified keyword and retries if it fails.</doc>
<kw name="Element Should Be Visible" library="SeleniumLibrary">
<arg>${lst_total_quota}</arg>
<doc>Verifies that the element identified by ``locator`` is visible.</doc>
<msg timestamp="20210503 21:44:55.260" level="INFO">Element 'id:definitionTotalSelectControl' is displayed.</msg>
<status status="PASS" starttime="20210503 21:44:55.214" endtime="20210503 21:44:55.260"/>
</kw>
<status status="PASS" starttime="20210503 21:44:55.213" endtime="20210503 21:44:55.260"/>
</kw>
<kw name="Click Element" library="SeleniumLibrary">
<arg>${lst_total_quota}</arg>
<doc>Click the element identified by ``locator``.</doc>
<msg timestamp="20210503 21:44:55.261" level="INFO">Clicking element 'id:definitionTotalSelectControl'.</msg>
<status status="PASS" starttime="20210503 21:44:55.261" endtime="20210503 21:44:55.363"/>
</kw>
<kw name="Wait Until Keyword Succeeds" library="BuiltIn">
<arg>35 sec</arg>
<arg>5 sec</arg>
<arg>element should be visible</arg>
<arg>${quota_total}</arg>
<doc>Runs the specified keyword and retries if it fails.</doc>
<kw name="Element Should Be Visible" library="SeleniumLibrary">
<arg>${quota_total}</arg>
<doc>Verifies that the element identified by ``locator`` is visible.</doc>
<msg timestamp="20210503 21:44:55.396" level="INFO">Element 'definitionTotalSelectControl-listbox-item-1' is displayed.</msg>
<status status="PASS" starttime="20210503 21:44:55.364" endtime="20210503 21:44:55.396"/>
</kw>
<status status="PASS" starttime="20210503 21:44:55.363" endtime="20210503 21:44:55.396"/>
</kw>
<kw name="Click Element" library="SeleniumLibrary">
<arg>${quota_total}</arg>
<doc>Click the element identified by ``locator``.</doc>
<msg timestamp="20210503 21:44:55.397" level="INFO">Clicking element 'definitionTotalSelectControl-listbox-item-1'.</msg>
<status status="PASS" starttime="20210503 21:44:55.396" endtime="20210503 21:44:55.480"/>
</kw>
<kw name="Run Keyword And Return Status" library="BuiltIn">
<var>${is_disable}</var>
<arg>element attribute value should be</arg>
<arg>${quota_total}</arg>
<arg>title</arg>
<arg>Disable all printing</arg>
<doc>Runs the given keyword with given arguments and returns the status as a Boolean value.</doc>
<kw name="Element Attribute Value Should Be" library="SeleniumLibrary">
<arg>${quota_total}</arg>
<arg>title</arg>
<arg>Disable all printing</arg>
<doc>Verifies element identified by ``locator`` contains expected attribute value.</doc>
<kw name="Capture Page Screenshot" library="SeleniumLibrary">
<doc>Takes a screenshot of the current page and embeds it into a log file.</doc>
<msg timestamp="20210503 21:44:55.723" level="INFO" html="true">&lt;/td&gt;&lt;/tr&gt;&lt;tr&gt;&lt;td colspan="3"&gt;&lt;a href="selenium-screenshot-3.png"&gt;&lt;img src="selenium-screenshot-3.png" width="800px"&gt;&lt;/a&gt;</msg>
<status status="PASS" starttime="20210503 21:44:55.500" endtime="20210503 21:44:55.723"/>
</kw>
<msg timestamp="20210503 21:44:55.723" level="FAIL">Element 'definitionTotalSelectControl-listbox-item-1' attribute should have value 'Disable all printing' (str) but its value was 'Allow unlimited printing' (str).</msg>
<status status="FAIL" starttime="20210503 21:44:55.480" endtime="20210503 21:44:55.723"/>
</kw>
<msg timestamp="20210503 21:44:55.723" level="INFO">${is_disable} = False</msg>
<status status="PASS" starttime="20210503 21:44:55.480" endtime="20210503 21:44:55.723"/>
</kw>
<kw name="Run Keyword And Return Status" library="BuiltIn">
<var>${is_custom}</var>
<arg>element attribute value should be</arg>
<arg>${quota_total}</arg>
<arg>title</arg>
<arg>Set custom quota</arg>
<doc>Runs the given keyword with given arguments and returns the status as a Boolean value.</doc>
<kw name="Element Attribute Value Should Be" library="SeleniumLibrary">
<arg>${quota_total}</arg>
<arg>title</arg>
<arg>Set custom quota</arg>
<doc>Verifies element identified by ``locator`` contains expected attribute value.</doc>
<kw name="Capture Page Screenshot" library="SeleniumLibrary">
<doc>Takes a screenshot of the current page and embeds it into a log file.</doc>
<msg timestamp="20210503 21:44:56.008" level="INFO" html="true">&lt;/td&gt;&lt;/tr&gt;&lt;tr&gt;&lt;td colspan="3"&gt;&lt;a href="selenium-screenshot-4.png"&gt;&lt;img src="selenium-screenshot-4.png" width="800px"&gt;&lt;/a&gt;</msg>
<status status="PASS" starttime="20210503 21:44:55.820" endtime="20210503 21:44:56.008"/>
</kw>
<msg timestamp="20210503 21:44:56.008" level="FAIL">Element 'definitionTotalSelectControl-listbox-item-1' attribute should have value 'Set custom quota' (str) but its value was 'Allow unlimited printing' (str).</msg>
<status status="FAIL" starttime="20210503 21:44:55.723" endtime="20210503 21:44:56.008"/>
</kw>
<msg timestamp="20210503 21:44:56.008" level="INFO">${is_custom} = False</msg>
<status status="PASS" starttime="20210503 21:44:55.723" endtime="20210503 21:44:56.008"/>
</kw>
<kw name="Run Keyword If" library="BuiltIn">
<arg>${is_disable}</arg>
<arg>Set Disable Print</arg>
<arg>ELSE IF</arg>
<arg>${is_custom}</arg>
<arg>Set Custom Total</arg>
<arg>ELSE</arg>
<arg>Set Color Controls</arg>
<doc>Runs the given keyword with the given arguments, if ``condition`` is true.</doc>
<kw name="Set Color Controls" library="CPM_OrgPolicy_Resources_CostCenter">
<kw name="Set Selenium Timeout" library="SeleniumLibrary">
<arg>20</arg>
<doc>Sets the timeout that is used by various keywords.</doc>
<status status="PASS" starttime="20210503 21:44:56.008" endtime="20210503 21:44:56.008"/>
</kw>
<kw name="Click Element" library="SeleniumLibrary">
<arg>${quota_color}</arg>
<doc>Click the element identified by ``locator``.</doc>
<msg timestamp="20210503 21:44:56.008" level="INFO">Clicking element 'customRadioOption_radio_input'.</msg>
<status status="PASS" starttime="20210503 21:44:56.008" endtime="20210503 21:44:56.103"/>
</kw>
<kw name="Run Keyword And Return Status" library="BuiltIn">
<var>${custom_color}</var>
<arg>element attribute value should be</arg>
<arg>${radio_customcolor}</arg>
<arg>aria-checked</arg>
<arg>true</arg>
<doc>Runs the given keyword with given arguments and returns the status as a Boolean value.</doc>
<kw name="Element Attribute Value Should Be" library="SeleniumLibrary">
<arg>${radio_customcolor}</arg>
<arg>aria-checked</arg>
<arg>true</arg>
<doc>Verifies element identified by ``locator`` contains expected attribute value.</doc>
<msg timestamp="20210503 21:44:56.136" level="INFO">Element 'id:customRadioOption_radio_input' attribute 'aria-checked' contains value 'true'.</msg>
<status status="PASS" starttime="20210503 21:44:56.104" endtime="20210503 21:44:56.136"/>
</kw>
<msg timestamp="20210503 21:44:56.136" level="INFO">${custom_color} = True</msg>
<status status="PASS" starttime="20210503 21:44:56.103" endtime="20210503 21:44:56.136"/>
</kw>
<kw name="Run Keyword If" library="BuiltIn">
<arg>${custom_color}</arg>
<arg>Set Custom Color</arg>
<doc>Runs the given keyword with the given arguments, if ``condition`` is true.</doc>
<kw name="Set Custom Color" library="CPM_OrgPolicy_Resources_CostCenter">
<kw name="Click Element" library="SeleniumLibrary">
<arg>${txt_color_value}</arg>
<doc>Click the element identified by ``locator``.</doc>
<msg timestamp="20210503 21:44:56.138" level="INFO">Clicking element 'id:colorQuotaLabel_input'.</msg>
<status status="PASS" starttime="20210503 21:44:56.138" endtime="20210503 21:44:56.229"/>
</kw>
<kw name="Press Keys" library="SeleniumLibrary">
<arg>${txt_color_value}</arg>
<arg>\DELETE</arg>
<doc>Simulates the user pressing key(s) to an element or on the active browser.</doc>
<msg timestamp="20210503 21:44:56.231" level="INFO">Sending key(s) ('DELETE',) to id:colorQuotaLabel_input element.</msg>
<msg timestamp="20210503 21:44:56.534" level="INFO">Pressing special key DELETE to element.</msg>
<msg timestamp="20210503 21:44:56.534" level="INFO">Releasing special key DELETE.</msg>
<status status="PASS" starttime="20210503 21:44:56.230" endtime="20210503 21:44:56.569"/>
</kw>
<kw name="Input Text" library="SeleniumLibrary">
<arg>${txt_color_value}</arg>
<arg>${quota_color_value}</arg>
<doc>Types the given ``text`` into the text field identified by ``locator``.</doc>
<msg timestamp="20210503 21:44:56.570" level="INFO">Typing text '50' into text field 'id:colorQuotaLabel_input'.</msg>
<status status="PASS" starttime="20210503 21:44:56.569" endtime="20210503 21:44:56.655"/>
</kw>
<status status="PASS" starttime="20210503 21:44:56.137" endtime="20210503 21:44:56.655"/>
</kw>
<status status="PASS" starttime="20210503 21:44:56.136" endtime="20210503 21:44:56.655"/>
</kw>
<kw name="Click Button" library="SeleniumLibrary">
<arg>${btn_vary_ok}</arg>
<doc>Clicks the button identified by ``locator``.</doc>
<msg timestamp="20210503 21:44:56.656" level="INFO">Clicking button 'id:definition_ok_button'.</msg>
<status status="PASS" starttime="20210503 21:44:56.655" endtime="20210503 21:44:56.814"/>
</kw>
<kw name="Wait Until Keyword Succeeds" library="BuiltIn">
<arg>35 sec</arg>
<arg>5 sec</arg>
<arg>element should be visible</arg>
<arg>${btn_create_def}</arg>
<doc>Runs the specified keyword and retries if it fails.</doc>
<kw name="Element Should Be Visible" library="SeleniumLibrary">
<arg>${btn_create_def}</arg>
<doc>Verifies that the element identified by ``locator`` is visible.</doc>
<msg timestamp="20210503 21:44:56.852" level="INFO">Element 'id:updateQuotaDefinition' is displayed.</msg>
<status status="PASS" starttime="20210503 21:44:56.820" endtime="20210503 21:44:56.853"/>
</kw>
<status status="PASS" starttime="20210503 21:44:56.816" endtime="20210503 21:44:56.853"/>
</kw>
<kw name="Click Button" library="SeleniumLibrary">
<arg>${btn_create_def}</arg>
<doc>Clicks the button identified by ``locator``.</doc>
<msg timestamp="20210503 21:44:56.853" level="INFO">Clicking button 'id:updateQuotaDefinition'.</msg>
<status status="PASS" starttime="20210503 21:44:56.853" endtime="20210503 21:44:56.947"/>
</kw>
<kw name="Wait Until Keyword Succeeds" library="BuiltIn">
<arg>25 sec</arg>
<arg>5 sec</arg>
<arg>element should be visible</arg>
<arg>createDefinitionButton</arg>
<doc>Runs the specified keyword and retries if it fails.</doc>
<kw name="Element Should Be Visible" library="SeleniumLibrary">
<arg>createDefinitionButton</arg>
<doc>Verifies that the element identified by ``locator`` is visible.</doc>
<kw name="Capture Page Screenshot" library="SeleniumLibrary">
<doc>Takes a screenshot of the current page and embeds it into a log file.</doc>
<msg timestamp="20210503 21:44:57.182" level="INFO" html="true">&lt;/td&gt;&lt;/tr&gt;&lt;tr&gt;&lt;td colspan="3"&gt;&lt;a href="selenium-screenshot-5.png"&gt;&lt;img src="selenium-screenshot-5.png" width="800px"&gt;&lt;/a&gt;</msg>
<status status="PASS" starttime="20210503 21:44:56.966" endtime="20210503 21:44:57.182"/>
</kw>
<msg timestamp="20210503 21:44:57.184" level="FAIL">Element with locator 'createDefinitionButton' not found.</msg>
<status status="FAIL" starttime="20210503 21:44:56.948" endtime="20210503 21:44:57.184"/>
</kw>
<kw name="Element Should Be Visible" library="SeleniumLibrary">
<arg>createDefinitionButton</arg>
<doc>Verifies that the element identified by ``locator`` is visible.</doc>
<msg timestamp="20210503 21:45:02.211" level="INFO">Element 'createDefinitionButton' is displayed.</msg>
<status status="PASS" starttime="20210503 21:45:02.189" endtime="20210503 21:45:02.211"/>
</kw>
<status status="PASS" starttime="20210503 21:44:56.947" endtime="20210503 21:45:02.211"/>
</kw>
<kw name="Run Keyword" library="BuiltIn">
<arg>Set Quota Assignment for Cost Center</arg>
<doc>Executes the given keyword with the given arguments.</doc>
<kw name="Set Quota Assignment for Cost Center" library="CPM_OrgPolicy_Resources_CostCenter">
<kw name="Set Selenium Timeout" library="SeleniumLibrary">
<arg>25</arg>
<doc>Sets the timeout that is used by various keywords.</doc>
<status status="PASS" starttime="20210503 21:45:02.211" endtime="20210503 21:45:02.211"/>
</kw>
<kw name="Wait Until Keyword Succeeds" library="BuiltIn">
<arg>35 sec</arg>
<arg>5 sec</arg>
<arg>element should be visible</arg>
<arg>${admin_dropdown}</arg>
<doc>Runs the specified keyword and retries if it fails.</doc>
<kw name="Element Should Be Visible" library="SeleniumLibrary">
<arg>${admin_dropdown}</arg>
<doc>Verifies that the element identified by ``locator`` is visible.</doc>
<msg timestamp="20210503 21:45:02.243" level="INFO">Element 'id:navAdminDropdown' is displayed.</msg>
<status status="PASS" starttime="20210503 21:45:02.211" endtime="20210503 21:45:02.243"/>
</kw>
<status status="PASS" starttime="20210503 21:45:02.211" endtime="20210503 21:45:02.243"/>
</kw>
<kw name="Click Element" library="SeleniumLibrary">
<arg>${admin_dropdown}</arg>
<doc>Click the element identified by ``locator``.</doc>
<msg timestamp="20210503 21:45:02.243" level="INFO">Clicking element 'id:navAdminDropdown'.</msg>
<status status="PASS" starttime="20210503 21:45:02.243" endtime="20210503 21:45:02.300"/>
</kw>
<kw name="Wait Until Keyword Succeeds" library="BuiltIn">
<arg>35 sec</arg>
<arg>5 sec</arg>
<arg>page should contain element</arg>
<arg>${org_policy}</arg>
<doc>Runs the specified keyword and retries if it fails.</doc>
<kw name="Page Should Contain Element" library="SeleniumLibrary">
<arg>${org_policy}</arg>
<doc>Verifies that element ``locator`` is found on the current page.</doc>
<msg timestamp="20210503 21:45:02.322" level="INFO">Current page contains element 'id:navAdminDropdownOrganizationalPolicy'.</msg>
<status status="PASS" starttime="20210503 21:45:02.303" endtime="20210503 21:45:02.322"/>
</kw>
<status status="PASS" starttime="20210503 21:45:02.301" endtime="20210503 21:45:02.323"/>
</kw>
<kw name="Click Element" library="SeleniumLibrary">
<arg>${org_policy}</arg>
<doc>Click the element identified by ``locator``.</doc>
<msg timestamp="20210503 21:45:02.323" level="INFO">Clicking element 'id:navAdminDropdownOrganizationalPolicy'.</msg>
<status status="PASS" starttime="20210503 21:45:02.323" endtime="20210503 21:45:02.473"/>
</kw>
<kw name="Wait Until Keyword Succeeds" library="BuiltIn">
<arg>35 sec</arg>
<arg>5 sec</arg>
<arg>page should contain element</arg>
<arg>${chk_costcenter}</arg>
<doc>Runs the specified keyword and retries if it fails.</doc>
<kw name="Page Should Contain Element" library="SeleniumLibrary">
<arg>${chk_costcenter}</arg>
<doc>Verifies that element ``locator`` is found on the current page.</doc>
<msg timestamp="20210503 21:45:02.495" level="INFO">Current page contains element 'id:useCostCenterOption_radio_input'.</msg>
<status status="PASS" starttime="20210503 21:45:02.475" endtime="20210503 21:45:02.495"/>
</kw>
<status status="PASS" starttime="20210503 21:45:02.474" endtime="20210503 21:45:02.495"/>
</kw>
<kw name="Scroll Element Into View" library="SeleniumLibrary">
<arg>${chk_costcenter}</arg>
<doc>Scrolls the element identified by ``locator`` into view.</doc>
<status status="PASS" starttime="20210503 21:45:02.495" endtime="20210503 21:45:02.794"/>
</kw>
<kw name="Run Keyword And Return Status" library="BuiltIn">
<var>${is_enable}</var>
<arg>element attribute value should be</arg>
<arg>useCostCenterOption_radio_input</arg>
<arg>aria-checked</arg>
<arg>true</arg>
<doc>Runs the given keyword with given arguments and returns the status as a Boolean value.</doc>
<kw name="Element Attribute Value Should Be" library="SeleniumLibrary">
<arg>useCostCenterOption_radio_input</arg>
<arg>aria-checked</arg>
<arg>true</arg>
<doc>Verifies element identified by ``locator`` contains expected attribute value.</doc>
<msg timestamp="20210503 21:45:02.817" level="INFO">Element 'useCostCenterOption_radio_input' attribute 'aria-checked' contains value 'true'.</msg>
<status status="PASS" starttime="20210503 21:45:02.795" endtime="20210503 21:45:02.817"/>
</kw>
<msg timestamp="20210503 21:45:02.817" level="INFO">${is_enable} = True</msg>
<status status="PASS" starttime="20210503 21:45:02.794" endtime="20210503 21:45:02.818"/>
</kw>
<kw name="Run Keyword If" library="BuiltIn">
<arg>${is_enable}</arg>
<arg>Set cost center</arg>
<doc>Runs the given keyword with the given arguments, if ``condition`` is true.</doc>
<kw name="Set cost center" library="CPM_OrgPolicy_Resources_CostCenter">
<kw name="Click Element" library="SeleniumLibrary">
<arg>${chk_costcenter}</arg>
<doc>Click the element identified by ``locator``.</doc>
<msg timestamp="20210503 21:45:02.820" level="INFO">Clicking element 'id:useCostCenterOption_radio_input'.</msg>
<status status="PASS" starttime="20210503 21:45:02.818" endtime="20210503 21:45:02.883"/>
</kw>
<kw name="Click Button" library="SeleniumLibrary">
<arg>${btn_save}</arg>
<doc>Clicks the button identified by ``locator``.</doc>
<msg timestamp="20210503 21:45:02.884" level="INFO">Clicking button 'id:save_changes_btn'.</msg>
<status status="PASS" starttime="20210503 21:45:02.883" endtime="20210503 21:45:03.045"/>
</kw>
<kw name="Wait Until Keyword Succeeds" library="BuiltIn">
<arg>35 sec</arg>
<arg>5 sec</arg>
<arg>element should be enabled</arg>
<arg>${btn_save}</arg>
<doc>Runs the specified keyword and retries if it fails.</doc>
<kw name="Element Should Be Enabled" library="SeleniumLibrary">
<arg>${btn_save}</arg>
<doc>Verifies that element identified by ``locator`` is enabled.</doc>
<status status="PASS" starttime="20210503 21:45:03.046" endtime="20210503 21:45:03.083"/>
</kw>
<status status="PASS" starttime="20210503 21:45:03.045" endtime="20210503 21:45:03.083"/>
</kw>
<status status="PASS" starttime="20210503 21:45:02.818" endtime="20210503 21:45:03.083"/>
</kw>
<status status="PASS" starttime="20210503 21:45:02.818" endtime="20210503 21:45:03.083"/>
</kw>
<kw name="Sleep Call 2" library="CloudLogin">
<status status="PASS" starttime="20210503 21:45:03.084" endtime="20210503 21:45:07.093"/>
</kw>
<kw name="Click Element" library="SeleniumLibrary">
<arg>${admin_dropdown}</arg>
<doc>Click the element identified by ``locator``.</doc>
<msg timestamp="20210503 21:45:07.093" level="INFO">Clicking element 'id:navAdminDropdown'.</msg>
<status status="PASS" starttime="20210503 21:45:07.093" endtime="20210503 21:45:07.204"/>
</kw>
<kw name="Wait Until Keyword Succeeds" library="BuiltIn">
<arg>35 sec</arg>
<arg>5 sec</arg>
<arg>element should be visible</arg>
<arg>${lbl_quotaassignment}</arg>
<doc>Runs the specified keyword and retries if it fails.</doc>
<kw name="Element Should Be Visible" library="SeleniumLibrary">
<arg>${lbl_quotaassignment}</arg>
<doc>Verifies that the element identified by ``locator`` is visible.</doc>
<msg timestamp="20210503 21:45:07.246" level="INFO">Element 'id:navAdminDropdownQuotaAssignments' is displayed.</msg>
<status status="PASS" starttime="20210503 21:45:07.205" endtime="20210503 21:45:07.246"/>
</kw>
<status status="PASS" starttime="20210503 21:45:07.204" endtime="20210503 21:45:07.246"/>
</kw>
<kw name="Click Element" library="SeleniumLibrary">
<arg>${lbl_quotaassignment}</arg>
<doc>Click the element identified by ``locator``.</doc>
<msg timestamp="20210503 21:45:07.247" level="INFO">Clicking element 'id:navAdminDropdownQuotaAssignments'.</msg>
<status status="PASS" starttime="20210503 21:45:07.246" endtime="20210503 21:45:07.325"/>
</kw>
<kw name="Set Selenium Timeout" library="SeleniumLibrary">
<arg>20</arg>
<doc>Sets the timeout that is used by various keywords.</doc>
<status status="PASS" starttime="20210503 21:45:07.327" endtime="20210503 21:45:07.329"/>
</kw>
<kw name="Wait Until Keyword Succeeds" library="BuiltIn">
<arg>35 sec</arg>
<arg>5 sec</arg>
<arg>page should contain element</arg>
<arg>${btn_assignquota}</arg>
<doc>Runs the specified keyword and retries if it fails.</doc>
<kw name="Page Should Contain Element" library="SeleniumLibrary">
<arg>${btn_assignquota}</arg>
<doc>Verifies that element ``locator`` is found on the current page.</doc>
<kw name="Capture Page Screenshot" library="SeleniumLibrary">
<doc>Takes a screenshot of the current page and embeds it into a log file.</doc>
<msg timestamp="20210503 21:45:07.563" level="INFO" html="true">&lt;/td&gt;&lt;/tr&gt;&lt;tr&gt;&lt;td colspan="3"&gt;&lt;a href="selenium-screenshot-6.png"&gt;&lt;img src="selenium-screenshot-6.png" width="800px"&gt;&lt;/a&gt;</msg>
<status status="PASS" starttime="20210503 21:45:07.365" endtime="20210503 21:45:07.563"/>
</kw>
<msg timestamp="20210503 21:45:07.563" level="FAIL">Page should have contained element 'id:createUserAssignment' but did not.</msg>
<status status="FAIL" starttime="20210503 21:45:07.329" endtime="20210503 21:45:07.563"/>
</kw>
<kw name="Page Should Contain Element" library="SeleniumLibrary">
<arg>${btn_assignquota}</arg>
<doc>Verifies that element ``locator`` is found on the current page.</doc>
<msg timestamp="20210503 21:45:12.575" level="INFO">Current page contains element 'id:createUserAssignment'.</msg>
<status status="PASS" starttime="20210503 21:45:12.575" endtime="20210503 21:45:12.575"/>
</kw>
<status status="PASS" starttime="20210503 21:45:07.329" endtime="20210503 21:45:12.575"/>
</kw>
<kw name="Click Button" library="SeleniumLibrary">
<arg>${btn_assignquota}</arg>
<doc>Clicks the button identified by ``locator``.</doc>
<msg timestamp="20210503 21:45:12.575" level="INFO">Clicking button 'id:createUserAssignment'.</msg>
<status status="PASS" starttime="20210503 21:45:12.575" endtime="20210503 21:45:12.693"/>
</kw>
<kw name="Wait Until Keyword Succeeds" library="BuiltIn">
<arg>35 sec</arg>
<arg>5 sec</arg>
<arg>element should be visible</arg>
<arg>${txt_costcentername}</arg>
<doc>Runs the specified keyword and retries if it fails.</doc>
<kw name="Element Should Be Visible" library="SeleniumLibrary">
<arg>${txt_costcentername}</arg>
<doc>Verifies that the element identified by ``locator`` is visible.</doc>
<msg timestamp="20210503 21:45:12.729" level="INFO">Element 'xpath://*[@id='collectionSelectControl']/div' is displayed.</msg>
<status status="PASS" starttime="20210503 21:45:12.694" endtime="20210503 21:45:12.729"/>
</kw>
<status status="PASS" starttime="20210503 21:45:12.693" endtime="20210503 21:45:12.729"/>
</kw>
<kw name="Click Element" library="SeleniumLibrary">
<arg>${txt_costcentername}</arg>
<doc>Click the element identified by ``locator``.</doc>
<msg timestamp="20210503 21:45:12.729" level="INFO">Clicking element 'xpath://*[@id='collectionSelectControl']/div'.</msg>
<status status="PASS" starttime="20210503 21:45:12.729" endtime="20210503 21:45:12.804"/>
</kw>
<kw name="Input Text" library="SeleniumLibrary">
<arg>${txt_costcentername_input}</arg>
<arg>${costcenter}</arg>
<doc>Types the given ``text`` into the text field identified by ``locator``.</doc>
<msg timestamp="20210503 21:45:12.804" level="INFO">Typing text 'stl' into text field 'id:collectionSelectControl_Input'.</msg>
<status status="PASS" starttime="20210503 21:45:12.804" endtime="20210503 21:45:12.924"/>
</kw>
<kw name="Wait Until Keyword Succeeds" library="BuiltIn">
<arg>35 sec</arg>
<arg>5 sec</arg>
<arg>element should be visible</arg>
<arg>${lst_costcentername}</arg>
<doc>Runs the specified keyword and retries if it fails.</doc>
<kw name="Element Should Be Visible" library="SeleniumLibrary">
<arg>${lst_costcentername}</arg>
<doc>Verifies that the element identified by ``locator`` is visible.</doc>
<kw name="Capture Page Screenshot" library="SeleniumLibrary">
<doc>Takes a screenshot of the current page and embeds it into a log file.</doc>
<msg timestamp="20210503 21:45:13.129" level="INFO" html="true">&lt;/td&gt;&lt;/tr&gt;&lt;tr&gt;&lt;td colspan="3"&gt;&lt;a href="selenium-screenshot-7.png"&gt;&lt;img src="selenium-screenshot-7.png" width="800px"&gt;&lt;/a&gt;</msg>
<status status="PASS" starttime="20210503 21:45:12.952" endtime="20210503 21:45:13.129"/>
</kw>
<msg timestamp="20210503 21:45:13.129" level="FAIL">The element 'id:collectionSelectControl-listbox' should be visible, but it is not.</msg>
<status status="FAIL" starttime="20210503 21:45:12.925" endtime="20210503 21:45:13.129"/>
</kw>
<kw name="Element Should Be Visible" library="SeleniumLibrary">
<arg>${lst_costcentername}</arg>
<doc>Verifies that the element identified by ``locator`` is visible.</doc>
<msg timestamp="20210503 21:45:18.188" level="INFO">Element 'id:collectionSelectControl-listbox' is displayed.</msg>
<status status="PASS" starttime="20210503 21:45:18.135" endtime="20210503 21:45:18.188"/>
</kw>
<status status="PASS" starttime="20210503 21:45:12.925" endtime="20210503 21:45:18.188"/>
</kw>
<kw name="Press Keys" library="SeleniumLibrary">
<arg>${lst_costcentername}</arg>
<arg>ENTER</arg>
<doc>Simulates the user pressing key(s) to an element or on the active browser.</doc>
<msg timestamp="20210503 21:45:18.188" level="INFO">Sending key(s) ('ENTER',) to id:collectionSelectControl-listbox element.</msg>
<msg timestamp="20210503 21:45:18.531" level="INFO">Pressing special key ENTER to element.</msg>
<msg timestamp="20210503 21:45:18.531" level="INFO">Releasing special key ENTER.</msg>
<status status="PASS" starttime="20210503 21:45:18.188" endtime="20210503 21:45:18.543"/>
</kw>
<kw name="Click Element" library="SeleniumLibrary">
<arg>${txt_quota_def}</arg>
<doc>Click the element identified by ``locator``.</doc>
<msg timestamp="20210503 21:45:18.544" level="INFO">Clicking element 'xpath://*[@id='selectQuotaDefinitionControl']/div'.</msg>
<status status="PASS" starttime="20210503 21:45:18.543" endtime="20210503 21:45:18.632"/>
</kw>
<kw name="Press Keys" library="SeleniumLibrary">
<arg>${lst_quota_def}</arg>
<arg>ARROW_DOWN</arg>
<doc>Simulates the user pressing key(s) to an element or on the active browser.</doc>
<msg timestamp="20210503 21:45:18.633" level="INFO">Sending key(s) ('ARROW_DOWN',) to id:selectQuotaDefinitionControl-listbox element.</msg>
<msg timestamp="20210503 21:45:18.964" level="INFO">Pressing special key ARROW_DOWN to element.</msg>
<msg timestamp="20210503 21:45:18.965" level="INFO">Releasing special key ARROW_DOWN.</msg>
<status status="PASS" starttime="20210503 21:45:18.632" endtime="20210503 21:45:18.977"/>
</kw>
<kw name="Press Keys" library="SeleniumLibrary">
<arg>${lst_quota_def}</arg>
<arg>ENTER</arg>
<doc>Simulates the user pressing key(s) to an element or on the active browser.</doc>
<msg timestamp="20210503 21:45:18.980" level="INFO">Sending key(s) ('ENTER',) to id:selectQuotaDefinitionControl-listbox element.</msg>
<msg timestamp="20210503 21:45:19.305" level="INFO">Pressing special key ENTER to element.</msg>
<msg timestamp="20210503 21:45:19.305" level="INFO">Releasing special key ENTER.</msg>
<status status="PASS" starttime="20210503 21:45:18.978" endtime="20210503 21:45:19.322"/>
</kw>
<kw name="Wait Until Keyword Succeeds" library="BuiltIn">
<arg>35 sec</arg>
<arg>5 sec</arg>
<arg>element should be enabled</arg>
<arg>${btn_vary_ok}</arg>
<doc>Runs the specified keyword and retries if it fails.</doc>
<kw name="Element Should Be Enabled" library="SeleniumLibrary">
<arg>${btn_vary_ok}</arg>
<doc>Verifies that element identified by ``locator`` is enabled.</doc>
<kw name="Capture Page Screenshot" library="SeleniumLibrary">
<doc>Takes a screenshot of the current page and embeds it into a log file.</doc>
<msg timestamp="20210503 21:45:19.522" level="INFO" html="true">&lt;/td&gt;&lt;/tr&gt;&lt;tr&gt;&lt;td colspan="3"&gt;&lt;a href="selenium-screenshot-8.png"&gt;&lt;img src="selenium-screenshot-8.png" width="800px"&gt;&lt;/a&gt;</msg>
<status status="PASS" starttime="20210503 21:45:19.351" endtime="20210503 21:45:19.522"/>
</kw>
<msg timestamp="20210503 21:45:19.523" level="FAIL">Element 'id:definition_ok_button' is disabled.</msg>
<status status="FAIL" starttime="20210503 21:45:19.323" endtime="20210503 21:45:19.523"/>
</kw>
<kw name="Element Should Be Enabled" library="SeleniumLibrary">
<arg>${btn_vary_ok}</arg>
<doc>Verifies that element identified by ``locator`` is enabled.</doc>
<status status="PASS" starttime="20210503 21:45:24.538" endtime="20210503 21:45:24.591"/>
</kw>
<status status="PASS" starttime="20210503 21:45:19.322" endtime="20210503 21:45:24.591"/>
</kw>
<kw name="Click Button" library="SeleniumLibrary">
<arg>${btn_vary_ok}</arg>
<doc>Clicks the button identified by ``locator``.</doc>
<msg timestamp="20210503 21:45:24.591" level="INFO">Clicking button 'id:definition_ok_button'.</msg>
<status status="PASS" starttime="20210503 21:45:24.591" endtime="20210503 21:45:24.739"/>
</kw>
<kw name="Wait Until Keyword Succeeds" library="BuiltIn">
<arg>35 sec</arg>
<arg>5 sec</arg>
<arg>element should be visible</arg>
<arg>${tbl_costcenter_quota}</arg>
<doc>Runs the specified keyword and retries if it fails.</doc>
<kw name="Element Should Be Visible" library="SeleniumLibrary">
<arg>${tbl_costcenter_quota}</arg>
<doc>Verifies that the element identified by ``locator`` is visible.</doc>
<kw name="Capture Page Screenshot" library="SeleniumLibrary">
<doc>Takes a screenshot of the current page and embeds it into a log file.</doc>
<msg timestamp="20210503 21:45:25.008" level="INFO" html="true">&lt;/td&gt;&lt;/tr&gt;&lt;tr&gt;&lt;td colspan="3"&gt;&lt;a href="selenium-screenshot-9.png"&gt;&lt;img src="selenium-screenshot-9.png" width="800px"&gt;&lt;/a&gt;</msg>
<status status="PASS" starttime="20210503 21:45:24.755" endtime="20210503 21:45:25.008"/>
</kw>
<msg timestamp="20210503 21:45:25.009" level="FAIL">Element with locator 'id:collections-row-0-checkbox' not found.</msg>
<status status="FAIL" starttime="20210503 21:45:24.742" endtime="20210503 21:45:25.009"/>
</kw>
<kw name="Element Should Be Visible" library="SeleniumLibrary">
<arg>${tbl_costcenter_quota}</arg>
<doc>Verifies that the element identified by ``locator`` is visible.</doc>
<msg timestamp="20210503 21:45:30.056" level="INFO">Element 'id:collections-row-0-checkbox' is displayed.</msg>
<status status="PASS" starttime="20210503 21:45:30.010" endtime="20210503 21:45:30.056"/>
</kw>
<status status="PASS" starttime="20210503 21:45:24.740" endtime="20210503 21:45:30.056"/>
</kw>
<kw name="Wait Until Keyword Succeeds" library="BuiltIn">
<arg>35 sec</arg>
<arg>5 sec</arg>
<arg>element text should be</arg>
<arg>${tbl_costcenter_quota_name}</arg>
<arg>${quota_name}</arg>
<doc>Runs the specified keyword and retries if it fails.</doc>
<kw name="Element Text Should Be" library="SeleniumLibrary">
<arg>${tbl_costcenter_quota_name}</arg>
<arg>${quota_name}</arg>
<doc>Verifies that element ``locator`` contains exact the text ``expected``.</doc>
<msg timestamp="20210503 21:45:30.072" level="INFO">Verifying element 'id:collections-row-0-quotaDefinition.name' contains exact text 'Vary_Unlimited_Color50'.</msg>
<status status="PASS" starttime="20210503 21:45:30.056" endtime="20210503 21:45:30.110"/>
</kw>
<status status="PASS" starttime="20210503 21:45:30.056" endtime="20210503 21:45:30.110"/>
</kw>
<kw name="Element Text Should Be" library="SeleniumLibrary">
<arg>${costcenter_name}</arg>
<arg>${costcenter}</arg>
<doc>Verifies that element ``locator`` contains exact the text ``expected``.</doc>
<msg timestamp="20210503 21:45:30.110" level="INFO">Verifying element 'id:collections-row-0-name' contains exact text 'stl'.</msg>
<status status="PASS" starttime="20210503 21:45:30.110" endtime="20210503 21:45:30.141"/>
</kw>
<kw name="Click Element" library="SeleniumLibrary">
<arg>${quota_name_link}</arg>
<doc>Click the element identified by ``locator``.</doc>
<msg timestamp="20210503 21:45:30.141" level="INFO">Clicking element 'xpath://*[@id='collections-row-0-quotaDefinition.name']/lpm-definition-summary-renderer'.</msg>
<status status="PASS" starttime="20210503 21:45:30.141" endtime="20210503 21:45:30.320"/>
</kw>
<kw name="Run Keyword" library="BuiltIn">
<arg>Check the table values</arg>
<doc>Executes the given keyword with the given arguments.</doc>
<kw name="Check the table values" library="CPM_OrgPolicy_Resources_CostCenter">
<kw name="Set Selenium Timeout" library="SeleniumLibrary">
<arg>20</arg>
<doc>Sets the timeout that is used by various keywords.</doc>
<status status="PASS" starttime="20210503 21:45:30.322" endtime="20210503 21:45:30.325"/>
</kw>
<kw name="Element Text Should Be" library="SeleniumLibrary">
<arg>${monthly_total_id}</arg>
<arg>${monthly_total_value}</arg>
<doc>Verifies that element ``locator`` contains exact the text ``expected``.</doc>
<msg timestamp="20210503 21:45:30.326" level="INFO">Verifying element 'individualQuotaValuesId-row-4-totalQuota' contains exact text 'Unlimited'.</msg>
<status status="PASS" starttime="20210503 21:45:30.325" endtime="20210503 21:45:30.396"/>
</kw>
<kw name="Element Text Should Be" library="SeleniumLibrary">
<arg>${monthly_color_id}</arg>
<arg>${monthly_color_value}</arg>
<doc>Verifies that element ``locator`` contains exact the text ``expected``.</doc>
<msg timestamp="20210503 21:45:30.398" level="INFO">Verifying element 'individualQuotaValuesId-row-4-colorQuota' contains exact text '50'.</msg>
<status status="PASS" starttime="20210503 21:45:30.397" endtime="20210503 21:45:30.448"/>
</kw>
<kw name="Click Button" library="SeleniumLibrary">
<arg>${btn_summary_close}</arg>
<doc>Clicks the button identified by ``locator``.</doc>
<msg timestamp="20210503 21:45:30.449" level="INFO">Clicking button 'id:definition_summary_close_id'.</msg>
<status status="PASS" starttime="20210503 21:45:30.448" endtime="20210503 21:45:30.573"/>
</kw>
<kw name="Wait Until Keyword Succeeds" library="BuiltIn">
<arg>35 sec</arg>
<arg>5 sec</arg>
<arg>element should be visible</arg>
<arg>${name_printqueue}</arg>
<doc>Runs the specified keyword and retries if it fails.</doc>
<kw name="Element Should Be Visible" library="SeleniumLibrary">
<arg>${name_printqueue}</arg>
<doc>Verifies that the element identified by ``locator`` is visible.</doc>
<msg timestamp="20210503 21:45:30.653" level="INFO">Element 'id:link-navPrintQueue' is displayed.</msg>
<status status="PASS" starttime="20210503 21:45:30.577" endtime="20210503 21:45:30.653"/>
</kw>
<status status="PASS" starttime="20210503 21:45:30.575" endtime="20210503 21:45:30.654"/>
</kw>
<kw name="Click Element" library="SeleniumLibrary">
<arg>${name_printqueue}</arg>
<doc>Click the element identified by ``locator``.</doc>
<msg timestamp="20210503 21:45:30.655" level="INFO">Clicking element 'id:link-navPrintQueue'.</msg>
<status status="PASS" starttime="20210503 21:45:30.654" endtime="20210503 21:45:30.830"/>
</kw>
<kw name="Run Keyword And Return Status" library="BuiltIn">
<var>${isdisable}</var>
<arg>Should Be Equal As Strings</arg>
<arg>${monthly_total_value}</arg>
<arg>${totaldisable}</arg>
<doc>Runs the given keyword with given arguments and returns the status as a Boolean value.</doc>
<kw name="Should Be Equal As Strings" library="BuiltIn">
<arg>${monthly_total_value}</arg>
<arg>${totaldisable}</arg>
<doc>Fails if objects are unequal after converting them to strings.</doc>
<msg timestamp="20210503 21:45:30.831" level="FAIL">Unlimited != 0</msg>
<status status="FAIL" starttime="20210503 21:45:30.830" endtime="20210503 21:45:30.831"/>
</kw>
<msg timestamp="20210503 21:45:30.831" level="INFO">${isdisable} = False</msg>
<status status="PASS" starttime="20210503 21:45:30.830" endtime="20210503 21:45:30.831"/>
</kw>
<kw name="Run Keyword If" library="BuiltIn">
<arg>${isdisable}</arg>
<arg>Open Browser To Login Page using non admin disable</arg>
<arg>ELSE</arg>
<arg>run keyword</arg>
<arg>Check Header Text</arg>
<doc>Runs the given keyword with the given arguments, if ``condition`` is true.</doc>
<kw name="Run Keyword" library="BuiltIn">
<arg>Check Header Text</arg>
<doc>Executes the given keyword with the given arguments.</doc>
<kw name="Check Header Text" library="CPM_OrgPolicy_Resources_CostCenter">
<kw name="Set Selenium Timeout" library="SeleniumLibrary">
<arg>20</arg>
<doc>Sets the timeout that is used by various keywords.</doc>
<status status="PASS" starttime="20210503 21:45:30.833" endtime="20210503 21:45:30.834"/>
</kw>
<kw name="Run Keyword And Return Status" library="BuiltIn">
<var>${iscolordisable}</var>
<arg>Should Be Equal As Strings</arg>
<arg>${quota_color_value}</arg>
<arg>${totaldisable}</arg>
<doc>Runs the given keyword with given arguments and returns the status as a Boolean value.</doc>
<kw name="Should Be Equal As Strings" library="BuiltIn">
<arg>${quota_color_value}</arg>
<arg>${totaldisable}</arg>
<doc>Fails if objects are unequal after converting them to strings.</doc>
<msg timestamp="20210503 21:45:30.837" level="FAIL">50 != 0</msg>
<status status="FAIL" starttime="20210503 21:45:30.836" endtime="20210503 21:45:30.837"/>
</kw>
<msg timestamp="20210503 21:45:30.838" level="INFO">${iscolordisable} = False</msg>
<status status="PASS" starttime="20210503 21:45:30.835" endtime="20210503 21:45:30.840"/>
</kw>
<kw name="Run Keyword If" library="BuiltIn">
<arg>${iscolordisable}</arg>
<arg>Open Browser To Login Page using non admin no color</arg>
<arg>ELSE</arg>
<arg>run keyword</arg>
<arg>Open Browser To Login Page using non admin normal</arg>
<doc>Runs the given keyword with the given arguments, if ``condition`` is true.</doc>
<kw name="Run Keyword" library="BuiltIn">
<arg>Open Browser To Login Page using non admin normal</arg>
<doc>Executes the given keyword with the given arguments.</doc>
<kw name="Open Browser To Login Page using non admin normal" library="CPM_OrgPolicy_Resources_CostCenter">
<kw name="Open Print queue for another user" library="CPM_OrgPolicy_Resources_CostCenter">
<kw name="Click Element" library="SeleniumLibrary">
<arg>${name_printqueue}</arg>
<doc>Click the element identified by ``locator``.</doc>
<msg timestamp="20210503 21:45:30.846" level="INFO">Clicking element 'id:link-navPrintQueue'.</msg>
<status status="PASS" starttime="20210503 21:45:30.845" endtime="20210503 21:45:30.894"/>
</kw>
<kw name="Wait Until Keyword Succeeds" library="BuiltIn">
<arg>25 sec</arg>
<arg>5 sec</arg>
<arg>element should be visible</arg>
<arg>${btn_upload}</arg>
<doc>Runs the specified keyword and retries if it fails.</doc>
<kw name="Element Should Be Visible" library="SeleniumLibrary">
<arg>${btn_upload}</arg>
<doc>Verifies that the element identified by ``locator`` is visible.</doc>
<kw name="Capture Page Screenshot" library="SeleniumLibrary">
<doc>Takes a screenshot of the current page and embeds it into a log file.</doc>
<msg timestamp="20210503 21:45:31.127" level="INFO" html="true">&lt;/td&gt;&lt;/tr&gt;&lt;tr&gt;&lt;td colspan="3"&gt;&lt;a href="selenium-screenshot-10.png"&gt;&lt;img src="selenium-screenshot-10.png" width="800px"&gt;&lt;/a&gt;</msg>
<status status="PASS" starttime="20210503 21:45:30.911" endtime="20210503 21:45:31.128"/>
</kw>
<msg timestamp="20210503 21:45:31.129" level="FAIL">Element with locator 'id:printQueueUploadButton' not found.</msg>
<status status="FAIL" starttime="20210503 21:45:30.895" endtime="20210503 21:45:31.129"/>
</kw>
<kw name="Element Should Be Visible" library="SeleniumLibrary">
<arg>${btn_upload}</arg>
<doc>Verifies that the element identified by ``locator`` is visible.</doc>
<msg timestamp="20210503 21:45:36.192" level="INFO">Element 'id:printQueueUploadButton' is displayed.</msg>
<status status="PASS" starttime="20210503 21:45:36.145" endtime="20210503 21:45:36.192"/>
</kw>
<status status="PASS" starttime="20210503 21:45:30.895" endtime="20210503 21:45:36.192"/>
</kw>
<kw name="Click Element" library="SeleniumLibrary">
<arg>${queue_dropdown}</arg>
<doc>Click the element identified by ``locator``.</doc>
<msg timestamp="20210503 21:45:36.192" level="INFO">Clicking element 'id:printQueuePageHeaderDropDown_button'.</msg>
<status status="PASS" starttime="20210503 21:45:36.192" endtime="20210503 21:45:36.297"/>
</kw>
<kw name="Wait Until Keyword Succeeds" library="BuiltIn">
<arg>25 sec</arg>
<arg>5 sec</arg>
<arg>element should be visible</arg>
<arg>${txt_search}</arg>
<doc>Runs the specified keyword and retries if it fails.</doc>
<kw name="Element Should Be Visible" library="SeleniumLibrary">
<arg>${txt_search}</arg>
<doc>Verifies that the element identified by ``locator`` is visible.</doc>
<msg timestamp="20210503 21:45:36.342" level="INFO">Element 'id:userFilterInput' is displayed.</msg>
<status status="PASS" starttime="20210503 21:45:36.298" endtime="20210503 21:45:36.342"/>
</kw>
<status status="PASS" starttime="20210503 21:45:36.297" endtime="20210503 21:45:36.342"/>
</kw>
<kw name="Click Element" library="SeleniumLibrary">
<arg>${txt_search}</arg>
<doc>Click the element identified by ``locator``.</doc>
<msg timestamp="20210503 21:45:36.343" level="INFO">Clicking element 'id:userFilterInput'.</msg>
<status status="PASS" starttime="20210503 21:45:36.342" endtime="20210503 21:45:36.412"/>
</kw>
<kw name="Input Text" library="SeleniumLibrary">
<arg>${txt_search}</arg>
<arg>${username_nonadmin}</arg>
<doc>Types the given ``text`` into the text field identified by ``locator``.</doc>
<msg timestamp="20210503 21:45:36.414" level="INFO">Typing text 'automateuser@test.onelxk.co' into text field 'id:userFilterInput'.</msg>
<status status="PASS" starttime="20210503 21:45:36.413" endtime="20210503 21:45:36.719"/>
</kw>
<kw name="Sleep Call 2" library="CloudLogin">
<status status="PASS" starttime="20210503 21:45:36.719" endtime="20210503 21:45:40.730"/>
</kw>
<kw name="Press Keys" library="SeleniumLibrary">
<arg>${txt_search}</arg>
<arg>ENTER</arg>
<doc>Simulates the user pressing key(s) to an element or on the active browser.</doc>
<msg timestamp="20210503 21:45:40.730" level="INFO">Sending key(s) ('ENTER',) to id:userFilterInput element.</msg>
<msg timestamp="20210503 21:45:41.046" level="INFO">Pressing special key ENTER to element.</msg>
<msg timestamp="20210503 21:45:41.046" level="INFO">Releasing special key ENTER.</msg>
<status status="PASS" starttime="20210503 21:45:40.730" endtime="20210503 21:45:41.172"/>
</kw>
<kw name="Wait Until Keyword Succeeds" library="BuiltIn">
<arg>25 sec</arg>
<arg>5 sec</arg>
<arg>element should be visible</arg>
<arg>${header_quota_preview}</arg>
<doc>Runs the specified keyword and retries if it fails.</doc>
<kw name="Element Should Be Visible" library="SeleniumLibrary">
<arg>${header_quota_preview}</arg>
<doc>Verifies that the element identified by ``locator`` is visible.</doc>
<kw name="Capture Page Screenshot" library="SeleniumLibrary">
<doc>Takes a screenshot of the current page and embeds it into a log file.</doc>
<msg timestamp="20210503 21:45:41.411" level="INFO" html="true">&lt;/td&gt;&lt;/tr&gt;&lt;tr&gt;&lt;td colspan="3"&gt;&lt;a href="selenium-screenshot-11.png"&gt;&lt;img src="selenium-screenshot-11.png" width="800px"&gt;&lt;/a&gt;</msg>
<status status="PASS" starttime="20210503 21:45:41.194" endtime="20210503 21:45:41.411"/>
</kw>
<msg timestamp="20210503 21:45:41.412" level="FAIL">Element with locator 'id:quotaPreviewDiv' not found.</msg>
<status status="FAIL" starttime="20210503 21:45:41.173" endtime="20210503 21:45:41.412"/>
</kw>
<kw name="Element Should Be Visible" library="SeleniumLibrary">
<arg>${header_quota_preview}</arg>
<doc>Verifies that the element identified by ``locator`` is visible.</doc>
<msg timestamp="20210503 21:45:46.465" level="INFO">Element 'id:quotaPreviewDiv' is displayed.</msg>
<status status="PASS" starttime="20210503 21:45:46.424" endtime="20210503 21:45:46.465"/>
</kw>
<status status="PASS" starttime="20210503 21:45:41.172" endtime="20210503 21:45:46.465"/>
</kw>
<status status="PASS" starttime="20210503 21:45:30.844" endtime="20210503 21:45:46.465"/>
</kw>
<kw name="Wait Until Keyword Succeeds" library="BuiltIn">
<arg>25 sec</arg>
<arg>5 sec</arg>
<arg>element should be visible</arg>
<arg>${btn_upload}</arg>
<doc>Runs the specified keyword and retries if it fails.</doc>
<kw name="Element Should Be Visible" library="SeleniumLibrary">
<arg>${btn_upload}</arg>
<doc>Verifies that the element identified by ``locator`` is visible.</doc>
<msg timestamp="20210503 21:45:46.496" level="INFO">Element 'id:printQueueUploadButton' is displayed.</msg>
<status status="PASS" starttime="20210503 21:45:46.465" endtime="20210503 21:45:46.496"/>
</kw>
<status status="PASS" starttime="20210503 21:45:46.465" endtime="20210503 21:45:46.496"/>
</kw>
<kw name="Element Text Should Be" library="SeleniumLibrary">
<arg>${header_quota_preview}</arg>
<arg>Quota remaining: ${monthly_total_value} total quota (${monthly_color_value} for color printing)</arg>
<doc>Verifies that element ``locator`` contains exact the text ``expected``.</doc>
<msg timestamp="20210503 21:45:46.496" level="INFO">Verifying element 'id:quotaPreviewDiv' contains exact text 'Quota remaining: Unlimited total quota (50 for color printing)'.</msg>
<status status="PASS" starttime="20210503 21:45:46.496" endtime="20210503 21:45:46.528"/>
</kw>
<kw name="Click Element" library="SeleniumLibrary">
<arg>${queue_dropdown}</arg>
<doc>Click the element identified by ``locator``.</doc>
<msg timestamp="20210503 21:45:46.528" level="INFO">Clicking element 'id:printQueuePageHeaderDropDown_button'.</msg>
<status status="PASS" starttime="20210503 21:45:46.528" endtime="20210503 21:45:46.582"/>
</kw>
<kw name="Wait Until Keyword Succeeds" library="BuiltIn">
<arg>25 sec</arg>
<arg>5 sec</arg>
<arg>element should be visible</arg>
<arg>${txt_search}</arg>
<doc>Runs the specified keyword and retries if it fails.</doc>
<kw name="Element Should Be Visible" library="SeleniumLibrary">
<arg>${txt_search}</arg>
<doc>Verifies that the element identified by ``locator`` is visible.</doc>
<msg timestamp="20210503 21:45:46.614" level="INFO">Element 'id:userFilterInput' is displayed.</msg>
<status status="PASS" starttime="20210503 21:45:46.582" endtime="20210503 21:45:46.615"/>
</kw>
<status status="PASS" starttime="20210503 21:45:46.582" endtime="20210503 21:45:46.615"/>
</kw>
<kw name="Click Element" library="SeleniumLibrary">
<arg>${txt_search}</arg>
<doc>Click the element identified by ``locator``.</doc>
<msg timestamp="20210503 21:45:46.617" level="INFO">Clicking element 'id:userFilterInput'.</msg>
<status status="PASS" starttime="20210503 21:45:46.616" endtime="20210503 21:45:46.682"/>
</kw>
<kw name="Sleep Call 1" library="CloudLogin">
<status status="PASS" starttime="20210503 21:45:46.683" endtime="20210503 21:45:47.696"/>
</kw>
<kw name="Input Text" library="SeleniumLibrary">
<arg>${txt_search}</arg>
<arg>${USER}</arg>
<doc>Types the given ``text`` into the text field identified by ``locator``.</doc>
<msg timestamp="20210503 21:45:47.696" level="INFO">Typing text 'sravantesh.neogi@lexmark.com' into text field 'id:userFilterInput'.</msg>
<status status="PASS" starttime="20210503 21:45:47.696" endtime="20210503 21:45:48.048"/>
</kw>
<kw name="Sleep Call 2" library="CloudLogin">
<status status="PASS" starttime="20210503 21:45:48.049" endtime="20210503 21:45:52.049"/>
</kw>
<kw name="Press Keys" library="SeleniumLibrary">
<arg>${txt_search}</arg>
<arg>ENTER</arg>
<doc>Simulates the user pressing key(s) to an element or on the active browser.</doc>
<msg timestamp="20210503 21:45:52.049" level="INFO">Sending key(s) ('ENTER',) to id:userFilterInput element.</msg>
<msg timestamp="20210503 21:45:52.377" level="INFO">Pressing special key ENTER to element.</msg>
<msg timestamp="20210503 21:45:52.377" level="INFO">Releasing special key ENTER.</msg>
<status status="PASS" starttime="20210503 21:45:52.049" endtime="20210503 21:45:52.452"/>
</kw>
<status status="PASS" starttime="20210503 21:45:30.844" endtime="20210503 21:45:52.452"/>
</kw>
<status status="PASS" starttime="20210503 21:45:30.843" endtime="20210503 21:45:52.452"/>
</kw>
<status status="PASS" starttime="20210503 21:45:30.840" endtime="20210503 21:45:52.453"/>
</kw>
<status status="PASS" starttime="20210503 21:45:30.832" endtime="20210503 21:45:52.453"/>
</kw>
<status status="PASS" starttime="20210503 21:45:30.832" endtime="20210503 21:45:52.453"/>
</kw>
<status status="PASS" starttime="20210503 21:45:30.831" endtime="20210503 21:45:52.453"/>
</kw>
<status status="PASS" starttime="20210503 21:45:30.321" endtime="20210503 21:45:52.453"/>
</kw>
<status status="PASS" starttime="20210503 21:45:30.320" endtime="20210503 21:45:52.453"/>
</kw>
<kw name="Run Keyword" library="BuiltIn">
<arg>Open Organisational Policy Page</arg>
<doc>Executes the given keyword with the given arguments.</doc>
<kw name="Open Organisational Policy Page" library="CPM_OrgPolicy_Resources_CostCenter">
<kw name="Set Selenium Timeout" library="SeleniumLibrary">
<arg>20</arg>
<doc>Sets the timeout that is used by various keywords.</doc>
<status status="PASS" starttime="20210503 21:45:52.455" endtime="20210503 21:45:52.457"/>
</kw>
<kw name="Wait Until Element Is Visible" library="SeleniumLibrary">
<arg>${admin_dropdown}</arg>
<doc>Waits until the element ``locator`` is visible.</doc>
<status status="PASS" starttime="20210503 21:45:52.457" endtime="20210503 21:45:52.484"/>
</kw>
<kw name="Click Element" library="SeleniumLibrary">
<arg>${admin_dropdown}</arg>
<doc>Click the element identified by ``locator``.</doc>
<msg timestamp="20210503 21:45:52.485" level="INFO">Clicking element 'id:navAdminDropdown'.</msg>
<status status="PASS" starttime="20210503 21:45:52.484" endtime="20210503 21:45:52.541"/>
</kw>
<kw name="Wait Until Page Contains Element" library="SeleniumLibrary">
<arg>${org_policy}</arg>
<doc>Waits until the element ``locator`` appears on the current page.</doc>
<status status="PASS" starttime="20210503 21:45:52.541" endtime="20210503 21:45:52.557"/>
</kw>
<kw name="Click Element" library="SeleniumLibrary">
<arg>${org_policy}</arg>
<doc>Click the element identified by ``locator``.</doc>
<msg timestamp="20210503 21:45:52.558" level="INFO">Clicking element 'id:navAdminDropdownOrganizationalPolicy'.</msg>
<status status="PASS" starttime="20210503 21:45:52.557" endtime="20210503 21:45:52.722"/>
</kw>
<kw name="Wait Until Page Contains Element" library="SeleniumLibrary">
<arg>${page_header}</arg>
<doc>Waits until the element ``locator`` appears on the current page.</doc>
<status status="PASS" starttime="20210503 21:45:52.723" endtime="20210503 21:45:52.755"/>
</kw>
<kw name="Wait Until Keyword Succeeds" library="BuiltIn">
<arg>25 sec</arg>
<arg>5 sec</arg>
<arg>page should contain checkbox</arg>
<arg>${chk_clientdownload}</arg>
<doc>Runs the specified keyword and retries if it fails.</doc>
<kw name="Page Should Contain Checkbox" library="SeleniumLibrary">
<arg>${chk_clientdownload}</arg>
<doc>Verifies checkbox ``locator`` is found from the current page.</doc>
<kw name="Capture Page Screenshot" library="SeleniumLibrary">
<doc>Takes a screenshot of the current page and embeds it into a log file.</doc>
<msg timestamp="20210503 21:45:53.096" level="INFO" html="true">&lt;/td&gt;&lt;/tr&gt;&lt;tr&gt;&lt;td colspan="3"&gt;&lt;a href="selenium-screenshot-12.png"&gt;&lt;img src="selenium-screenshot-12.png" width="800px"&gt;&lt;/a&gt;</msg>
<status status="PASS" starttime="20210503 21:45:52.802" endtime="20210503 21:45:53.096"/>
</kw>
<msg timestamp="20210503 21:45:53.113" level="FAIL">Page should have contained checkbox 'id:enableClientDownloadCheckbox' but did not.</msg>
<status status="FAIL" starttime="20210503 21:45:52.756" endtime="20210503 21:45:53.113"/>
</kw>
<kw name="Page Should Contain Checkbox" library="SeleniumLibrary">
<arg>${chk_clientdownload}</arg>
<doc>Verifies checkbox ``locator`` is found from the current page.</doc>
<msg timestamp="20210503 21:45:58.174" level="INFO">Current page contains checkbox 'id:enableClientDownloadCheckbox'.</msg>
<status status="PASS" starttime="20210503 21:45:58.120" endtime="20210503 21:45:58.174"/>
</kw>
<status status="PASS" starttime="20210503 21:45:52.755" endtime="20210503 21:45:58.174"/>
</kw>
<status status="PASS" starttime="20210503 21:45:52.454" endtime="20210503 21:45:58.174"/>
</kw>
<status status="PASS" starttime="20210503 21:45:52.453" endtime="20210503 21:45:58.174"/>
</kw>
<kw name="Wait Until Keyword Succeeds" library="BuiltIn">
<arg>25 sec</arg>
<arg>5 sec</arg>
<arg>page should contain element</arg>
<arg>${admin_dropdown}</arg>
<doc>Runs the specified keyword and retries if it fails.</doc>
<kw name="Page Should Contain Element" library="SeleniumLibrary">
<arg>${admin_dropdown}</arg>
<doc>Verifies that element ``locator`` is found on the current page.</doc>
<msg timestamp="20210503 21:45:58.205" level="INFO">Current page contains element 'id:navAdminDropdown'.</msg>
<status status="PASS" starttime="20210503 21:45:58.174" endtime="20210503 21:45:58.205"/>
</kw>
<status status="PASS" starttime="20210503 21:45:58.174" endtime="20210503 21:45:58.205"/>
</kw>
<kw name="Click Element" library="SeleniumLibrary">
<arg>${admin_dropdown}</arg>
<doc>Click the element identified by ``locator``.</doc>
<msg timestamp="20210503 21:45:58.205" level="INFO">Clicking element 'id:navAdminDropdown'.</msg>
<status status="PASS" starttime="20210503 21:45:58.205" endtime="20210503 21:45:58.316"/>
</kw>
<kw name="Wait Until Keyword Succeeds" library="BuiltIn">
<arg>25 sec</arg>
<arg>5 sec</arg>
<arg>page should contain element</arg>
<arg>${lbl_quotadefinition}</arg>
<doc>Runs the specified keyword and retries if it fails.</doc>
<kw name="Page Should Contain Element" library="SeleniumLibrary">
<arg>${lbl_quotadefinition}</arg>
<doc>Verifies that element ``locator`` is found on the current page.</doc>
<msg timestamp="20210503 21:45:58.343" level="INFO">Current page contains element 'id:navAdminDropdownQuotaDefinition'.</msg>
<status status="PASS" starttime="20210503 21:45:58.317" endtime="20210503 21:45:58.343"/>
</kw>
<status status="PASS" starttime="20210503 21:45:58.316" endtime="20210503 21:45:58.343"/>
</kw>
<kw name="Click Element" library="SeleniumLibrary">
<arg>${lbl_quotadefinition}</arg>
<doc>Click the element identified by ``locator``.</doc>
<msg timestamp="20210503 21:45:58.343" level="INFO">Clicking element 'id:navAdminDropdownQuotaDefinition'.</msg>
<status status="PASS" starttime="20210503 21:45:58.343" endtime="20210503 21:45:58.413"/>
</kw>
<kw name="Wait Until Keyword Succeeds" library="BuiltIn">
<arg>25 sec</arg>
<arg>5 sec</arg>
<arg>page should contain element</arg>
<arg>${costcenter_assignment_count}</arg>
<doc>Runs the specified keyword and retries if it fails.</doc>
<kw name="Page Should Contain Element" library="SeleniumLibrary">
<arg>${costcenter_assignment_count}</arg>
<doc>Verifies that element ``locator`` is found on the current page.</doc>
<kw name="Capture Page Screenshot" library="SeleniumLibrary">
<doc>Takes a screenshot of the current page and embeds it into a log file.</doc>
<msg timestamp="20210503 21:45:58.621" level="INFO" html="true">&lt;/td&gt;&lt;/tr&gt;&lt;tr&gt;&lt;td colspan="3"&gt;&lt;a href="selenium-screenshot-13.png"&gt;&lt;img src="selenium-screenshot-13.png" width="800px"&gt;&lt;/a&gt;</msg>
<status status="PASS" starttime="20210503 21:45:58.448" endtime="20210503 21:45:58.621"/>
</kw>
<msg timestamp="20210503 21:45:58.621" level="FAIL">Page should have contained element 'id:quotaDefinitionGrid-row-0-assignments.costCenterAssignments' but did not.</msg>
<status status="FAIL" starttime="20210503 21:45:58.414" endtime="20210503 21:45:58.621"/>
</kw>
<kw name="Page Should Contain Element" library="SeleniumLibrary">
<arg>${costcenter_assignment_count}</arg>
<doc>Verifies that element ``locator`` is found on the current page.</doc>
<msg timestamp="20210503 21:46:03.651" level="INFO">Current page contains element 'id:quotaDefinitionGrid-row-0-assignments.costCenterAssignments'.</msg>
<status status="PASS" starttime="20210503 21:46:03.636" endtime="20210503 21:46:03.651"/>
</kw>
<status status="PASS" starttime="20210503 21:45:58.414" endtime="20210503 21:46:03.651"/>
</kw>
<kw name="Element Text Should Be" library="SeleniumLibrary">
<arg>${costcenter_assignment_count}</arg>
<arg>1</arg>
<doc>Verifies that element ``locator`` contains exact the text ``expected``.</doc>
<msg timestamp="20210503 21:46:03.651" level="INFO">Verifying element 'id:quotaDefinitionGrid-row-0-assignments.costCenterAssignments' contains exact text '1'.</msg>
<status status="PASS" starttime="20210503 21:46:03.651" endtime="20210503 21:46:03.689"/>
</kw>
<status status="PASS" starttime="20210503 21:45:02.211" endtime="20210503 21:46:03.689"/>
</kw>
<status status="PASS" starttime="20210503 21:45:02.211" endtime="20210503 21:46:03.689"/>
</kw>
<kw name="Set Selenium Timeout" library="SeleniumLibrary">
<arg>20</arg>
<doc>Sets the timeout that is used by various keywords.</doc>
<status status="PASS" starttime="20210503 21:46:03.689" endtime="20210503 21:46:03.689"/>
</kw>
<kw name="Wait Until Page Contains Element" library="SeleniumLibrary">
<arg>${btn_quota_select_all}</arg>
<doc>Waits until the element ``locator`` appears on the current page.</doc>
<status status="PASS" starttime="20210503 21:46:03.689" endtime="20210503 21:46:03.705"/>
</kw>
<kw name="Click Element" library="SeleniumLibrary">
<arg>${btn_quota_select_all}</arg>
<doc>Click the element identified by ``locator``.</doc>
<msg timestamp="20210503 21:46:03.705" level="INFO">Clicking element 'id:quotaDefinitionGrid-select-all'.</msg>
<status status="PASS" starttime="20210503 21:46:03.705" endtime="20210503 21:46:03.790"/>
</kw>
<kw name="Click Element" library="SeleniumLibrary">
<arg>${undefined}</arg>
<doc>Click the element identified by ``locator``.</doc>
<msg timestamp="20210503 21:46:03.791" level="INFO">Clicking element 'id:undefined'.</msg>
<status status="PASS" starttime="20210503 21:46:03.790" endtime="20210503 21:46:03.852"/>
</kw>
<kw name="Click Button" library="SeleniumLibrary">
<arg>${btn_delete_quota}</arg>
<doc>Clicks the button identified by ``locator``.</doc>
<msg timestamp="20210503 21:46:03.853" level="INFO">Clicking button 'id:deleteDefinitionButton'.</msg>
<status status="PASS" starttime="20210503 21:46:03.852" endtime="20210503 21:46:03.947"/>
</kw>
<kw name="Wait Until Keyword Succeeds" library="BuiltIn">
<arg>35 sec</arg>
<arg>5 sec</arg>
<arg>element should be visible</arg>
<arg>${btn_delete_def}</arg>
<doc>Runs the specified keyword and retries if it fails.</doc>
<kw name="Element Should Be Visible" library="SeleniumLibrary">
<arg>${btn_delete_def}</arg>
<doc>Verifies that the element identified by ``locator`` is visible.</doc>
<kw name="Capture Page Screenshot" library="SeleniumLibrary">
<doc>Takes a screenshot of the current page and embeds it into a log file.</doc>
<msg timestamp="20210503 21:46:04.234" level="INFO" html="true">&lt;/td&gt;&lt;/tr&gt;&lt;tr&gt;&lt;td colspan="3"&gt;&lt;a href="selenium-screenshot-14.png"&gt;&lt;img src="selenium-screenshot-14.png" width="800px"&gt;&lt;/a&gt;</msg>
<status status="PASS" starttime="20210503 21:46:03.975" endtime="20210503 21:46:04.234"/>
</kw>
<msg timestamp="20210503 21:46:04.235" level="FAIL">The element 'id:confirmation-modal_okButton' should be visible, but it is not.</msg>
<status status="FAIL" starttime="20210503 21:46:03.948" endtime="20210503 21:46:04.236"/>
</kw>
<kw name="Element Should Be Visible" library="SeleniumLibrary">
<arg>${btn_delete_def}</arg>
<doc>Verifies that the element identified by ``locator`` is visible.</doc>
<msg timestamp="20210503 21:46:09.302" level="INFO">Element 'id:confirmation-modal_okButton' is displayed.</msg>
<status status="PASS" starttime="20210503 21:46:09.240" endtime="20210503 21:46:09.302"/>
</kw>
<status status="PASS" starttime="20210503 21:46:03.948" endtime="20210503 21:46:09.302"/>
</kw>
<kw name="Click Button" library="SeleniumLibrary">
<arg>${btn_delete_def}</arg>
<doc>Clicks the button identified by ``locator``.</doc>
<msg timestamp="20210503 21:46:09.302" level="INFO">Clicking button 'id:confirmation-modal_okButton'.</msg>
<status status="PASS" starttime="20210503 21:46:09.302" endtime="20210503 21:46:09.399"/>
</kw>
<kw name="Run Keyword" library="BuiltIn">
[...]
<status status="PASS" starttime="20210503 21:58:05.494" endtime="20210503 21:58:05.532"/>
</kw>
<kw name="Wait Until Keyword Succeeds" library="BuiltIn">
<arg>25 sec</arg>
<arg>5 sec</arg>
<arg>page should contain checkbox</arg>
<arg>${chk_clientdownload}</arg>
<doc>Runs the specified keyword and retries if it fails.</doc>
<kw name="Page Should Contain Checkbox" library="SeleniumLibrary">
<arg>${chk_clientdownload}</arg>
<doc>Verifies checkbox ``locator`` is found from the current page.</doc>
<kw name="Capture Page Screenshot" library="SeleniumLibrary">
<doc>Takes a screenshot of the current page and embeds it into a log file.</doc>
<msg timestamp="20210503 21:58:05.874" level="INFO" html="true">&lt;/td&gt;&lt;/tr&gt;&lt;tr&gt;&lt;td colspan="3"&gt;&lt;a href="selenium-screenshot-130.png"&gt;&lt;img src="selenium-screenshot-130.png" width="800px"&gt;&lt;/a&gt;</msg>
<status status="PASS" starttime="20210503 21:58:05.583" endtime="20210503 21:58:05.874"/>
</kw>
<msg timestamp="20210503 21:58:05.876" level="FAIL">Page should have contained checkbox 'id:enableClientDownloadCheckbox' but did not.</msg>
<status status="FAIL" starttime="20210503 21:58:05.533" endtime="20210503 21:58:05.876"/>
</kw>
<kw name="Page Should Contain Checkbox" library="SeleniumLibrary">
<arg>${chk_clientdownload}</arg>
<doc>Verifies checkbox ``locator`` is found from the current page.</doc>
<msg timestamp="20210503 21:58:10.918" level="INFO">Current page contains checkbox 'id:enableClientDownloadCheckbox'.</msg>
<status status="PASS" starttime="20210503 21:58:10.880" endtime="20210503 21:58:10.918"/>
</kw>
<status status="PASS" starttime="20210503 21:58:05.532" endtime="20210503 21:58:10.918"/>
</kw>
<status status="PASS" starttime="20210503 21:58:05.226" endtime="20210503 21:58:10.918"/>
</kw>
<status status="PASS" starttime="20210503 21:58:05.226" endtime="20210503 21:58:10.918"/>
</kw>
<kw name="Wait Until Keyword Succeeds" library="BuiltIn">
<arg>25 sec</arg>
<arg>5 sec</arg>
<arg>page should contain element</arg>
<arg>${admin_dropdown}</arg>
<doc>Runs the specified keyword and retries if it fails.</doc>
<kw name="Page Should Contain Element" library="SeleniumLibrary">
<arg>${admin_dropdown}</arg>
<doc>Verifies that element ``locator`` is found on the current page.</doc>
<msg timestamp="20210503 21:58:10.934" level="INFO">Current page contains element 'id:navAdminDropdown'.</msg>
<status status="PASS" starttime="20210503 21:58:10.918" endtime="20210503 21:58:10.934"/>
</kw>
<status status="PASS" starttime="20210503 21:58:10.918" endtime="20210503 21:58:10.934"/>
</kw>
<kw name="Click Element" library="SeleniumLibrary">
<arg>${admin_dropdown}</arg>
<doc>Click the element identified by ``locator``.</doc>
<msg timestamp="20210503 21:58:10.934" level="INFO">Clicking element 'id:navAdminDropdown'.</msg>
<status status="PASS" starttime="20210503 21:58:10.934" endtime="20210503 21:58:11.024"/>
</kw>
<kw name="Wait Until Keyword Succeeds" library="BuiltIn">
<arg>25 sec</arg>
<arg>5 sec</arg>
<arg>page should contain element</arg>
<arg>${lbl_quotadefinition}</arg>
<doc>Runs the specified keyword and retries if it fails.</doc>
<kw name="Page Should Contain Element" library="SeleniumLibrary">
<arg>${lbl_quotadefinition}</arg>
<doc>Verifies that element ``locator`` is found on the current page.</doc>
<msg timestamp="20210503 21:58:11.044" level="INFO">Current page contains element 'id:navAdminDropdownQuotaDefinition'.</msg>
<status status="PASS" starttime="20210503 21:58:11.026" endtime="20210503 21:58:11.044"/>
</kw>
<status status="PASS" starttime="20210503 21:58:11.025" endtime="20210503 21:58:11.045"/>
</kw>
<kw name="Click Element" library="SeleniumLibrary">
<arg>${lbl_quotadefinition}</arg>
<doc>Click the element identified by ``locator``.</doc>
<msg timestamp="20210503 21:58:11.045" level="INFO">Clicking element 'id:navAdminDropdownQuotaDefinition'.</msg>
<status status="PASS" starttime="20210503 21:58:11.045" endtime="20210503 21:58:11.120"/>
</kw>
<kw name="Wait Until Keyword Succeeds" library="BuiltIn">
<arg>25 sec</arg>
<arg>5 sec</arg>
<arg>page should contain element</arg>
<arg>${costcenter_assignment_count}</arg>
<doc>Runs the specified keyword and retries if it fails.</doc>
<kw name="Page Should Contain Element" library="SeleniumLibrary">
<arg>${costcenter_assignment_count}</arg>
<doc>Verifies that element ``locator`` is found on the current page.</doc>
<kw name="Capture Page Screenshot" library="SeleniumLibrary">
<doc>Takes a screenshot of the current page and embeds it into a log file.</doc>
<msg timestamp="20210503 21:58:11.335" level="INFO" html="true">&lt;/td&gt;&lt;/tr&gt;&lt;tr&gt;&lt;td colspan="3"&gt;&lt;a href="selenium-screenshot-131.png"&gt;&lt;img src="selenium-screenshot-131.png" width="800px"&gt;&lt;/a&gt;</msg>
<status status="PASS" starttime="20210503 21:58:11.156" endtime="20210503 21:58:11.335"/>
</kw>
<msg timestamp="20210503 21:58:11.335" level="FAIL">Page should have contained element 'id:quotaDefinitionGrid-row-0-assignments.costCenterAssignments' but did not.</msg>
<status status="FAIL" starttime="20210503 21:58:11.122" endtime="20210503 21:58:11.335"/>
</kw>
<kw name="Page Should Contain Element" library="SeleniumLibrary">
<arg>${costcenter_assignment_count}</arg>
<doc>Verifies that element ``locator`` is found on the current page.</doc>
<msg timestamp="20210503 21:58:16.353" level="INFO">Current page contains element 'id:quotaDefinitionGrid-row-0-assignments.costCenterAssignments'.</msg>
<status status="PASS" starttime="20210503 21:58:16.337" endtime="20210503 21:58:16.353"/>
</kw>
<status status="PASS" starttime="20210503 21:58:11.121" endtime="20210503 21:58:16.353"/>
</kw>
<kw name="Element Text Should Be" library="SeleniumLibrary">
<arg>${costcenter_assignment_count}</arg>
<arg>1</arg>
<doc>Verifies that element ``locator`` contains exact the text ``expected``.</doc>
<msg timestamp="20210503 21:58:16.368" level="INFO">Verifying element 'id:quotaDefinitionGrid-row-0-assignments.costCenterAssignments' contains exact text '1'.</msg>
<status status="PASS" starttime="20210503 21:58:16.353" endtime="20210503 21:58:16.400"/>
</kw>
<status status="PASS" starttime="20210503 21:57:15.219" endtime="20210503 21:58:16.400"/>
</kw>
<status status="PASS" starttime="20210503 21:57:15.219" endtime="20210503 21:58:16.400"/>
</kw>
<kw name="Set Selenium Timeout" library="SeleniumLibrary">
<arg>20</arg>
<doc>Sets the timeout that is used by various keywords.</doc>
<status status="PASS" starttime="20210503 21:58:16.400" endtime="20210503 21:58:16.400"/>
</kw>
<kw name="Wait Until Page Contains Element" library="SeleniumLibrary">
<arg>${btn_quota_select_all}</arg>
<doc>Waits until the element ``locator`` appears on the current page.</doc>
<status status="PASS" starttime="20210503 21:58:16.400" endtime="20210503 21:58:16.422"/>
</kw>
<kw name="Click Element" library="SeleniumLibrary">
<arg>${btn_quota_select_all}</arg>
<doc>Click the element identified by ``locator``.</doc>
<msg timestamp="20210503 21:58:16.422" level="INFO">Clicking element 'id:quotaDefinitionGrid-select-all'.</msg>
<status status="PASS" starttime="20210503 21:58:16.422" endtime="20210503 21:58:16.533"/>
</kw>
<kw name="Click Element" library="SeleniumLibrary">
<arg>${undefined}</arg>
<doc>Click the element identified by ``locator``.</doc>
<msg timestamp="20210503 21:58:16.534" level="INFO">Clicking element 'id:undefined'.</msg>
<status status="PASS" starttime="20210503 21:58:16.534" endtime="20210503 21:58:16.602"/>
</kw>
<kw name="Click Button" library="SeleniumLibrary">
<arg>${btn_delete_quota}</arg>
<doc>Clicks the button identified by ``locator``.</doc>
<msg timestamp="20210503 21:58:16.603" level="INFO">Clicking button 'id:deleteDefinitionButton'.</msg>
<status status="PASS" starttime="20210503 21:58:16.602" endtime="20210503 21:58:16.745"/>
</kw>
<kw name="Wait Until Keyword Succeeds" library="BuiltIn">
<arg>35 sec</arg>
<arg>5 sec</arg>
<arg>element should be visible</arg>
<arg>${btn_delete_def}</arg>
<doc>Runs the specified keyword and retries if it fails.</doc>
<kw name="Element Should Be Visible" library="SeleniumLibrary">
<arg>${btn_delete_def}</arg>
<doc>Verifies that the element identified by ``locator`` is visible.</doc>
<kw name="Capture Page Screenshot" library="SeleniumLibrary">
<doc>Takes a screenshot of the current page and embeds it into a log file.</doc>
<msg timestamp="20210503 21:58:17.077" level="INFO" html="true">&lt;/td&gt;&lt;/tr&gt;&lt;tr&gt;&lt;td colspan="3"&gt;&lt;a href="selenium-screenshot-132.png"&gt;&lt;img src="selenium-screenshot-132.png" width="800px"&gt;&lt;/a&gt;</msg>
<status status="PASS" starttime="20210503 21:58:16.772" endtime="20210503 21:58:17.077"/>
</kw>
<msg timestamp="20210503 21:58:17.078" level="FAIL">The element 'id:confirmation-modal_okButton' should be visible, but it is not.</msg>
<status status="FAIL" starttime="20210503 21:58:16.746" endtime="20210503 21:58:17.078"/>
</kw>
<kw name="Element Should Be Visible" library="SeleniumLibrary">
<arg>${btn_delete_def}</arg>
<doc>Verifies that the element identified by ``locator`` is visible.</doc>
<msg timestamp="20210503 21:58:22.143" level="INFO">Element 'id:confirmation-modal_okButton' is displayed.</msg>
<status status="PASS" starttime="20210503 21:58:22.090" endtime="20210503 21:58:22.143"/>
</kw>
<status status="PASS" starttime="20210503 21:58:16.746" endtime="20210503 21:58:22.143"/>
</kw>
<kw name="Click Button" library="SeleniumLibrary">
<arg>${btn_delete_def}</arg>
<doc>Clicks the button identified by ``locator``.</doc>
<msg timestamp="20210503 21:58:22.143" level="INFO">Clicking button 'id:confirmation-modal_okButton'.</msg>
<status status="PASS" starttime="20210503 21:58:22.143" endtime="20210503 21:58:22.287"/>
</kw>
<kw name="Run Keyword" library="BuiltIn">
<arg>Check Quota Assignment is removed</arg>
<doc>Executes the given keyword with the given arguments.</doc>
<kw name="Check Quota Assignment is removed" library="CPM_OrgPolicy_Resources_CostCenter">
<kw name="Click Element" library="SeleniumLibrary">
<arg>${admin_dropdown}</arg>
<doc>Click the element identified by ``locator``.</doc>
<msg timestamp="20210503 21:58:22.289" level="INFO">Clicking element 'id:navAdminDropdown'.</msg>
<status status="PASS" starttime="20210503 21:58:22.288" endtime="20210503 21:58:22.990"/>
</kw>
<kw name="Wait Until Keyword Succeeds" library="BuiltIn">
<arg>35 sec</arg>
<arg>5 sec</arg>
<arg>element should be visible</arg>
<arg>${lbl_quotaassignment}</arg>
<doc>Runs the specified keyword and retries if it fails.</doc>
<kw name="Element Should Be Visible" library="SeleniumLibrary">
<arg>${lbl_quotaassignment}</arg>
<doc>Verifies that the element identified by ``locator`` is visible.</doc>
<msg timestamp="20210503 21:58:23.027" level="INFO">Element 'id:navAdminDropdownQuotaAssignments' is displayed.</msg>
<status status="PASS" starttime="20210503 21:58:22.991" endtime="20210503 21:58:23.033"/>
</kw>
<status status="PASS" starttime="20210503 21:58:22.991" endtime="20210503 21:58:23.034"/>
</kw>
<kw name="Click Element" library="SeleniumLibrary">
<arg>${lbl_quotaassignment}</arg>
<doc>Click the element identified by ``locator``.</doc>
<msg timestamp="20210503 21:58:23.035" level="INFO">Clicking element 'id:navAdminDropdownQuotaAssignments'.</msg>
<status status="PASS" starttime="20210503 21:58:23.034" endtime="20210503 21:58:23.096"/>
</kw>
<kw name="Set Selenium Timeout" library="SeleniumLibrary">
<arg>20</arg>
<doc>Sets the timeout that is used by various keywords.</doc>
<status status="PASS" starttime="20210503 21:58:23.096" endtime="20210503 21:58:23.100"/>
</kw>
<kw name="Wait Until Keyword Succeeds" library="BuiltIn">
<arg>35 sec</arg>
<arg>5 sec</arg>
<arg>page should contain</arg>
<arg>${noquotaassignment}</arg>
<doc>Runs the specified keyword and retries if it fails.</doc>
<kw name="Page Should Contain" library="SeleniumLibrary">
<arg>${noquotaassignment}</arg>
<doc>Verifies that current page contains ``text``.</doc>
<kw name="Capture Page Screenshot" library="SeleniumLibrary">
<doc>Takes a screenshot of the current page and embeds it into a log file.</doc>
<msg timestamp="20210503 21:58:23.326" level="INFO" html="true">&lt;/td&gt;&lt;/tr&gt;&lt;tr&gt;&lt;td colspan="3"&gt;&lt;a href="selenium-screenshot-133.png"&gt;&lt;img src="selenium-screenshot-133.png" width="800px"&gt;&lt;/a&gt;</msg>
<status status="PASS" starttime="20210503 21:58:23.152" endtime="20210503 21:58:23.326"/>
</kw>
<msg timestamp="20210503 21:58:23.326" level="FAIL">Page should have contained text 'No custom quota definitions for assigning.' but did not.</msg>
<status status="FAIL" starttime="20210503 21:58:23.102" endtime="20210503 21:58:23.338"/>
</kw>
<kw name="Page Should Contain" library="SeleniumLibrary">
<arg>${noquotaassignment}</arg>
<doc>Verifies that current page contains ``text``.</doc>
<msg timestamp="20210503 21:58:28.362" level="INFO">Current page contains text 'No custom quota definitions for assigning.'.</msg>
<status status="PASS" starttime="20210503 21:58:28.340" endtime="20210503 21:58:28.362"/>
</kw>
<status status="PASS" starttime="20210503 21:58:23.101" endtime="20210503 21:58:28.362"/>
</kw>
<kw name="Click Element" library="SeleniumLibrary">
<arg>${admin_dropdown}</arg>
<doc>Click the element identified by ``locator``.</doc>
<msg timestamp="20210503 21:58:28.362" level="INFO">Clicking element 'id:navAdminDropdown'.</msg>
<status status="PASS" starttime="20210503 21:58:28.362" endtime="20210503 21:58:28.411"/>
</kw>
<kw name="Wait Until Keyword Succeeds" library="BuiltIn">
<arg>35 sec</arg>
<arg>5 sec</arg>
<arg>element should be visible</arg>
<arg>${lbl_quotadefinition}</arg>
<doc>Runs the specified keyword and retries if it fails.</doc>
<kw name="Element Should Be Visible" library="SeleniumLibrary">
<arg>${lbl_quotadefinition}</arg>
<doc>Verifies that the element identified by ``locator`` is visible.</doc>
<msg timestamp="20210503 21:58:28.442" level="INFO">Element 'id:navAdminDropdownQuotaDefinition' is displayed.</msg>
<status status="PASS" starttime="20210503 21:58:28.413" endtime="20210503 21:58:28.442"/>
</kw>
<status status="PASS" starttime="20210503 21:58:28.412" endtime="20210503 21:58:28.442"/>
</kw>
<kw name="Click Element" library="SeleniumLibrary">
<arg>${lbl_quotadefinition}</arg>
<doc>Click the element identified by ``locator``.</doc>
<msg timestamp="20210503 21:58:28.444" level="INFO">Clicking element 'id:navAdminDropdownQuotaDefinition'.</msg>
<status status="PASS" starttime="20210503 21:58:28.443" endtime="20210503 21:58:28.498"/>
</kw>
<status status="PASS" starttime="20210503 21:58:22.288" endtime="20210503 21:58:28.498"/>
</kw>
<status status="PASS" starttime="20210503 21:58:22.287" endtime="20210503 21:58:28.498"/>
</kw>
<status status="PASS" starttime="20210503 21:57:09.201" endtime="20210503 21:58:28.499"/>
</kw>
<status status="PASS" starttime="20210503 21:57:09.200" endtime="20210503 21:58:28.499"/>
</kw>
<status status="PASS" starttime="20210503 21:57:08.701" endtime="20210503 21:58:28.499"/>
</kw>
<status status="PASS" starttime="20210503 21:57:08.701" endtime="20210503 21:58:28.499"/>
</kw>
<status status="PASS" starttime="20210503 21:56:56.481" endtime="20210503 21:58:28.499"/>
</kw>
<status status="PASS" starttime="20210503 21:56:56.480" endtime="20210503 21:58:28.499"/>
</kw>
<status status="PASS" starttime="20210503 21:56:56.479" endtime="20210503 21:58:28.500"/>
</test>
<kw name="Log out quota" library="CPM_OrgPolicy_Resources_CostCenter" type="TEARDOWN">
<kw name="Set Selenium Timeout" library="SeleniumLibrary">
<arg>20</arg>
<doc>Sets the timeout that is used by various keywords.</doc>
<status status="PASS" starttime="20210503 21:58:28.502" endtime="20210503 21:58:28.504"/>
</kw>
<kw name="Wait Until Keyword Succeeds" library="BuiltIn">
<arg>25 sec</arg>
<arg>5 sec</arg>
<arg>page should contain element</arg>
<arg>${lnk_username}</arg>
<doc>Runs the specified keyword and retries if it fails.</doc>
<kw name="Page Should Contain Element" library="SeleniumLibrary">
<arg>${lnk_username}</arg>
<doc>Verifies that element ``locator`` is found on the current page.</doc>
<msg timestamp="20210503 21:58:28.519" level="INFO">Current page contains element 'id:userMenu'.</msg>
<status status="PASS" starttime="20210503 21:58:28.505" endtime="20210503 21:58:28.519"/>
</kw>
<status status="PASS" starttime="20210503 21:58:28.505" endtime="20210503 21:58:28.519"/>
</kw>
<kw name="Click Element" library="SeleniumLibrary">
<arg>${lnk_username}</arg>
<doc>Click the element identified by ``locator``.</doc>
<msg timestamp="20210503 21:58:28.520" level="INFO">Clicking element 'id:userMenu'.</msg>
<status status="PASS" starttime="20210503 21:58:28.520" endtime="20210503 21:58:28.588"/>
</kw>
<kw name="Wait Until Keyword Succeeds" library="BuiltIn">
<arg>25 sec</arg>
<arg>5 sec</arg>
<arg>page should contain element</arg>
<arg>${lnl_logout}</arg>
<doc>Runs the specified keyword and retries if it fails.</doc>
<kw name="Page Should Contain Element" library="SeleniumLibrary">
<arg>${lnl_logout}</arg>
<doc>Verifies that element ``locator`` is found on the current page.</doc>
<msg timestamp="20210503 21:58:28.604" level="INFO">Current page contains element 'id:link-logout'.</msg>
<status status="PASS" starttime="20210503 21:58:28.589" endtime="20210503 21:58:28.605"/>
</kw>
<status status="PASS" starttime="20210503 21:58:28.589" endtime="20210503 21:58:28.605"/>
</kw>
<kw name="Click Element" library="SeleniumLibrary">
<arg>${lnl_logout}</arg>
<doc>Click the element identified by ``locator``.</doc>
<msg timestamp="20210503 21:58:28.605" level="INFO">Clicking element 'id:link-logout'.</msg>
<status status="PASS" starttime="20210503 21:58:28.605" endtime="20210503 21:58:28.659"/>
</kw>
<kw name="Wait Until Keyword Succeeds" library="BuiltIn">
<arg>35 sec</arg>
<arg>5 sec</arg>
<arg>title should be</arg>
<arg>Lexmark Log In</arg>
<doc>Runs the specified keyword and retries if it fails.</doc>
<kw name="Title Should Be" library="SeleniumLibrary">
<arg>Lexmark Log In</arg>
<doc>Verifies that the current page title equals ``title``.</doc>
<kw name="Capture Page Screenshot" library="SeleniumLibrary">
<doc>Takes a screenshot of the current page and embeds it into a log file.</doc>
<msg timestamp="20210503 21:58:28.842" level="INFO" html="true">&lt;/td&gt;&lt;/tr&gt;&lt;tr&gt;&lt;td colspan="3"&gt;&lt;a href="selenium-screenshot-134.png"&gt;&lt;img src="selenium-screenshot-134.png" width="800px"&gt;&lt;/a&gt;</msg>
<status status="PASS" starttime="20210503 21:58:28.666" endtime="20210503 21:58:28.842"/>
</kw>
<msg timestamp="20210503 21:58:28.863" level="FAIL">Title should have been 'Lexmark Log In' but was 'Print Management | Lexmark Cloud Services'.</msg>
<status status="FAIL" starttime="20210503 21:58:28.660" endtime="20210503 21:58:28.863"/>
</kw>
<kw name="Title Should Be" library="SeleniumLibrary">
<arg>Lexmark Log In</arg>
<doc>Verifies that the current page title equals ``title``.</doc>
<msg timestamp="20210503 21:58:33.878" level="INFO">Page title is 'Lexmark Log In'.</msg>
<status status="PASS" starttime="20210503 21:58:33.873" endtime="20210503 21:58:33.878"/>
</kw>
<status status="PASS" starttime="20210503 21:58:28.659" endtime="20210503 21:58:33.878"/>
</kw>
<kw name="Close All Browsers" library="SeleniumLibrary">
<doc>Closes all open browsers and resets the browser cache.</doc>
<status status="PASS" starttime="20210503 21:58:33.878" endtime="20210503 21:58:36.558"/>
</kw>
<status status="PASS" starttime="20210503 21:58:28.502" endtime="20210503 21:58:36.558"/>
</kw>
<status status="PASS" starttime="20210503 21:44:24.571" endtime="20210503 21:58:36.558"/>
</suite>
<statistics>
<total>
<stat pass="9" fail="0" skip="0">All Tests</stat>
</total>
<tag>
</tag>
<suite>
<stat pass="9" fail="0" skip="0" id="s1" name="OrgPolicy CPM TC1 QuotaAssignment CostCenter">OrgPolicy CPM TC1 QuotaAssignment CostCenter</stat>
</suite>
</statistics>
<errors>
</errors>
</robot>
