<?xml version="1.0" encoding="UTF-8"?>
<robot generator="Robot 4.0.1 (Python 3.8.3 on win32)" generated="20210701 11:40:10.808" rpa="false" schemaversion="2">
<suite id="s1" name="Delegate CPM TC2 Invalid" source="C:\Users\neogis\D Drive\FREEDOM\Python\STL_Automation\Delegates\Delegate_CPM_TC2_Invalid.robot">
<kw name="Open Browser To Login Page" library="CPM_Delegate_Resources" type="SETUP">
<kw name="Catenate" library="BuiltIn">
<var>${lnk_cpm}</var>
<arg>SEPARATOR=</arg>
<arg>${URL}</arg>
<arg>cpm</arg>
<doc>Catenates the given items together and returns the resulted string.</doc>
<msg timestamp="20210701 11:40:13.915" level="INFO">${lnk_cpm} = https://dev.us.cloud.onelxk.co/cpm</msg>
<status status="PASS" starttime="20210701 11:40:13.914" endtime="20210701 11:40:13.915"/>
</kw>
<kw name="Open Browser" library="SeleniumLibrary">
<arg>${URL}</arg>
<arg>${BROWSER}</arg>
<doc>Opens a new browser instance to the optional ``url``.</doc>
<msg timestamp="20210701 11:40:13.917" level="INFO">Opening browser 'Chrome' to base url 'https://dev.us.cloud.onelxk.co/'.</msg>
<status status="PASS" starttime="20210701 11:40:13.916" endtime="20210701 11:40:19.626"/>
</kw>
<kw name="Maximize Browser Window" library="SeleniumLibrary">
<doc>Maximizes current browser window.</doc>
<status status="PASS" starttime="20210701 11:40:19.627" endtime="20210701 11:40:19.831"/>
</kw>
<kw name="Input Text" library="SeleniumLibrary">
<arg>${txt_username}</arg>
<arg>${USER}</arg>
<doc>Types the given ``text`` into the text field identified by ``locator``.</doc>
<msg timestamp="20210701 11:40:19.832" level="INFO">Typing text 'sravantesh.neogi@lexmark.com' into text field 'id:user_email'.</msg>
<status status="PASS" starttime="20210701 11:40:19.831" endtime="20210701 11:40:20.015"/>
</kw>
<kw name="Click Button" library="SeleniumLibrary">
<arg>${btn_next}</arg>
<doc>Clicks the button identified by ``locator``.</doc>
<msg timestamp="20210701 11:40:20.016" level="INFO">Clicking button 'id:btn-email-next'.</msg>
<status status="PASS" starttime="20210701 11:40:20.015" endtime="20210701 11:40:22.113"/>
</kw>
<kw name="Wait Until Keyword Succeeds" library="BuiltIn">
<arg>35 sec</arg>
<arg>5 sec</arg>
<arg>element should be visible</arg>
<arg>${txt_password}</arg>
<doc>Runs the specified keyword and retries if it fails.</doc>
<kw name="Element Should Be Visible" library="SeleniumLibrary">
<arg>${txt_password}</arg>
<doc>Verifies that the element identified by ``locator`` is visible.</doc>
<msg timestamp="20210701 11:40:22.157" level="INFO">Element 'id:user_password' is displayed.</msg>
<status status="PASS" starttime="20210701 11:40:22.115" endtime="20210701 11:40:22.157"/>
</kw>
<status status="PASS" starttime="20210701 11:40:22.114" endtime="20210701 11:40:22.157"/>
</kw>
<kw name="Input Text" library="SeleniumLibrary">
<arg>${txt_password}</arg>
<arg>${PASSWORD}</arg>
<doc>Types the given ``text`` into the text field identified by ``locator``.</doc>
<msg timestamp="20210701 11:40:22.158" level="INFO">Typing text 'Password@1234' into text field 'id:user_password'.</msg>
<status status="PASS" starttime="20210701 11:40:22.157" endtime="20210701 11:40:22.248"/>
</kw>
<kw name="Click Button" library="SeleniumLibrary">
<arg>${btn_login}</arg>
<doc>Clicks the button identified by ``locator``.</doc>
<msg timestamp="20210701 11:40:22.249" level="INFO">Clicking button 'id:btn-email-login'.</msg>
<status status="PASS" starttime="20210701 11:40:22.249" endtime="20210701 11:40:24.097"/>
</kw>
<kw name="Wait Until Keyword Succeeds" library="BuiltIn">
<arg>35 sec</arg>
<arg>5 sec</arg>
<arg>page should contain</arg>
<arg>Cloud Services Home</arg>
<doc>Runs the specified keyword and retries if it fails.</doc>
<kw name="Page Should Contain" library="SeleniumLibrary">
<arg>Cloud Services Home</arg>
<doc>Verifies that current page contains ``text``.</doc>
<kw name="Capture Page Screenshot" library="SeleniumLibrary">
<doc>Takes a screenshot of the current page and embeds it into a log file.</doc>
<msg timestamp="20210701 11:40:24.450" level="INFO" html="true">&lt;/td&gt;&lt;/tr&gt;&lt;tr&gt;&lt;td colspan="3"&gt;&lt;a href="selenium-screenshot-1.png"&gt;&lt;img src="selenium-screenshot-1.png" width="800px"&gt;&lt;/a&gt;</msg>
<status status="PASS" starttime="20210701 11:40:24.149" endtime="20210701 11:40:24.450"/>
</kw>
<msg timestamp="20210701 11:40:24.453" level="FAIL">Page should have contained text 'Cloud Services Home' but did not.</msg>
<status status="FAIL" starttime="20210701 11:40:24.098" endtime="20210701 11:40:24.453"/>
</kw>
<kw name="Page Should Contain" library="SeleniumLibrary">
<arg>Cloud Services Home</arg>
<doc>Verifies that current page contains ``text``.</doc>
<msg timestamp="20210701 11:40:29.490" level="INFO">Current page contains text 'Cloud Services Home'.</msg>
<status status="PASS" starttime="20210701 11:40:29.455" endtime="20210701 11:40:29.490"/>
</kw>
<status status="PASS" starttime="20210701 11:40:24.097" endtime="20210701 11:40:29.490"/>
</kw>
<kw name="Catenate" library="BuiltIn">
<var>${lnk_cpm}</var>
<arg>SEPARATOR=</arg>
<arg>${URL}</arg>
<arg>cpm</arg>
<doc>Catenates the given items together and returns the resulted string.</doc>
<msg timestamp="20210701 11:40:29.492" level="INFO">${lnk_cpm} = https://dev.us.cloud.onelxk.co/cpm</msg>
<status status="PASS" starttime="20210701 11:40:29.491" endtime="20210701 11:40:29.492"/>
</kw>
<kw name="Go To" library="SeleniumLibrary">
<arg>${lnk_cpm}</arg>
<doc>Navigates the current browser window to the provided ``url``.</doc>
<msg timestamp="20210701 11:40:29.493" level="INFO">Opening url 'https://dev.us.cloud.onelxk.co/cpm'</msg>
<status status="PASS" starttime="20210701 11:40:29.492" endtime="20210701 11:40:31.496"/>
</kw>
<kw name="Wait Until Keyword Succeeds" library="BuiltIn">
<arg>25 sec</arg>
<arg>5 sec</arg>
<arg>title should be</arg>
<arg>Print Management | Lexmark Cloud Services</arg>
<doc>Runs the specified keyword and retries if it fails.</doc>
<kw name="Title Should Be" library="SeleniumLibrary">
<arg>Print Management | Lexmark Cloud Services</arg>
<doc>Verifies that the current page title equals ``title``.</doc>
<kw name="Capture Page Screenshot" library="SeleniumLibrary">
<doc>Takes a screenshot of the current page and embeds it into a log file.</doc>
<msg timestamp="20210701 11:40:31.778" level="INFO" html="true">&lt;/td&gt;&lt;/tr&gt;&lt;tr&gt;&lt;td colspan="3"&gt;&lt;a href="selenium-screenshot-2.png"&gt;&lt;img src="selenium-screenshot-2.png" width="800px"&gt;&lt;/a&gt;</msg>
<status status="PASS" starttime="20210701 11:40:31.507" endtime="20210701 11:40:31.779"/>
</kw>
<msg timestamp="20210701 11:40:31.780" level="FAIL">Title should have been 'Print Management | Lexmark Cloud Services' but was 'Lexmark'.</msg>
<status status="FAIL" starttime="20210701 11:40:31.498" endtime="20210701 11:40:31.780"/>
</kw>
<kw name="Title Should Be" library="SeleniumLibrary">
<arg>Print Management | Lexmark Cloud Services</arg>
<doc>Verifies that the current page title equals ``title``.</doc>
<msg timestamp="20210701 11:40:36.806" level="INFO">Page title is 'Print Management | Lexmark Cloud Services'.</msg>
<status status="PASS" starttime="20210701 11:40:36.780" endtime="20210701 11:40:36.806"/>
</kw>
<status status="PASS" starttime="20210701 11:40:31.497" endtime="20210701 11:40:36.806"/>
</kw>
<kw name="Switch Window" library="SeleniumLibrary">
<arg>Print Management | Lexmark Cloud Services</arg>
<doc>Switches to browser window matching ``locator``.</doc>
<status status="PASS" starttime="20210701 11:40:36.806" endtime="20210701 11:40:36.847"/>
</kw>
<kw name="Title Should Be" library="SeleniumLibrary">
<arg>Print Management | Lexmark Cloud Services</arg>
<doc>Verifies that the current page title equals ``title``.</doc>
<msg timestamp="20210701 11:40:36.854" level="INFO">Page title is 'Print Management | Lexmark Cloud Services'.</msg>
<status status="PASS" starttime="20210701 11:40:36.848" endtime="20210701 11:40:36.854"/>
</kw>
<status status="PASS" starttime="20210701 11:40:13.914" endtime="20210701 11:40:36.854"/>
</kw>
<test id="s1-t1" name="Delegate addition with Incorrect : user_@test.onelxk.co">
<kw name="Invalid Delegates">
<arg>user_@test.onelxk.co</arg>
<kw name="Check Adding Invalid Delegates" library="CPM_Delegate_Resources">
<arg>${EMAIL USER}</arg>
<kw name="Set Selenium Timeout" library="SeleniumLibrary">
<arg>20</arg>
<doc>Sets the timeout that is used by various keywords.</doc>
<status status="PASS" starttime="20210701 11:40:36.857" endtime="20210701 11:40:36.859"/>
</kw>
<kw name="Wait Until Keyword Succeeds" library="BuiltIn">
<arg>25 sec</arg>
<arg>5 sec</arg>
<arg>element should be visible</arg>
<arg>${lbl_delegate}</arg>
<doc>Runs the specified keyword and retries if it fails.</doc>
<kw name="Element Should Be Visible" library="SeleniumLibrary">
<arg>${lbl_delegate}</arg>
<doc>Verifies that the element identified by ``locator`` is visible.</doc>
<msg timestamp="20210701 11:40:36.898" level="INFO">Element 'id:link-navDelegates' is displayed.</msg>
<status status="PASS" starttime="20210701 11:40:36.860" endtime="20210701 11:40:36.898"/>
</kw>
<status status="PASS" starttime="20210701 11:40:36.859" endtime="20210701 11:40:36.898"/>
</kw>
<kw name="Click Element" library="SeleniumLibrary">
<arg>${lbl_delegate}</arg>
<doc>Click the element identified by ``locator``.</doc>
<msg timestamp="20210701 11:40:36.899" level="INFO">Clicking element 'id:link-navDelegates'.</msg>
<status status="PASS" starttime="20210701 11:40:36.898" endtime="20210701 11:40:36.990"/>
</kw>
<kw name="Wait Until Keyword Succeeds" library="BuiltIn">
<arg>25 sec</arg>
<arg>5 sec</arg>
<arg>element should be visible</arg>
<arg>${txt_delegate}</arg>
<doc>Runs the specified keyword and retries if it fails.</doc>
<kw name="Element Should Be Visible" library="SeleniumLibrary">
<arg>${txt_delegate}</arg>
<doc>Verifies that the element identified by ``locator`` is visible.</doc>
<kw name="Capture Page Screenshot" library="SeleniumLibrary">
<doc>Takes a screenshot of the current page and embeds it into a log file.</doc>
<msg timestamp="20210701 11:40:37.259" level="INFO" html="true">&lt;/td&gt;&lt;/tr&gt;&lt;tr&gt;&lt;td colspan="3"&gt;&lt;a href="selenium-screenshot-3.png"&gt;&lt;img src="selenium-screenshot-3.png" width="800px"&gt;&lt;/a&gt;</msg>
<status status="PASS" starttime="20210701 11:40:37.023" endtime="20210701 11:40:37.259"/>
</kw>
<msg timestamp="20210701 11:40:37.262" level="FAIL">Element with locator 'xpath://*[@id='delegatesPageHeaderDropDown_button']/div' not found.</msg>
<status status="FAIL" starttime="20210701 11:40:36.991" endtime="20210701 11:40:37.262"/>
</kw>
<kw name="Element Should Be Visible" library="SeleniumLibrary">
<arg>${txt_delegate}</arg>
<doc>Verifies that the element identified by ``locator`` is visible.</doc>
<msg timestamp="20210701 11:40:42.288" level="INFO">Element 'xpath://*[@id='delegatesPageHeaderDropDown_button']/div' is displayed.</msg>
<status status="PASS" starttime="20210701 11:40:42.262" endtime="20210701 11:40:42.289"/>
</kw>
<status status="PASS" starttime="20210701 11:40:36.990" endtime="20210701 11:40:42.289"/>
</kw>
<kw name="Page Should Contain" library="SeleniumLibrary">
<arg>No data available</arg>
<doc>Verifies that current page contains ``text``.</doc>
<msg timestamp="20210701 11:40:42.308" level="INFO">Current page contains text 'No data available'.</msg>
<status status="PASS" starttime="20210701 11:40:42.289" endtime="20210701 11:40:42.309"/>
</kw>
<kw name="Click Element" library="SeleniumLibrary">
<arg>${btn_delegate_add}</arg>
<doc>Click the element identified by ``locator``.</doc>
<msg timestamp="20210701 11:40:42.310" level="INFO">Clicking element 'id:delegatesAddButton'.</msg>
<status status="PASS" starttime="20210701 11:40:42.309" endtime="20210701 11:40:42.465"/>
</kw>
<kw name="Wait Until Keyword Succeeds" library="BuiltIn">
<arg>25 sec</arg>
<arg>5 sec</arg>
<arg>element should be visible</arg>
<arg>${dlg_btn_delegate_add}</arg>
<doc>Runs the specified keyword and retries if it fails.</doc>
<kw name="Element Should Be Visible" library="SeleniumLibrary">
<arg>${dlg_btn_delegate_add}</arg>
<doc>Verifies that the element identified by ``locator`` is visible.</doc>
<msg timestamp="20210701 11:40:42.509" level="INFO">Element 'id:addDelegatesModalAdd' is displayed.</msg>
<status status="PASS" starttime="20210701 11:40:42.467" endtime="20210701 11:40:42.510"/>
</kw>
<status status="PASS" starttime="20210701 11:40:42.466" endtime="20210701 11:40:42.510"/>
</kw>
<kw name="Element Should Be Disabled" library="SeleniumLibrary">
<arg>${dlg_btn_delegate_add}</arg>
<doc>Verifies that element identified by ``locator`` is disabled.</doc>
<status status="PASS" starttime="20210701 11:40:42.510" endtime="20210701 11:40:42.528"/>
</kw>
<kw name="Element Should Be Enabled" library="SeleniumLibrary">
<arg>${dlg_btn_delegate_cancel}</arg>
<doc>Verifies that element identified by ``locator`` is enabled.</doc>
<status status="PASS" starttime="20210701 11:40:42.528" endtime="20210701 11:40:42.560"/>
</kw>
<kw name="Click Element" library="SeleniumLibrary">
<arg>${txt_delegate_email}</arg>
<doc>Click the element identified by ``locator``.</doc>
<msg timestamp="20210701 11:40:42.561" level="INFO">Clicking element 'xpath://*[@id='delegateUserSelectControl']/div'.</msg>
<status status="PASS" starttime="20210701 11:40:42.560" endtime="20210701 11:40:42.627"/>
</kw>
<kw name="Input Text" library="SeleniumLibrary">
<arg>${txt_delegate_input}</arg>
<arg>${EMAIL USER}</arg>
<doc>Types the given ``text`` into the text field identified by ``locator``.</doc>
<msg timestamp="20210701 11:40:42.627" level="INFO">Typing text 'user_@test.onelxk.co' into text field 'id:delegateUserSelectControl_Input'.</msg>
<status status="PASS" starttime="20210701 11:40:42.627" endtime="20210701 11:40:43.145"/>
</kw>
<kw name="Wait Until Keyword Succeeds" library="BuiltIn">
<arg>25 sec</arg>
<arg>5 sec</arg>
<arg>element should not be visible</arg>
<arg>${lst_delegate}</arg>
<doc>Runs the specified keyword and retries if it fails.</doc>
<kw name="Element Should Not Be Visible" library="SeleniumLibrary">
<arg>${lst_delegate}</arg>
<doc>Verifies that the element identified by ``locator`` is NOT visible.</doc>
<msg timestamp="20210701 11:40:43.171" level="INFO">Element 'id:delegateUserSelectControl-listbox' exists but is not displayed.</msg>
<status status="PASS" starttime="20210701 11:40:43.147" endtime="20210701 11:40:43.171"/>
</kw>
<status status="PASS" starttime="20210701 11:40:43.146" endtime="20210701 11:40:43.171"/>
</kw>
<kw name="Element Should Be Disabled" library="SeleniumLibrary">
<arg>${dlg_btn_delegate_add}</arg>
<doc>Verifies that element identified by ``locator`` is disabled.</doc>
<status status="PASS" starttime="20210701 11:40:43.171" endtime="20210701 11:40:43.187"/>
</kw>
<kw name="Click Button" library="SeleniumLibrary">
<arg>${dlg_btn_delegate_cancel}</arg>
<doc>Clicks the button identified by ``locator``.</doc>
<msg timestamp="20210701 11:40:43.188" level="INFO">Clicking button 'id:addDelegatesModalCancel'.</msg>
<status status="PASS" starttime="20210701 11:40:43.187" endtime="20210701 11:40:43.286"/>
</kw>
<status status="PASS" starttime="20210701 11:40:36.856" endtime="20210701 11:40:43.286"/>
</kw>
<status status="PASS" starttime="20210701 11:40:36.856" endtime="20210701 11:40:43.286"/>
</kw>
<status status="PASS" starttime="20210701 11:40:36.854" endtime="20210701 11:40:43.287"/>
</test>
<test id="s1-t2" name="Delegate addition with Incorrect : abc@123.com">
<kw name="Invalid Delegates">
<arg>abc@123.com</arg>
<kw name="Check Adding Invalid Delegates" library="CPM_Delegate_Resources">
<arg>${EMAIL USER}</arg>
<kw name="Set Selenium Timeout" library="SeleniumLibrary">
<arg>20</arg>
<doc>Sets the timeout that is used by various keywords.</doc>
<status status="PASS" starttime="20210701 11:40:43.296" endtime="20210701 11:40:43.297"/>
</kw>
<kw name="Wait Until Keyword Succeeds" library="BuiltIn">
<arg>25 sec</arg>
<arg>5 sec</arg>
<arg>element should be visible</arg>
<arg>${lbl_delegate}</arg>
<doc>Runs the specified keyword and retries if it fails.</doc>
<kw name="Element Should Be Visible" library="SeleniumLibrary">
<arg>${lbl_delegate}</arg>
<doc>Verifies that the element identified by ``locator`` is visible.</doc>
<msg timestamp="20210701 11:40:43.328" level="INFO">Element 'id:link-navDelegates' is displayed.</msg>
<status status="PASS" starttime="20210701 11:40:43.298" endtime="20210701 11:40:43.328"/>
</kw>
<status status="PASS" starttime="20210701 11:40:43.298" endtime="20210701 11:40:43.328"/>
</kw>
<kw name="Click Element" library="SeleniumLibrary">
<arg>${lbl_delegate}</arg>
<doc>Click the element identified by ``locator``.</doc>
<msg timestamp="20210701 11:40:43.329" level="INFO">Clicking element 'id:link-navDelegates'.</msg>
<status status="PASS" starttime="20210701 11:40:43.329" endtime="20210701 11:40:43.389"/>
</kw>
<kw name="Wait Until Keyword Succeeds" library="BuiltIn">
<arg>25 sec</arg>
<arg>5 sec</arg>
<arg>element should be visible</arg>
<arg>${txt_delegate}</arg>
<doc>Runs the specified keyword and retries if it fails.</doc>
<kw name="Element Should Be Visible" library="SeleniumLibrary">
<arg>${txt_delegate}</arg>
<doc>Verifies that the element identified by ``locator`` is visible.</doc>
<msg timestamp="20210701 11:40:43.413" level="INFO">Element 'xpath://*[@id='delegatesPageHeaderDropDown_button']/div' is displayed.</msg>
<status status="PASS" starttime="20210701 11:40:43.390" endtime="20210701 11:40:43.413"/>
</kw>
<status status="PASS" starttime="20210701 11:40:43.389" endtime="20210701 11:40:43.413"/>
</kw>
<kw name="Page Should Contain" library="SeleniumLibrary">
<arg>No data available</arg>
<doc>Verifies that current page contains ``text``.</doc>
<msg timestamp="20210701 11:40:43.431" level="INFO">Current page contains text 'No data available'.</msg>
<status status="PASS" starttime="20210701 11:40:43.413" endtime="20210701 11:40:43.431"/>
</kw>
<kw name="Click Element" library="SeleniumLibrary">
<arg>${btn_delegate_add}</arg>
<doc>Click the element identified by ``locator``.</doc>
<msg timestamp="20210701 11:40:43.433" level="INFO">Clicking element 'id:delegatesAddButton'.</msg>
<status status="PASS" starttime="20210701 11:40:43.432" endtime="20210701 11:40:43.579"/>
</kw>
<kw name="Wait Until Keyword Succeeds" library="BuiltIn">
<arg>25 sec</arg>
<arg>5 sec</arg>
<arg>element should be visible</arg>
<arg>${dlg_btn_delegate_add}</arg>
<doc>Runs the specified keyword and retries if it fails.</doc>
<kw name="Element Should Be Visible" library="SeleniumLibrary">
<arg>${dlg_btn_delegate_add}</arg>
<doc>Verifies that the element identified by ``locator`` is visible.</doc>
<msg timestamp="20210701 11:40:43.631" level="INFO">Element 'id:addDelegatesModalAdd' is displayed.</msg>
<status status="PASS" starttime="20210701 11:40:43.580" endtime="20210701 11:40:43.632"/>
</kw>
<status status="PASS" starttime="20210701 11:40:43.579" endtime="20210701 11:40:43.632"/>
</kw>
<kw name="Element Should Be Disabled" library="SeleniumLibrary">
<arg>${dlg_btn_delegate_add}</arg>
<doc>Verifies that element identified by ``locator`` is disabled.</doc>
<status status="PASS" starttime="20210701 11:40:43.633" endtime="20210701 11:40:43.672"/>
</kw>
<kw name="Element Should Be Enabled" library="SeleniumLibrary">
<arg>${dlg_btn_delegate_cancel}</arg>
<doc>Verifies that element identified by ``locator`` is enabled.</doc>
<status status="PASS" starttime="20210701 11:40:43.672" endtime="20210701 11:40:43.702"/>
</kw>
<kw name="Click Element" library="SeleniumLibrary">
<arg>${txt_delegate_email}</arg>
<doc>Click the element identified by ``locator``.</doc>
<msg timestamp="20210701 11:40:43.702" level="INFO">Clicking element 'xpath://*[@id='delegateUserSelectControl']/div'.</msg>
<status status="PASS" starttime="20210701 11:40:43.702" endtime="20210701 11:40:43.776"/>
</kw>
<kw name="Input Text" library="SeleniumLibrary">
<arg>${txt_delegate_input}</arg>
<arg>${EMAIL USER}</arg>
<doc>Types the given ``text`` into the text field identified by ``locator``.</doc>
<msg timestamp="20210701 11:40:43.776" level="INFO">Typing text 'abc@123.com' into text field 'id:delegateUserSelectControl_Input'.</msg>
<status status="PASS" starttime="20210701 11:40:43.776" endtime="20210701 11:40:44.101"/>
</kw>
<kw name="Wait Until Keyword Succeeds" library="BuiltIn">
<arg>25 sec</arg>
<arg>5 sec</arg>
<arg>element should not be visible</arg>
<arg>${lst_delegate}</arg>
<doc>Runs the specified keyword and retries if it fails.</doc>
<kw name="Element Should Not Be Visible" library="SeleniumLibrary">
<arg>${lst_delegate}</arg>
<doc>Verifies that the element identified by ``locator`` is NOT visible.</doc>
<kw name="Capture Page Screenshot" library="SeleniumLibrary">
<doc>Takes a screenshot of the current page and embeds it into a log file.</doc>
<msg timestamp="20210701 11:40:44.404" level="INFO" html="true">&lt;/td&gt;&lt;/tr&gt;&lt;tr&gt;&lt;td colspan="3"&gt;&lt;a href="selenium-screenshot-4.png"&gt;&lt;img src="selenium-screenshot-4.png" width="800px"&gt;&lt;/a&gt;</msg>
<status status="PASS" starttime="20210701 11:40:44.148" endtime="20210701 11:40:44.405"/>
</kw>
<msg timestamp="20210701 11:40:44.406" level="FAIL">The element 'id:delegateUserSelectControl-listbox' should not be visible, but it is.</msg>
<status status="FAIL" starttime="20210701 11:40:44.102" endtime="20210701 11:40:44.406"/>
</kw>
<kw name="Element Should Not Be Visible" library="SeleniumLibrary">
<arg>${lst_delegate}</arg>
<doc>Verifies that the element identified by ``locator`` is NOT visible.</doc>
<msg timestamp="20210701 11:40:49.432" level="INFO">Element 'id:delegateUserSelectControl-listbox' exists but is not displayed.</msg>
<status status="PASS" starttime="20210701 11:40:49.407" endtime="20210701 11:40:49.432"/>
</kw>
<status status="PASS" starttime="20210701 11:40:44.101" endtime="20210701 11:40:49.432"/>
</kw>
<kw name="Element Should Be Disabled" library="SeleniumLibrary">
<arg>${dlg_btn_delegate_add}</arg>
<doc>Verifies that element identified by ``locator`` is disabled.</doc>
<status status="PASS" starttime="20210701 11:40:49.433" endtime="20210701 11:40:49.458"/>
</kw>
<kw name="Click Button" library="SeleniumLibrary">
<arg>${dlg_btn_delegate_cancel}</arg>
<doc>Clicks the button identified by ``locator``.</doc>
<msg timestamp="20210701 11:40:49.459" level="INFO">Clicking button 'id:addDelegatesModalCancel'.</msg>
<status status="PASS" starttime="20210701 11:40:49.459" endtime="20210701 11:40:49.637"/>
</kw>
<status status="PASS" starttime="20210701 11:40:43.294" endtime="20210701 11:40:49.638"/>
</kw>
<status status="PASS" starttime="20210701 11:40:43.293" endtime="20210701 11:40:49.639"/>
</kw>
<status status="PASS" starttime="20210701 11:40:43.289" endtime="20210701 11:40:49.641"/>
</test>
<test id="s1-t3" name="Delegate addition with Blank : ">
<kw name="Invalid Delegates">
<kw name="Check Adding Invalid Delegates" library="CPM_Delegate_Resources">
<arg>${EMAIL USER}</arg>
<kw name="Set Selenium Timeout" library="SeleniumLibrary">
<arg>20</arg>
<doc>Sets the timeout that is used by various keywords.</doc>
<status status="PASS" starttime="20210701 11:40:49.649" endtime="20210701 11:40:49.652"/>
</kw>
<kw name="Wait Until Keyword Succeeds" library="BuiltIn">
<arg>25 sec</arg>
<arg>5 sec</arg>
<arg>element should be visible</arg>
<arg>${lbl_delegate}</arg>
<doc>Runs the specified keyword and retries if it fails.</doc>
<kw name="Element Should Be Visible" library="SeleniumLibrary">
<arg>${lbl_delegate}</arg>
<doc>Verifies that the element identified by ``locator`` is visible.</doc>
<msg timestamp="20210701 11:40:49.689" level="INFO">Element 'id:link-navDelegates' is displayed.</msg>
<status status="PASS" starttime="20210701 11:40:49.653" endtime="20210701 11:40:49.689"/>
</kw>
<status status="PASS" starttime="20210701 11:40:49.652" endtime="20210701 11:40:49.689"/>
</kw>
<kw name="Click Element" library="SeleniumLibrary">
<arg>${lbl_delegate}</arg>
<doc>Click the element identified by ``locator``.</doc>
<msg timestamp="20210701 11:40:49.690" level="INFO">Clicking element 'id:link-navDelegates'.</msg>
<status status="PASS" starttime="20210701 11:40:49.689" endtime="20210701 11:40:49.743"/>
</kw>
<kw name="Wait Until Keyword Succeeds" library="BuiltIn">
<arg>25 sec</arg>
<arg>5 sec</arg>
<arg>element should be visible</arg>
<arg>${txt_delegate}</arg>
<doc>Runs the specified keyword and retries if it fails.</doc>
<kw name="Element Should Be Visible" library="SeleniumLibrary">
<arg>${txt_delegate}</arg>
<doc>Verifies that the element identified by ``locator`` is visible.</doc>
<msg timestamp="20210701 11:40:49.772" level="INFO">Element 'xpath://*[@id='delegatesPageHeaderDropDown_button']/div' is displayed.</msg>
<status status="PASS" starttime="20210701 11:40:49.744" endtime="20210701 11:40:49.772"/>
</kw>
<status status="PASS" starttime="20210701 11:40:49.743" endtime="20210701 11:40:49.772"/>
</kw>
<kw name="Page Should Contain" library="SeleniumLibrary">
<arg>No data available</arg>
<doc>Verifies that current page contains ``text``.</doc>
<msg timestamp="20210701 11:40:49.788" level="INFO">Current page contains text 'No data available'.</msg>
<status status="PASS" starttime="20210701 11:40:49.773" endtime="20210701 11:40:49.789"/>
</kw>
<kw name="Click Element" library="SeleniumLibrary">
<arg>${btn_delegate_add}</arg>
<doc>Click the element identified by ``locator``.</doc>
<msg timestamp="20210701 11:40:49.789" level="INFO">Clicking element 'id:delegatesAddButton'.</msg>
<status status="PASS" starttime="20210701 11:40:49.789" endtime="20210701 11:40:49.886"/>
</kw>
<kw name="Wait Until Keyword Succeeds" library="BuiltIn">
<arg>25 sec</arg>
<arg>5 sec</arg>
<arg>element should be visible</arg>
<arg>${dlg_btn_delegate_add}</arg>
<doc>Runs the specified keyword and retries if it fails.</doc>
<kw name="Element Should Be Visible" library="SeleniumLibrary">
<arg>${dlg_btn_delegate_add}</arg>
<doc>Verifies that the element identified by ``locator`` is visible.</doc>
<msg timestamp="20210701 11:40:49.938" level="INFO">Element 'id:addDelegatesModalAdd' is displayed.</msg>
<status status="PASS" starttime="20210701 11:40:49.888" endtime="20210701 11:40:49.938"/>
</kw>
<status status="PASS" starttime="20210701 11:40:49.887" endtime="20210701 11:40:49.938"/>
</kw>
<kw name="Element Should Be Disabled" library="SeleniumLibrary">
<arg>${dlg_btn_delegate_add}</arg>
<doc>Verifies that element identified by ``locator`` is disabled.</doc>
<status status="PASS" starttime="20210701 11:40:49.938" endtime="20210701 11:40:49.958"/>
</kw>
<kw name="Element Should Be Enabled" library="SeleniumLibrary">
<arg>${dlg_btn_delegate_cancel}</arg>
<doc>Verifies that element identified by ``locator`` is enabled.</doc>
<status status="PASS" starttime="20210701 11:40:49.959" endtime="20210701 11:40:49.986"/>
</kw>
<kw name="Click Element" library="SeleniumLibrary">
<arg>${txt_delegate_email}</arg>
<doc>Click the element identified by ``locator``.</doc>
<msg timestamp="20210701 11:40:49.987" level="INFO">Clicking element 'xpath://*[@id='delegateUserSelectControl']/div'.</msg>
<status status="PASS" starttime="20210701 11:40:49.986" endtime="20210701 11:40:50.060"/>
</kw>
<kw name="Input Text" library="SeleniumLibrary">
<arg>${txt_delegate_input}</arg>
<arg>${EMAIL USER}</arg>
<doc>Types the given ``text`` into the text field identified by ``locator``.</doc>
<msg timestamp="20210701 11:40:50.061" level="INFO">Typing text '' into text field 'id:delegateUserSelectControl_Input'.</msg>
<status status="PASS" starttime="20210701 11:40:50.060" endtime="20210701 11:40:50.226"/>
</kw>
<kw name="Wait Until Keyword Succeeds" library="BuiltIn">
<arg>25 sec</arg>
<arg>5 sec</arg>
<arg>element should not be visible</arg>
<arg>${lst_delegate}</arg>
<doc>Runs the specified keyword and retries if it fails.</doc>
<kw name="Element Should Not Be Visible" library="SeleniumLibrary">
<arg>${lst_delegate}</arg>
<doc>Verifies that the element identified by ``locator`` is NOT visible.</doc>
<msg timestamp="20210701 11:40:50.247" level="INFO">Element 'id:delegateUserSelectControl-listbox' exists but is not displayed.</msg>
<status status="PASS" starttime="20210701 11:40:50.227" endtime="20210701 11:40:50.247"/>
</kw>
<status status="PASS" starttime="20210701 11:40:50.226" endtime="20210701 11:40:50.248"/>
</kw>
<kw name="Element Should Be Disabled" library="SeleniumLibrary">
<arg>${dlg_btn_delegate_add}</arg>
<doc>Verifies that element identified by ``locator`` is disabled.</doc>
<status status="PASS" starttime="20210701 11:40:50.248" endtime="20210701 11:40:50.265"/>
</kw>
<kw name="Click Button" library="SeleniumLibrary">
<arg>${dlg_btn_delegate_cancel}</arg>
<doc>Clicks the button identified by ``locator``.</doc>
<msg timestamp="20210701 11:40:50.266" level="INFO">Clicking button 'id:addDelegatesModalCancel'.</msg>
<status status="PASS" starttime="20210701 11:40:50.265" endtime="20210701 11:40:50.377"/>
</kw>
<status status="PASS" starttime="20210701 11:40:49.648" endtime="20210701 11:40:50.377"/>
</kw>
<status status="PASS" starttime="20210701 11:40:49.647" endtime="20210701 11:40:50.378"/>
</kw>
<status status="PASS" starttime="20210701 11:40:49.646" endtime="20210701 11:40:50.378"/>
</test>
<test id="s1-t4" name="Delegate addition with Number : 123">
<kw name="Invalid Delegates">
<arg>123</arg>
<kw name="Check Adding Invalid Delegates" library="CPM_Delegate_Resources">
<arg>${EMAIL USER}</arg>
<kw name="Set Selenium Timeout" library="SeleniumLibrary">
<arg>20</arg>
<doc>Sets the timeout that is used by various keywords.</doc>
<status status="PASS" starttime="20210701 11:40:50.387" endtime="20210701 11:40:50.390"/>
</kw>
<kw name="Wait Until Keyword Succeeds" library="BuiltIn">
<arg>25 sec</arg>
<arg>5 sec</arg>
<arg>element should be visible</arg>
<arg>${lbl_delegate}</arg>
<doc>Runs the specified keyword and retries if it fails.</doc>
<kw name="Element Should Be Visible" library="SeleniumLibrary">
<arg>${lbl_delegate}</arg>
<doc>Verifies that the element identified by ``locator`` is visible.</doc>
<msg timestamp="20210701 11:40:50.422" level="INFO">Element 'id:link-navDelegates' is displayed.</msg>
<status status="PASS" starttime="20210701 11:40:50.391" endtime="20210701 11:40:50.422"/>
</kw>
<status status="PASS" starttime="20210701 11:40:50.391" endtime="20210701 11:40:50.422"/>
</kw>
<kw name="Click Element" library="SeleniumLibrary">
<arg>${lbl_delegate}</arg>
<doc>Click the element identified by ``locator``.</doc>
<msg timestamp="20210701 11:40:50.423" level="INFO">Clicking element 'id:link-navDelegates'.</msg>
<status status="PASS" starttime="20210701 11:40:50.423" endtime="20210701 11:40:50.490"/>
</kw>
<kw name="Wait Until Keyword Succeeds" library="BuiltIn">
<arg>25 sec</arg>
<arg>5 sec</arg>
<arg>element should be visible</arg>
<arg>${txt_delegate}</arg>
<doc>Runs the specified keyword and retries if it fails.</doc>
<kw name="Element Should Be Visible" library="SeleniumLibrary">
<arg>${txt_delegate}</arg>
<doc>Verifies that the element identified by ``locator`` is visible.</doc>
<msg timestamp="20210701 11:40:50.539" level="INFO">Element 'xpath://*[@id='delegatesPageHeaderDropDown_button']/div' is displayed.</msg>
<status status="PASS" starttime="20210701 11:40:50.492" endtime="20210701 11:40:50.539"/>
</kw>
<status status="PASS" starttime="20210701 11:40:50.491" endtime="20210701 11:40:50.540"/>
</kw>
<kw name="Page Should Contain" library="SeleniumLibrary">
<arg>No data available</arg>
<doc>Verifies that current page contains ``text``.</doc>
<msg timestamp="20210701 11:40:50.566" level="INFO">Current page contains text 'No data available'.</msg>
<status status="PASS" starttime="20210701 11:40:50.540" endtime="20210701 11:40:50.566"/>
</kw>
<kw name="Click Element" library="SeleniumLibrary">
<arg>${btn_delegate_add}</arg>
<doc>Click the element identified by ``locator``.</doc>
<msg timestamp="20210701 11:40:50.567" level="INFO">Clicking element 'id:delegatesAddButton'.</msg>
<status status="PASS" starttime="20210701 11:40:50.567" endtime="20210701 11:40:50.694"/>
</kw>
<kw name="Wait Until Keyword Succeeds" library="BuiltIn">
<arg>25 sec</arg>
<arg>5 sec</arg>
<arg>element should be visible</arg>
<arg>${dlg_btn_delegate_add}</arg>
<doc>Runs the specified keyword and retries if it fails.</doc>
<kw name="Element Should Be Visible" library="SeleniumLibrary">
<arg>${dlg_btn_delegate_add}</arg>
<doc>Verifies that the element identified by ``locator`` is visible.</doc>
<msg timestamp="20210701 11:40:50.738" level="INFO">Element 'id:addDelegatesModalAdd' is displayed.</msg>
<status status="PASS" starttime="20210701 11:40:50.697" endtime="20210701 11:40:50.738"/>
</kw>
<status status="PASS" starttime="20210701 11:40:50.694" endtime="20210701 11:40:50.738"/>
</kw>
<kw name="Element Should Be Disabled" library="SeleniumLibrary">
<arg>${dlg_btn_delegate_add}</arg>
<doc>Verifies that element identified by ``locator`` is disabled.</doc>
<status status="PASS" starttime="20210701 11:40:50.739" endtime="20210701 11:40:50.786"/>
</kw>
<kw name="Element Should Be Enabled" library="SeleniumLibrary">
<arg>${dlg_btn_delegate_cancel}</arg>
<doc>Verifies that element identified by ``locator`` is enabled.</doc>
<status status="PASS" starttime="20210701 11:40:50.786" endtime="20210701 11:40:50.831"/>
</kw>
<kw name="Click Element" library="SeleniumLibrary">
<arg>${txt_delegate_email}</arg>
<doc>Click the element identified by ``locator``.</doc>
<msg timestamp="20210701 11:40:50.831" level="INFO">Clicking element 'xpath://*[@id='delegateUserSelectControl']/div'.</msg>
<status status="PASS" starttime="20210701 11:40:50.831" endtime="20210701 11:40:50.927"/>
</kw>
<kw name="Input Text" library="SeleniumLibrary">
<arg>${txt_delegate_input}</arg>
<arg>${EMAIL USER}</arg>
<doc>Types the given ``text`` into the text field identified by ``locator``.</doc>
<msg timestamp="20210701 11:40:50.928" level="INFO">Typing text '123' into text field 'id:delegateUserSelectControl_Input'.</msg>
<status status="PASS" starttime="20210701 11:40:50.927" endtime="20210701 11:40:51.050"/>
</kw>
<kw name="Wait Until Keyword Succeeds" library="BuiltIn">
<arg>25 sec</arg>
<arg>5 sec</arg>
<arg>element should not be visible</arg>
<arg>${lst_delegate}</arg>
<doc>Runs the specified keyword and retries if it fails.</doc>
<kw name="Element Should Not Be Visible" library="SeleniumLibrary">
<arg>${lst_delegate}</arg>
<doc>Verifies that the element identified by ``locator`` is NOT visible.</doc>
<msg timestamp="20210701 11:40:51.071" level="INFO">Element 'id:delegateUserSelectControl-listbox' exists but is not displayed.</msg>
<status status="PASS" starttime="20210701 11:40:51.051" endtime="20210701 11:40:51.071"/>
</kw>
<status status="PASS" starttime="20210701 11:40:51.050" endtime="20210701 11:40:51.071"/>
</kw>
<kw name="Element Should Be Disabled" library="SeleniumLibrary">
<arg>${dlg_btn_delegate_add}</arg>
<doc>Verifies that element identified by ``locator`` is disabled.</doc>
<status status="PASS" starttime="20210701 11:40:51.071" endtime="20210701 11:40:51.092"/>
</kw>
<kw name="Click Button" library="SeleniumLibrary">
<arg>${dlg_btn_delegate_cancel}</arg>
<doc>Clicks the button identified by ``locator``.</doc>
<msg timestamp="20210701 11:40:51.093" level="INFO">Clicking button 'id:addDelegatesModalCancel'.</msg>
<status status="PASS" starttime="20210701 11:40:51.092" endtime="20210701 11:40:51.200"/>
</kw>
<status status="PASS" starttime="20210701 11:40:50.386" endtime="20210701 11:40:51.200"/>
</kw>
<status status="PASS" starttime="20210701 11:40:50.385" endtime="20210701 11:40:51.200"/>
</kw>
<status status="PASS" starttime="20210701 11:40:50.384" endtime="20210701 11:40:51.201"/>
</test>
<kw name="Log out" library="CPM_Delegate_Resources" type="TEARDOWN">
<kw name="Set Variable" library="BuiltIn">
<var>${usermenu}</var>
<arg>userMenu</arg>
<doc>Returns the given values which can then be assigned to a variables.</doc>
<msg timestamp="20210701 11:40:51.204" level="INFO">${usermenu} = userMenu</msg>
<status status="PASS" starttime="20210701 11:40:51.203" endtime="20210701 11:40:51.204"/>
</kw>
<kw name="Set Variable" library="BuiltIn">
<var>${logout}</var>
<arg>link-logout</arg>
<doc>Returns the given values which can then be assigned to a variables.</doc>
<msg timestamp="20210701 11:40:51.204" level="INFO">${logout} = link-logout</msg>
<status status="PASS" starttime="20210701 11:40:51.204" endtime="20210701 11:40:51.204"/>
</kw>
<kw name="Wait Until Keyword Succeeds" library="BuiltIn">
<arg>35 sec</arg>
<arg>5 sec</arg>
<arg>element should be visible</arg>
<arg>userMenu</arg>
<doc>Runs the specified keyword and retries if it fails.</doc>
<kw name="Element Should Be Visible" library="SeleniumLibrary">
<arg>userMenu</arg>
<doc>Verifies that the element identified by ``locator`` is visible.</doc>
<msg timestamp="20210701 11:40:51.238" level="INFO">Element 'userMenu' is displayed.</msg>
<status status="PASS" starttime="20210701 11:40:51.205" endtime="20210701 11:40:51.239"/>
</kw>
<status status="PASS" starttime="20210701 11:40:51.204" endtime="20210701 11:40:51.239"/>
</kw>
<kw name="Click Element" library="SeleniumLibrary">
<arg>${usermenu}</arg>
<doc>Click the element identified by ``locator``.</doc>
<msg timestamp="20210701 11:40:51.239" level="INFO">Clicking element 'userMenu'.</msg>
<status status="PASS" starttime="20210701 11:40:51.239" endtime="20210701 11:40:51.333"/>
</kw>
<kw name="Wait Until Keyword Succeeds" library="BuiltIn">
<arg>35 sec</arg>
<arg>5 sec</arg>
<arg>element should be visible</arg>
<arg>link-logout</arg>
<doc>Runs the specified keyword and retries if it fails.</doc>
<kw name="Element Should Be Visible" library="SeleniumLibrary">
<arg>link-logout</arg>
<doc>Verifies that the element identified by ``locator`` is visible.</doc>
<msg timestamp="20210701 11:40:51.387" level="INFO">Element 'link-logout' is displayed.</msg>
<status status="PASS" starttime="20210701 11:40:51.335" endtime="20210701 11:40:51.387"/>
</kw>
<status status="PASS" starttime="20210701 11:40:51.333" endtime="20210701 11:40:51.387"/>
</kw>
<kw name="Click Element" library="SeleniumLibrary">
<arg>${logout}</arg>
<doc>Click the element identified by ``locator``.</doc>
<msg timestamp="20210701 11:40:51.388" level="INFO">Clicking element 'link-logout'.</msg>
<status status="PASS" starttime="20210701 11:40:51.387" endtime="20210701 11:40:51.483"/>
</kw>
<kw name="Wait Until Keyword Succeeds" library="BuiltIn">
<arg>35 sec</arg>
<arg>5 sec</arg>
<arg>title should be</arg>
<arg>Lexmark Log In</arg>
<doc>Runs the specified keyword and retries if it fails.</doc>
<kw name="Title Should Be" library="SeleniumLibrary">
<arg>Lexmark Log In</arg>
<doc>Verifies that the current page title equals ``title``.</doc>
<kw name="Capture Page Screenshot" library="SeleniumLibrary">
<doc>Takes a screenshot of the current page and embeds it into a log file.</doc>
<msg timestamp="20210701 11:40:51.691" level="INFO" html="true">&lt;/td&gt;&lt;/tr&gt;&lt;tr&gt;&lt;td colspan="3"&gt;&lt;a href="selenium-screenshot-5.png"&gt;&lt;img src="selenium-screenshot-5.png" width="800px"&gt;&lt;/a&gt;</msg>
<status status="PASS" starttime="20210701 11:40:51.488" endtime="20210701 11:40:51.691"/>
</kw>
<msg timestamp="20210701 11:40:51.692" level="FAIL">Title should have been 'Lexmark Log In' but was 'Print Management | Lexmark Cloud Services'.</msg>
<status status="FAIL" starttime="20210701 11:40:51.483" endtime="20210701 11:40:51.693"/>
</kw>
<kw name="Title Should Be" library="SeleniumLibrary">
<arg>Lexmark Log In</arg>
<doc>Verifies that the current page title equals ``title``.</doc>
<msg timestamp="20210701 11:40:56.712" level="INFO">Page title is 'Lexmark Log In'.</msg>
<status status="PASS" starttime="20210701 11:40:56.695" endtime="20210701 11:40:56.712"/>
</kw>
<status status="PASS" starttime="20210701 11:40:51.483" endtime="20210701 11:40:56.713"/>
</kw>
<kw name="Close All Browsers" library="SeleniumLibrary">
<doc>Closes all open browsers and resets the browser cache.</doc>
<status status="PASS" starttime="20210701 11:40:56.713" endtime="20210701 11:40:59.405"/>
</kw>
<status status="PASS" starttime="20210701 11:40:51.203" endtime="20210701 11:40:59.405"/>
</kw>
<status status="PASS" starttime="20210701 11:40:10.812" endtime="20210701 11:40:59.406"/>
</suite>
<statistics>
<total>
<stat pass="4" fail="0" skip="0">All Tests</stat>
</total>
<tag>
</tag>
<suite>
<stat pass="4" fail="0" skip="0" id="s1" name="Delegate CPM TC2 Invalid">Delegate CPM TC2 Invalid</stat>
</suite>
</statistics>
<errors>
</errors>
</robot>
